2025-10-19 09:44:18.906 +02:00 [INF] User profile is available. Using 'C:\Users\Admin\AppData\Local\ASP.NET\DataProtection-Keys' as key repository and Windows DPAPI to encrypt keys at rest.
2025-10-19 09:44:19.254 +02:00 [INF] Now listening on: https://localhost:7064
2025-10-19 09:44:19.259 +02:00 [INF] Now listening on: http://localhost:5185
2025-10-19 09:44:19.271 +02:00 [INF] Application started. Press Ctrl+C to shut down.
2025-10-19 09:44:19.277 +02:00 [INF] Hosting environment: Development
2025-10-19 09:44:19.282 +02:00 [INF] Content root path: C:\Users\Admin\OneDrive - OsloMet\FAMExam\ITPE3200FAM
2025-10-19 09:44:19.731 +02:00 [INF] Request starting HTTP/1.1 GET http://localhost:5185/home/index - null null
2025-10-19 09:44:19.778 +02:00 [INF] Executing endpoint 'ITPE3200FAM.Controllers.HomeController.Index (ITPE3200FAM)'
2025-10-19 09:44:19.850 +02:00 [INF] Route matched with {action = "Index", controller = "Home"}. Executing controller action with signature Microsoft.AspNetCore.Mvc.IActionResult Index() on controller ITPE3200FAM.Controllers.HomeController (ITPE3200FAM).
2025-10-19 09:44:19.868 +02:00 [INF] Executing ViewResult, running view Index.
2025-10-19 09:44:19.980 +02:00 [INF] Executed ViewResult - view Index executed in 116.5244ms.
2025-10-19 09:44:19.987 +02:00 [INF] Executed action ITPE3200FAM.Controllers.HomeController.Index (ITPE3200FAM) in 135.2267ms
2025-10-19 09:44:19.987 +02:00 [INF] Executed endpoint 'ITPE3200FAM.Controllers.HomeController.Index (ITPE3200FAM)'
2025-10-19 09:44:19.993 +02:00 [INF] Request finished HTTP/1.1 GET http://localhost:5185/home/index - 200 null text/html; charset=utf-8 264.0432ms
2025-10-19 09:44:20.015 +02:00 [INF] Request starting HTTP/1.1 GET http://localhost:5185/js/jquery.min.js - null null
2025-10-19 09:44:20.015 +02:00 [INF] Request starting HTTP/1.1 GET http://localhost:5185/js/bootstrap.js - null null
2025-10-19 09:44:20.103 +02:00 [INF] Sending file. Request path: '/js/jquery.min.js'. Physical path: 'C:\Users\Admin\OneDrive - OsloMet\FAMExam\ITPE3200FAM\wwwroot\js\jquery.min.js'
2025-10-19 09:44:20.103 +02:00 [INF] Sending file. Request path: '/js/bootstrap.js'. Physical path: 'C:\Users\Admin\OneDrive - OsloMet\FAMExam\ITPE3200FAM\wwwroot\js\bootstrap.js'
2025-10-19 09:44:20.105 +02:00 [INF] Request finished HTTP/1.1 GET http://localhost:5185/js/jquery.min.js - 200 87535 text/javascript 89.792ms
2025-10-19 09:44:20.105 +02:00 [INF] Request finished HTTP/1.1 GET http://localhost:5185/js/bootstrap.js - 200 149968 text/javascript 89.7116ms
2025-10-19 09:44:20.310 +02:00 [INF] Request starting HTTP/1.1 GET http://localhost:5185/favicon.ico - null null
2025-10-19 09:44:20.314 +02:00 [INF] Request finished HTTP/1.1 GET http://localhost:5185/favicon.ico - 404 0 null 4.2376ms
2025-10-19 09:44:20.316 +02:00 [INF] Request reached the end of the middleware pipeline without being handled by application code. Request path: GET http://localhost:5185/favicon.ico, Response status code: 404
2025-10-19 09:44:23.257 +02:00 [INF] Request starting HTTP/1.1 GET http://localhost:5185/Quiz - null null
2025-10-19 09:44:23.257 +02:00 [INF] Executing endpoint 'ITPE3200FAM.Controllers.QuizController.Index (ITPE3200FAM)'
2025-10-19 09:44:23.270 +02:00 [INF] Route matched with {action = "Index", controller = "Quiz"}. Executing controller action with signature System.Threading.Tasks.Task`1[Microsoft.AspNetCore.Mvc.IActionResult] Index() on controller ITPE3200FAM.Controllers.QuizController (ITPE3200FAM).
2025-10-19 09:44:24.953 +02:00 [WRN] Compiling a query which loads related collections for more than one collection navigation, either via 'Include' or through projection, but no 'QuerySplittingBehavior' has been configured. By default, Entity Framework will use 'QuerySplittingBehavior.SingleQuery', which can potentially result in slow query performance. See https://go.microsoft.com/fwlink/?linkid=2134277 for more information. To identify the query that's triggering this warning call 'ConfigureWarnings(w => w.Throw(RelationalEventId.MultipleCollectionIncludeWarning))'.
2025-10-19 09:44:25.277 +02:00 [INF] Executing ViewResult, running view Index.
2025-10-19 09:44:25.291 +02:00 [INF] Executed ViewResult - view Index executed in 15.1618ms.
2025-10-19 09:44:25.291 +02:00 [INF] Executed action ITPE3200FAM.Controllers.QuizController.Index (ITPE3200FAM) in 2021.0858ms
2025-10-19 09:44:25.291 +02:00 [INF] Executed endpoint 'ITPE3200FAM.Controllers.QuizController.Index (ITPE3200FAM)'
2025-10-19 09:44:25.301 +02:00 [INF] Request finished HTTP/1.1 GET http://localhost:5185/Quiz - 200 null text/html; charset=utf-8 2043.914ms
2025-10-19 09:44:27.520 +02:00 [INF] Request starting HTTP/1.1 GET http://localhost:5185/TakeQuiz - null null
2025-10-19 09:44:27.521 +02:00 [INF] Executing endpoint 'ITPE3200FAM.Controllers.TakeQuizController.Index (ITPE3200FAM)'
2025-10-19 09:44:27.528 +02:00 [INF] Route matched with {action = "Index", controller = "TakeQuiz"}. Executing controller action with signature System.Threading.Tasks.Task`1[Microsoft.AspNetCore.Mvc.IActionResult] Index() on controller ITPE3200FAM.Controllers.TakeQuizController (ITPE3200FAM).
2025-10-19 09:44:27.573 +02:00 [INF] Executing ViewResult, running view Index.
2025-10-19 09:44:27.580 +02:00 [INF] Executed ViewResult - view Index executed in 7.8114ms.
2025-10-19 09:44:27.580 +02:00 [INF] Executed action ITPE3200FAM.Controllers.TakeQuizController.Index (ITPE3200FAM) in 51.5553ms
2025-10-19 09:44:27.580 +02:00 [INF] Executed endpoint 'ITPE3200FAM.Controllers.TakeQuizController.Index (ITPE3200FAM)'
2025-10-19 09:44:27.583 +02:00 [INF] Request finished HTTP/1.1 GET http://localhost:5185/TakeQuiz - 200 null text/html; charset=utf-8 62.3654ms
2025-10-19 09:44:32.199 +02:00 [INF] Request starting HTTP/1.1 GET http://localhost:5185/TakeQuiz/Attempts/42 - null null
2025-10-19 09:44:32.201 +02:00 [INF] Executing endpoint 'ITPE3200FAM.Controllers.TakeQuizController.Attempts (ITPE3200FAM)'
2025-10-19 09:44:32.221 +02:00 [INF] Route matched with {action = "Attempts", controller = "TakeQuiz"}. Executing controller action with signature System.Threading.Tasks.Task`1[Microsoft.AspNetCore.Mvc.IActionResult] Attempts(Int32) on controller ITPE3200FAM.Controllers.TakeQuizController (ITPE3200FAM).
2025-10-19 09:44:32.377 +02:00 [WRN] Compiling a query which loads related collections for more than one collection navigation, either via 'Include' or through projection, but no 'QuerySplittingBehavior' has been configured. By default, Entity Framework will use 'QuerySplittingBehavior.SingleQuery', which can potentially result in slow query performance. See https://go.microsoft.com/fwlink/?linkid=2134277 for more information. To identify the query that's triggering this warning call 'ConfigureWarnings(w => w.Throw(RelationalEventId.MultipleCollectionIncludeWarning))'.
2025-10-19 09:44:32.439 +02:00 [INF] Executing ViewResult, running view Attempts.
2025-10-19 09:44:32.455 +02:00 [INF] Executed ViewResult - view Attempts executed in 18.0221ms.
2025-10-19 09:44:32.455 +02:00 [INF] Executed action ITPE3200FAM.Controllers.TakeQuizController.Attempts (ITPE3200FAM) in 233.8679ms
2025-10-19 09:44:32.455 +02:00 [INF] Executed endpoint 'ITPE3200FAM.Controllers.TakeQuizController.Attempts (ITPE3200FAM)'
2025-10-19 09:44:32.456 +02:00 [INF] Request finished HTTP/1.1 GET http://localhost:5185/TakeQuiz/Attempts/42 - 200 null text/html; charset=utf-8 256.2976ms
2025-10-19 09:44:33.886 +02:00 [INF] Request starting HTTP/1.1 GET http://localhost:5185/TakeQuiz - null null
2025-10-19 09:44:33.887 +02:00 [INF] Executing endpoint 'ITPE3200FAM.Controllers.TakeQuizController.Index (ITPE3200FAM)'
2025-10-19 09:44:33.887 +02:00 [INF] Route matched with {action = "Index", controller = "TakeQuiz"}. Executing controller action with signature System.Threading.Tasks.Task`1[Microsoft.AspNetCore.Mvc.IActionResult] Index() on controller ITPE3200FAM.Controllers.TakeQuizController (ITPE3200FAM).
2025-10-19 09:44:33.896 +02:00 [INF] Executing ViewResult, running view Index.
2025-10-19 09:44:33.899 +02:00 [INF] Executed ViewResult - view Index executed in 2.3171ms.
2025-10-19 09:44:33.899 +02:00 [INF] Executed action ITPE3200FAM.Controllers.TakeQuizController.Index (ITPE3200FAM) in 11.8061ms
2025-10-19 09:44:33.899 +02:00 [INF] Executed endpoint 'ITPE3200FAM.Controllers.TakeQuizController.Index (ITPE3200FAM)'
2025-10-19 09:44:33.899 +02:00 [INF] Request finished HTTP/1.1 GET http://localhost:5185/TakeQuiz - 200 null text/html; charset=utf-8 13.4064ms
2025-10-19 09:44:35.411 +02:00 [INF] Request starting HTTP/1.1 GET http://localhost:5185/Quiz - null null
2025-10-19 09:44:35.411 +02:00 [INF] Executing endpoint 'ITPE3200FAM.Controllers.QuizController.Index (ITPE3200FAM)'
2025-10-19 09:44:35.412 +02:00 [INF] Route matched with {action = "Index", controller = "Quiz"}. Executing controller action with signature System.Threading.Tasks.Task`1[Microsoft.AspNetCore.Mvc.IActionResult] Index() on controller ITPE3200FAM.Controllers.QuizController (ITPE3200FAM).
2025-10-19 09:44:35.425 +02:00 [INF] Executing ViewResult, running view Index.
2025-10-19 09:44:35.428 +02:00 [INF] Executed ViewResult - view Index executed in 2.6666ms.
2025-10-19 09:44:35.428 +02:00 [INF] Executed action ITPE3200FAM.Controllers.QuizController.Index (ITPE3200FAM) in 16.1828ms
2025-10-19 09:44:35.428 +02:00 [INF] Executed endpoint 'ITPE3200FAM.Controllers.QuizController.Index (ITPE3200FAM)'
2025-10-19 09:44:35.429 +02:00 [INF] Request finished HTTP/1.1 GET http://localhost:5185/Quiz - 200 null text/html; charset=utf-8 17.8797ms
