2025-10-17 11:43:55.010 +02:00 [INF] User profile is available. Using 'C:\Users\Aliza Mudassar\AppData\Local\ASP.NET\DataProtection-Keys' as key repository and Windows DPAPI to encrypt keys at rest.
2025-10-17 11:43:55.257 +02:00 [INF] Now listening on: http://localhost:5185
2025-10-17 11:43:55.278 +02:00 [INF] Application started. Press Ctrl+C to shut down.
2025-10-17 11:43:55.280 +02:00 [INF] Hosting environment: Development
2025-10-17 11:43:55.280 +02:00 [INF] Content root path: C:\Users\Aliza Mudassar\OneDrive - OsloMet\webapplikasjoner\ITPE3200FAM
2025-10-17 11:43:58.595 +02:00 [INF] Request starting HTTP/1.1 GET http://localhost:5185/ - null null
2025-10-17 11:43:58.633 +02:00 [INF] Executing endpoint 'ITPE3200FAM.Controllers.HomeController.Index (ITPE3200FAM)'
2025-10-17 11:43:58.674 +02:00 [INF] Route matched with {action = "Index", controller = "Home"}. Executing controller action with signature Microsoft.AspNetCore.Mvc.IActionResult Index() on controller ITPE3200FAM.Controllers.HomeController (ITPE3200FAM).
2025-10-17 11:43:58.687 +02:00 [INF] Executing ViewResult, running view Index.
2025-10-17 11:43:58.744 +02:00 [INF] Executed ViewResult - view Index executed in 58.9278ms.
2025-10-17 11:43:58.749 +02:00 [INF] Executed action ITPE3200FAM.Controllers.HomeController.Index (ITPE3200FAM) in 73.6355ms
2025-10-17 11:43:58.749 +02:00 [INF] Executed endpoint 'ITPE3200FAM.Controllers.HomeController.Index (ITPE3200FAM)'
2025-10-17 11:43:58.757 +02:00 [INF] Request finished HTTP/1.1 GET http://localhost:5185/ - 200 null text/html; charset=utf-8 165.844ms
2025-10-17 11:43:58.764 +02:00 [INF] Request starting HTTP/1.1 GET http://localhost:5185/js/jquery.min.js - null null
2025-10-17 11:43:58.768 +02:00 [INF] Request starting HTTP/1.1 GET http://localhost:5185/js/bootstrap.js - null null
2025-10-17 11:43:58.773 +02:00 [INF] The file /js/jquery.min.js was not modified
2025-10-17 11:43:58.773 +02:00 [INF] The file /js/bootstrap.js was not modified
2025-10-17 11:43:58.774 +02:00 [INF] Request finished HTTP/1.1 GET http://localhost:5185/js/jquery.min.js - 304 null text/javascript 10.9335ms
2025-10-17 11:43:58.774 +02:00 [INF] Request finished HTTP/1.1 GET http://localhost:5185/js/bootstrap.js - 304 null text/javascript 6.4122ms
2025-10-17 11:44:02.757 +02:00 [INF] Request starting HTTP/1.1 GET http://localhost:5185/Quiz/Create - null null
2025-10-17 11:44:02.762 +02:00 [INF] Executing endpoint 'ITPE3200FAM.Controllers.QuizController.Create (ITPE3200FAM)'
2025-10-17 11:44:02.771 +02:00 [INF] Route matched with {action = "Create", controller = "Quiz"}. Executing controller action with signature Microsoft.AspNetCore.Mvc.IActionResult Create() on controller ITPE3200FAM.Controllers.QuizController (ITPE3200FAM).
2025-10-17 11:44:02.936 +02:00 [INF] Executing ViewResult, running view Create.
2025-10-17 11:44:02.974 +02:00 [INF] Executed ViewResult - view Create executed in 38.677ms.
2025-10-17 11:44:02.975 +02:00 [INF] Executed action ITPE3200FAM.Controllers.QuizController.Create (ITPE3200FAM) in 203.2732ms
2025-10-17 11:44:02.975 +02:00 [INF] Executed endpoint 'ITPE3200FAM.Controllers.QuizController.Create (ITPE3200FAM)'
2025-10-17 11:44:02.977 +02:00 [INF] Request finished HTTP/1.1 GET http://localhost:5185/Quiz/Create - 200 null text/html; charset=utf-8 219.9632ms
2025-10-17 11:44:08.614 +02:00 [INF] Request starting HTTP/1.1 GET http://localhost:5185/Quiz - null null
2025-10-17 11:44:08.614 +02:00 [INF] Executing endpoint 'ITPE3200FAM.Controllers.QuizController.Index (ITPE3200FAM)'
2025-10-17 11:44:08.628 +02:00 [INF] Route matched with {action = "Index", controller = "Quiz"}. Executing controller action with signature System.Threading.Tasks.Task`1[Microsoft.AspNetCore.Mvc.IActionResult] Index() on controller ITPE3200FAM.Controllers.QuizController (ITPE3200FAM).
2025-10-17 11:44:09.857 +02:00 [WRN] Compiling a query which loads related collections for more than one collection navigation, either via 'Include' or through projection, but no 'QuerySplittingBehavior' has been configured. By default, Entity Framework will use 'QuerySplittingBehavior.SingleQuery', which can potentially result in slow query performance. See https://go.microsoft.com/fwlink/?linkid=2134277 for more information. To identify the query that's triggering this warning call 'ConfigureWarnings(w => w.Throw(RelationalEventId.MultipleCollectionIncludeWarning))'.
2025-10-17 11:44:10.101 +02:00 [INF] Executing ViewResult, running view Index.
2025-10-17 11:44:10.110 +02:00 [INF] Executed ViewResult - view Index executed in 9.6256ms.
2025-10-17 11:44:10.110 +02:00 [INF] Executed action ITPE3200FAM.Controllers.QuizController.Index (ITPE3200FAM) in 1481.7537ms
2025-10-17 11:44:10.110 +02:00 [INF] Executed endpoint 'ITPE3200FAM.Controllers.QuizController.Index (ITPE3200FAM)'
2025-10-17 11:44:10.116 +02:00 [INF] Request finished HTTP/1.1 GET http://localhost:5185/Quiz - 200 null text/html; charset=utf-8 1502.9234ms
2025-10-17 11:44:19.251 +02:00 [INF] Request starting HTTP/1.1 GET http://localhost:5185/TakeQuiz - null null
2025-10-17 11:44:19.252 +02:00 [INF] Executing endpoint 'ITPE3200FAM.Controllers.TakeQuizController.Index (ITPE3200FAM)'
2025-10-17 11:44:19.257 +02:00 [INF] Route matched with {action = "Index", controller = "TakeQuiz"}. Executing controller action with signature System.Threading.Tasks.Task`1[Microsoft.AspNetCore.Mvc.IActionResult] Index() on controller ITPE3200FAM.Controllers.TakeQuizController (ITPE3200FAM).
2025-10-17 11:44:19.278 +02:00 [INF] Executing ViewResult, running view Index.
2025-10-17 11:44:19.286 +02:00 [INF] Executed ViewResult - view Index executed in 8.3683ms.
2025-10-17 11:44:19.287 +02:00 [INF] Executed action ITPE3200FAM.Controllers.TakeQuizController.Index (ITPE3200FAM) in 29.4283ms
2025-10-17 11:44:19.287 +02:00 [INF] Executed endpoint 'ITPE3200FAM.Controllers.TakeQuizController.Index (ITPE3200FAM)'
2025-10-17 11:44:19.287 +02:00 [INF] Request finished HTTP/1.1 GET http://localhost:5185/TakeQuiz - 200 null text/html; charset=utf-8 35.9253ms
2025-10-17 11:44:21.880 +02:00 [INF] Request starting HTTP/1.1 GET http://localhost:5185/TakeQuiz/Attempts/43 - null null
2025-10-17 11:44:21.884 +02:00 [INF] Executing endpoint 'ITPE3200FAM.Controllers.TakeQuizController.Attempts (ITPE3200FAM)'
2025-10-17 11:44:21.893 +02:00 [INF] Route matched with {action = "Attempts", controller = "TakeQuiz"}. Executing controller action with signature System.Threading.Tasks.Task`1[Microsoft.AspNetCore.Mvc.IActionResult] Attempts(Int32) on controller ITPE3200FAM.Controllers.TakeQuizController (ITPE3200FAM).
2025-10-17 11:44:21.993 +02:00 [WRN] Compiling a query which loads related collections for more than one collection navigation, either via 'Include' or through projection, but no 'QuerySplittingBehavior' has been configured. By default, Entity Framework will use 'QuerySplittingBehavior.SingleQuery', which can potentially result in slow query performance. See https://go.microsoft.com/fwlink/?linkid=2134277 for more information. To identify the query that's triggering this warning call 'ConfigureWarnings(w => w.Throw(RelationalEventId.MultipleCollectionIncludeWarning))'.
2025-10-17 11:44:22.026 +02:00 [INF] Executing ViewResult, running view Attempts.
2025-10-17 11:44:22.033 +02:00 [INF] Executed ViewResult - view Attempts executed in 7.2252ms.
2025-10-17 11:44:22.033 +02:00 [INF] Executed action ITPE3200FAM.Controllers.TakeQuizController.Attempts (ITPE3200FAM) in 140.3284ms
2025-10-17 11:44:22.034 +02:00 [INF] Executed endpoint 'ITPE3200FAM.Controllers.TakeQuizController.Attempts (ITPE3200FAM)'
2025-10-17 11:44:22.034 +02:00 [INF] Request finished HTTP/1.1 GET http://localhost:5185/TakeQuiz/Attempts/43 - 200 null text/html; charset=utf-8 154.1124ms
2025-10-17 11:44:24.402 +02:00 [INF] Request starting HTTP/1.1 GET http://localhost:5185/TakeQuiz - null null
2025-10-17 11:44:24.402 +02:00 [INF] Executing endpoint 'ITPE3200FAM.Controllers.TakeQuizController.Index (ITPE3200FAM)'
2025-10-17 11:44:24.402 +02:00 [INF] Route matched with {action = "Index", controller = "TakeQuiz"}. Executing controller action with signature System.Threading.Tasks.Task`1[Microsoft.AspNetCore.Mvc.IActionResult] Index() on controller ITPE3200FAM.Controllers.TakeQuizController (ITPE3200FAM).
2025-10-17 11:44:24.411 +02:00 [INF] Executing ViewResult, running view Index.
2025-10-17 11:44:24.417 +02:00 [INF] Executed ViewResult - view Index executed in 5.5401ms.
2025-10-17 11:44:24.417 +02:00 [INF] Executed action ITPE3200FAM.Controllers.TakeQuizController.Index (ITPE3200FAM) in 14.2265ms
2025-10-17 11:44:24.417 +02:00 [INF] Executed endpoint 'ITPE3200FAM.Controllers.TakeQuizController.Index (ITPE3200FAM)'
2025-10-17 11:44:24.417 +02:00 [INF] Request finished HTTP/1.1 GET http://localhost:5185/TakeQuiz - 200 null text/html; charset=utf-8 15.7953ms
2025-10-17 11:44:25.964 +02:00 [INF] Request starting HTTP/1.1 GET http://localhost:5185/TakeQuiz/Attempts/27 - null null
2025-10-17 11:44:25.965 +02:00 [INF] Executing endpoint 'ITPE3200FAM.Controllers.TakeQuizController.Attempts (ITPE3200FAM)'
2025-10-17 11:44:25.965 +02:00 [INF] Route matched with {action = "Attempts", controller = "TakeQuiz"}. Executing controller action with signature System.Threading.Tasks.Task`1[Microsoft.AspNetCore.Mvc.IActionResult] Attempts(Int32) on controller ITPE3200FAM.Controllers.TakeQuizController (ITPE3200FAM).
2025-10-17 11:44:25.971 +02:00 [INF] Executing ViewResult, running view Attempts.
2025-10-17 11:44:25.972 +02:00 [INF] Executed ViewResult - view Attempts executed in 1.6362ms.
2025-10-17 11:44:25.973 +02:00 [INF] Executed action ITPE3200FAM.Controllers.TakeQuizController.Attempts (ITPE3200FAM) in 7.5329ms
2025-10-17 11:44:25.973 +02:00 [INF] Executed endpoint 'ITPE3200FAM.Controllers.TakeQuizController.Attempts (ITPE3200FAM)'
2025-10-17 11:44:25.973 +02:00 [INF] Request finished HTTP/1.1 GET http://localhost:5185/TakeQuiz/Attempts/27 - 200 null text/html; charset=utf-8 9.2313ms
2025-10-17 11:44:29.179 +02:00 [INF] Request starting HTTP/1.1 GET http://localhost:5185/TakeQuiz - null null
2025-10-17 11:44:29.179 +02:00 [INF] Executing endpoint 'ITPE3200FAM.Controllers.TakeQuizController.Index (ITPE3200FAM)'
2025-10-17 11:44:29.179 +02:00 [INF] Route matched with {action = "Index", controller = "TakeQuiz"}. Executing controller action with signature System.Threading.Tasks.Task`1[Microsoft.AspNetCore.Mvc.IActionResult] Index() on controller ITPE3200FAM.Controllers.TakeQuizController (ITPE3200FAM).
2025-10-17 11:44:29.182 +02:00 [INF] Executing ViewResult, running view Index.
2025-10-17 11:44:29.184 +02:00 [INF] Executed ViewResult - view Index executed in 1.7242ms.
2025-10-17 11:44:29.184 +02:00 [INF] Executed action ITPE3200FAM.Controllers.TakeQuizController.Index (ITPE3200FAM) in 5.0108ms
2025-10-17 11:44:29.184 +02:00 [INF] Executed endpoint 'ITPE3200FAM.Controllers.TakeQuizController.Index (ITPE3200FAM)'
2025-10-17 11:44:29.185 +02:00 [INF] Request finished HTTP/1.1 GET http://localhost:5185/TakeQuiz - 200 null text/html; charset=utf-8 6.2134ms
2025-10-17 11:44:31.837 +02:00 [INF] Request starting HTTP/1.1 GET http://localhost:5185/TakeQuiz/Take/43 - null null
2025-10-17 11:44:31.838 +02:00 [INF] Executing endpoint 'ITPE3200FAM.Controllers.TakeQuizController.Take (ITPE3200FAM)'
2025-10-17 11:44:31.848 +02:00 [INF] Route matched with {action = "Take", controller = "TakeQuiz"}. Executing controller action with signature System.Threading.Tasks.Task`1[Microsoft.AspNetCore.Mvc.IActionResult] Take(Int32) on controller ITPE3200FAM.Controllers.TakeQuizController (ITPE3200FAM).
2025-10-17 11:44:31.873 +02:00 [WRN] Compiling a query which loads related collections for more than one collection navigation, either via 'Include' or through projection, but no 'QuerySplittingBehavior' has been configured. By default, Entity Framework will use 'QuerySplittingBehavior.SingleQuery', which can potentially result in slow query performance. See https://go.microsoft.com/fwlink/?linkid=2134277 for more information. To identify the query that's triggering this warning call 'ConfigureWarnings(w => w.Throw(RelationalEventId.MultipleCollectionIncludeWarning))'.
2025-10-17 11:44:31.882 +02:00 [INF] Executing ViewResult, running view Take.
2025-10-17 11:44:31.898 +02:00 [INF] Executed ViewResult - view Take executed in 17.2933ms.
2025-10-17 11:44:31.898 +02:00 [INF] Executed action ITPE3200FAM.Controllers.TakeQuizController.Take (ITPE3200FAM) in 49.3385ms
2025-10-17 11:44:31.898 +02:00 [INF] Executed endpoint 'ITPE3200FAM.Controllers.TakeQuizController.Take (ITPE3200FAM)'
2025-10-17 11:44:31.898 +02:00 [INF] Request finished HTTP/1.1 GET http://localhost:5185/TakeQuiz/Take/43 - 200 null text/html; charset=utf-8 60.5606ms
2025-10-17 11:44:38.905 +02:00 [INF] Request starting HTTP/1.1 POST http://localhost:5185/TakeQuiz/Submit - application/x-www-form-urlencoded 227
2025-10-17 11:44:38.910 +02:00 [INF] Executing endpoint 'ITPE3200FAM.Controllers.TakeQuizController.Submit (ITPE3200FAM)'
2025-10-17 11:44:38.923 +02:00 [INF] Route matched with {action = "Submit", controller = "TakeQuiz"}. Executing controller action with signature System.Threading.Tasks.Task`1[Microsoft.AspNetCore.Mvc.IActionResult] Submit(Int32, System.String, System.Collections.Generic.Dictionary`2[System.String,System.String]) on controller ITPE3200FAM.Controllers.TakeQuizController (ITPE3200FAM).
2025-10-17 11:44:38.970 +02:00 [INF] Executing ViewResult, running view Result.
2025-10-17 11:44:38.975 +02:00 [INF] Executed ViewResult - view Result executed in 5.0086ms.
2025-10-17 11:44:38.975 +02:00 [INF] Executed action ITPE3200FAM.Controllers.TakeQuizController.Submit (ITPE3200FAM) in 51.5492ms
2025-10-17 11:44:38.975 +02:00 [INF] Executed endpoint 'ITPE3200FAM.Controllers.TakeQuizController.Submit (ITPE3200FAM)'
2025-10-17 11:44:38.975 +02:00 [INF] Request finished HTTP/1.1 POST http://localhost:5185/TakeQuiz/Submit - 200 null text/html; charset=utf-8 69.8172ms
2025-10-17 11:44:41.435 +02:00 [INF] Request starting HTTP/1.1 POST http://localhost:5185/TakeQuiz/SaveAttempt - application/x-www-form-urlencoded 215
2025-10-17 11:44:41.436 +02:00 [INF] Executing endpoint 'ITPE3200FAM.Controllers.TakeQuizController.SaveAttempt (ITPE3200FAM)'
2025-10-17 11:44:41.443 +02:00 [INF] Route matched with {action = "SaveAttempt", controller = "TakeQuiz"}. Executing controller action with signature System.Threading.Tasks.Task`1[Microsoft.AspNetCore.Mvc.IActionResult] SaveAttempt(Int32, System.String, Int32) on controller ITPE3200FAM.Controllers.TakeQuizController (ITPE3200FAM).
2025-10-17 11:44:41.587 +02:00 [INF] Executing RedirectResult, redirecting to /TakeQuiz.
2025-10-17 11:44:41.587 +02:00 [INF] Executed action ITPE3200FAM.Controllers.TakeQuizController.SaveAttempt (ITPE3200FAM) in 144.5541ms
2025-10-17 11:44:41.587 +02:00 [INF] Executed endpoint 'ITPE3200FAM.Controllers.TakeQuizController.SaveAttempt (ITPE3200FAM)'
2025-10-17 11:44:41.588 +02:00 [INF] Request finished HTTP/1.1 POST http://localhost:5185/TakeQuiz/SaveAttempt - 302 0 null 152.1771ms
2025-10-17 11:44:41.596 +02:00 [INF] Request starting HTTP/1.1 GET http://localhost:5185/TakeQuiz - null null
2025-10-17 11:44:41.596 +02:00 [INF] Executing endpoint 'ITPE3200FAM.Controllers.TakeQuizController.Index (ITPE3200FAM)'
2025-10-17 11:44:41.596 +02:00 [INF] Route matched with {action = "Index", controller = "TakeQuiz"}. Executing controller action with signature System.Threading.Tasks.Task`1[Microsoft.AspNetCore.Mvc.IActionResult] Index() on controller ITPE3200FAM.Controllers.TakeQuizController (ITPE3200FAM).
2025-10-17 11:44:41.599 +02:00 [INF] Executing ViewResult, running view Index.
2025-10-17 11:44:41.600 +02:00 [INF] Executed ViewResult - view Index executed in 0.6547ms.
2025-10-17 11:44:41.600 +02:00 [INF] Executed action ITPE3200FAM.Controllers.TakeQuizController.Index (ITPE3200FAM) in 3.5844ms
2025-10-17 11:44:41.600 +02:00 [INF] Executed endpoint 'ITPE3200FAM.Controllers.TakeQuizController.Index (ITPE3200FAM)'
2025-10-17 11:44:41.600 +02:00 [INF] Request finished HTTP/1.1 GET http://localhost:5185/TakeQuiz - 200 null text/html; charset=utf-8 4.197ms
2025-10-17 11:44:42.868 +02:00 [INF] Request starting HTTP/1.1 GET http://localhost:5185/TakeQuiz/Attempts/43 - null null
2025-10-17 11:44:42.868 +02:00 [INF] Executing endpoint 'ITPE3200FAM.Controllers.TakeQuizController.Attempts (ITPE3200FAM)'
2025-10-17 11:44:42.868 +02:00 [INF] Route matched with {action = "Attempts", controller = "TakeQuiz"}. Executing controller action with signature System.Threading.Tasks.Task`1[Microsoft.AspNetCore.Mvc.IActionResult] Attempts(Int32) on controller ITPE3200FAM.Controllers.TakeQuizController (ITPE3200FAM).
2025-10-17 11:44:42.871 +02:00 [INF] Executing ViewResult, running view Attempts.
2025-10-17 11:44:42.873 +02:00 [INF] Executed ViewResult - view Attempts executed in 1.8238ms.
2025-10-17 11:44:42.873 +02:00 [INF] Executed action ITPE3200FAM.Controllers.TakeQuizController.Attempts (ITPE3200FAM) in 4.9903ms
2025-10-17 11:44:42.873 +02:00 [INF] Executed endpoint 'ITPE3200FAM.Controllers.TakeQuizController.Attempts (ITPE3200FAM)'
2025-10-17 11:44:42.873 +02:00 [INF] Request finished HTTP/1.1 GET http://localhost:5185/TakeQuiz/Attempts/43 - 200 null text/html; charset=utf-8 5.7458ms
2025-10-17 11:44:45.842 +02:00 [INF] Request starting HTTP/1.1 GET http://localhost:5185/TakeQuiz - null null
2025-10-17 11:44:45.842 +02:00 [INF] Executing endpoint 'ITPE3200FAM.Controllers.TakeQuizController.Index (ITPE3200FAM)'
2025-10-17 11:44:45.842 +02:00 [INF] Route matched with {action = "Index", controller = "TakeQuiz"}. Executing controller action with signature System.Threading.Tasks.Task`1[Microsoft.AspNetCore.Mvc.IActionResult] Index() on controller ITPE3200FAM.Controllers.TakeQuizController (ITPE3200FAM).
2025-10-17 11:44:45.849 +02:00 [INF] Executing ViewResult, running view Index.
2025-10-17 11:44:45.850 +02:00 [INF] Executed ViewResult - view Index executed in 1.4925ms.
2025-10-17 11:44:45.850 +02:00 [INF] Executed action ITPE3200FAM.Controllers.TakeQuizController.Index (ITPE3200FAM) in 7.8252ms
2025-10-17 11:44:45.850 +02:00 [INF] Executed endpoint 'ITPE3200FAM.Controllers.TakeQuizController.Index (ITPE3200FAM)'
2025-10-17 11:44:45.850 +02:00 [INF] Request finished HTTP/1.1 GET http://localhost:5185/TakeQuiz - 200 null text/html; charset=utf-8 8.482ms
2025-10-17 11:46:47.097 +02:00 [INF] Application is shutting down...
