2025-10-19 13:16:54.240 +02:00 [INF] User profile is available. Using 'C:\Users\Admin\AppData\Local\ASP.NET\DataProtection-Keys' as key repository and Windows DPAPI to encrypt keys at rest.
2025-10-19 13:16:54.581 +02:00 [INF] Now listening on: https://localhost:7064
2025-10-19 13:16:54.589 +02:00 [INF] Now listening on: http://localhost:5185
2025-10-19 13:16:54.607 +02:00 [INF] Application started. Press Ctrl+C to shut down.
2025-10-19 13:16:54.618 +02:00 [INF] Hosting environment: Development
2025-10-19 13:16:54.626 +02:00 [INF] Content root path: C:\Users\Admin\OneDrive - OsloMet\FAMExam\ITPE3200FAM
2025-10-19 13:16:55.826 +02:00 [INF] Request starting HTTP/1.1 GET http://localhost:5185/home/index - null null
2025-10-19 13:16:55.893 +02:00 [INF] Executing endpoint 'ITPE3200FAM.Controllers.HomeController.Index (ITPE3200FAM)'
2025-10-19 13:16:55.982 +02:00 [INF] Route matched with {action = "Index", controller = "Home"}. Executing controller action with signature Microsoft.AspNetCore.Mvc.IActionResult Index() on controller ITPE3200FAM.Controllers.HomeController (ITPE3200FAM).
2025-10-19 13:16:56.016 +02:00 [INF] Executing ViewResult, running view Index.
2025-10-19 13:16:56.228 +02:00 [INF] Executed ViewResult - view Index executed in 227.4779ms.
2025-10-19 13:16:56.236 +02:00 [INF] Executed action ITPE3200FAM.Controllers.HomeController.Index (ITPE3200FAM) in 251.9827ms
2025-10-19 13:16:56.237 +02:00 [INF] Executed endpoint 'ITPE3200FAM.Controllers.HomeController.Index (ITPE3200FAM)'
2025-10-19 13:16:56.245 +02:00 [INF] Request finished HTTP/1.1 GET http://localhost:5185/home/index - 200 null text/html; charset=utf-8 422.3827ms
2025-10-19 13:16:56.759 +02:00 [INF] Request starting HTTP/1.1 GET http://localhost:5185/favicon.ico - null null
2025-10-19 13:16:56.764 +02:00 [INF] Request finished HTTP/1.1 GET http://localhost:5185/favicon.ico - 404 0 null 5.0644ms
2025-10-19 13:16:56.767 +02:00 [INF] Request reached the end of the middleware pipeline without being handled by application code. Request path: GET http://localhost:5185/favicon.ico, Response status code: 404
2025-10-19 13:16:59.239 +02:00 [INF] Request starting HTTP/1.1 GET http://localhost:5185/Quiz - null null
2025-10-19 13:16:59.240 +02:00 [INF] Executing endpoint 'ITPE3200FAM.Controllers.QuizController.Index (ITPE3200FAM)'
2025-10-19 13:16:59.251 +02:00 [INF] Route matched with {action = "Index", controller = "Quiz"}. Executing controller action with signature System.Threading.Tasks.Task`1[Microsoft.AspNetCore.Mvc.IActionResult] Index() on controller ITPE3200FAM.Controllers.QuizController (ITPE3200FAM).
2025-10-19 13:17:00.499 +02:00 [WRN] Compiling a query which loads related collections for more than one collection navigation, either via 'Include' or through projection, but no 'QuerySplittingBehavior' has been configured. By default, Entity Framework will use 'QuerySplittingBehavior.SingleQuery', which can potentially result in slow query performance. See https://go.microsoft.com/fwlink/?linkid=2134277 for more information. To identify the query that's triggering this warning call 'ConfigureWarnings(w => w.Throw(RelationalEventId.MultipleCollectionIncludeWarning))'.
2025-10-19 13:17:00.744 +02:00 [INF] Executing ViewResult, running view Index.
2025-10-19 13:17:00.755 +02:00 [INF] Executed ViewResult - view Index executed in 11.6986ms.
2025-10-19 13:17:00.755 +02:00 [INF] Executed action ITPE3200FAM.Controllers.QuizController.Index (ITPE3200FAM) in 1503.8154ms
2025-10-19 13:17:00.755 +02:00 [INF] Executed endpoint 'ITPE3200FAM.Controllers.QuizController.Index (ITPE3200FAM)'
2025-10-19 13:17:00.763 +02:00 [INF] Request finished HTTP/1.1 GET http://localhost:5185/Quiz - 200 null text/html; charset=utf-8 1524.0008ms
2025-10-19 13:17:02.255 +02:00 [INF] Request starting HTTP/1.1 GET http://localhost:5185/Quiz/Details/42 - null null
2025-10-19 13:17:02.257 +02:00 [INF] Executing endpoint 'ITPE3200FAM.Controllers.QuizController.Details (ITPE3200FAM)'
2025-10-19 13:17:02.277 +02:00 [INF] Route matched with {action = "Details", controller = "Quiz"}. Executing controller action with signature System.Threading.Tasks.Task`1[Microsoft.AspNetCore.Mvc.IActionResult] Details(Int32) on controller ITPE3200FAM.Controllers.QuizController (ITPE3200FAM).
2025-10-19 13:17:02.358 +02:00 [WRN] Compiling a query which loads related collections for more than one collection navigation, either via 'Include' or through projection, but no 'QuerySplittingBehavior' has been configured. By default, Entity Framework will use 'QuerySplittingBehavior.SingleQuery', which can potentially result in slow query performance. See https://go.microsoft.com/fwlink/?linkid=2134277 for more information. To identify the query that's triggering this warning call 'ConfigureWarnings(w => w.Throw(RelationalEventId.MultipleCollectionIncludeWarning))'.
2025-10-19 13:17:02.394 +02:00 [INF] Executing ViewResult, running view Details.
2025-10-19 13:17:02.402 +02:00 [INF] Executed ViewResult - view Details executed in 8.3923ms.
2025-10-19 13:17:02.402 +02:00 [INF] Executed action ITPE3200FAM.Controllers.QuizController.Details (ITPE3200FAM) in 124.8377ms
2025-10-19 13:17:02.402 +02:00 [INF] Executed endpoint 'ITPE3200FAM.Controllers.QuizController.Details (ITPE3200FAM)'
2025-10-19 13:17:02.403 +02:00 [INF] Request finished HTTP/1.1 GET http://localhost:5185/Quiz/Details/42 - 200 null text/html; charset=utf-8 147.4795ms
2025-10-19 13:17:04.143 +02:00 [INF] Request starting HTTP/1.1 GET http://localhost:5185/Quiz - null null
2025-10-19 13:17:04.143 +02:00 [INF] Executing endpoint 'ITPE3200FAM.Controllers.QuizController.Index (ITPE3200FAM)'
2025-10-19 13:17:04.144 +02:00 [INF] Route matched with {action = "Index", controller = "Quiz"}. Executing controller action with signature System.Threading.Tasks.Task`1[Microsoft.AspNetCore.Mvc.IActionResult] Index() on controller ITPE3200FAM.Controllers.QuizController (ITPE3200FAM).
2025-10-19 13:17:04.224 +02:00 [INF] Executing ViewResult, running view Index.
2025-10-19 13:17:04.226 +02:00 [INF] Executed ViewResult - view Index executed in 2.1553ms.
2025-10-19 13:17:04.226 +02:00 [INF] Executed action ITPE3200FAM.Controllers.QuizController.Index (ITPE3200FAM) in 82.5015ms
2025-10-19 13:17:04.226 +02:00 [INF] Executed endpoint 'ITPE3200FAM.Controllers.QuizController.Index (ITPE3200FAM)'
2025-10-19 13:17:04.226 +02:00 [INF] Request finished HTTP/1.1 GET http://localhost:5185/Quiz - 200 null text/html; charset=utf-8 83.9607ms
2025-10-19 13:17:05.243 +02:00 [INF] Request starting HTTP/1.1 GET http://localhost:5185/Quiz/Create - null null
2025-10-19 13:17:05.246 +02:00 [INF] Executing endpoint 'ITPE3200FAM.Controllers.QuizController.Create (ITPE3200FAM)'
2025-10-19 13:17:05.250 +02:00 [INF] Route matched with {action = "Create", controller = "Quiz"}. Executing controller action with signature Microsoft.AspNetCore.Mvc.IActionResult Create() on controller ITPE3200FAM.Controllers.QuizController (ITPE3200FAM).
2025-10-19 13:17:05.254 +02:00 [INF] Executing ViewResult, running view Create.
2025-10-19 13:17:05.338 +02:00 [INF] Executed ViewResult - view Create executed in 85.9208ms.
2025-10-19 13:17:05.338 +02:00 [INF] Executed action ITPE3200FAM.Controllers.QuizController.Create (ITPE3200FAM) in 88.1512ms
2025-10-19 13:17:05.338 +02:00 [INF] Executed endpoint 'ITPE3200FAM.Controllers.QuizController.Create (ITPE3200FAM)'
2025-10-19 13:17:05.338 +02:00 [INF] Request finished HTTP/1.1 GET http://localhost:5185/Quiz/Create - 200 null text/html; charset=utf-8 94.9753ms
2025-10-19 13:17:23.155 +02:00 [INF] Request starting HTTP/1.1 POST http://localhost:5185/Quiz/Create - application/x-www-form-urlencoded 861
2025-10-19 13:17:23.155 +02:00 [INF] Executing endpoint 'ITPE3200FAM.Controllers.QuizController.Create (ITPE3200FAM)'
2025-10-19 13:17:23.173 +02:00 [INF] Route matched with {action = "Create", controller = "Quiz"}. Executing controller action with signature System.Threading.Tasks.Task`1[Microsoft.AspNetCore.Mvc.IActionResult] Create(ITPE3200FAM.Models.Quiz) on controller ITPE3200FAM.Controllers.QuizController (ITPE3200FAM).
2025-10-19 13:17:23.221 +02:00 [INF] Executing ViewResult, running view Create.
2025-10-19 13:17:23.241 +02:00 [INF] Executed ViewResult - view Create executed in 19.7972ms.
2025-10-19 13:17:23.241 +02:00 [INF] Executed action ITPE3200FAM.Controllers.QuizController.Create (ITPE3200FAM) in 67.4537ms
2025-10-19 13:17:23.241 +02:00 [INF] Executed endpoint 'ITPE3200FAM.Controllers.QuizController.Create (ITPE3200FAM)'
2025-10-19 13:17:23.242 +02:00 [INF] Request finished HTTP/1.1 POST http://localhost:5185/Quiz/Create - 200 null text/html; charset=utf-8 86.4946ms
2025-10-19 13:17:43.679 +02:00 [INF] Request starting HTTP/1.1 POST http://localhost:5185/Quiz/Create - application/x-www-form-urlencoded 1095
2025-10-19 13:17:43.679 +02:00 [INF] Executing endpoint 'ITPE3200FAM.Controllers.QuizController.Create (ITPE3200FAM)'
2025-10-19 13:17:43.679 +02:00 [INF] Route matched with {action = "Create", controller = "Quiz"}. Executing controller action with signature System.Threading.Tasks.Task`1[Microsoft.AspNetCore.Mvc.IActionResult] Create(ITPE3200FAM.Models.Quiz) on controller ITPE3200FAM.Controllers.QuizController (ITPE3200FAM).
2025-10-19 13:17:43.686 +02:00 [INF] Executing ViewResult, running view Create.
2025-10-19 13:17:43.724 +02:00 [INF] Executed ViewResult - view Create executed in 38.8865ms.
2025-10-19 13:17:43.724 +02:00 [INF] Executed action ITPE3200FAM.Controllers.QuizController.Create (ITPE3200FAM) in 44.957ms
2025-10-19 13:17:43.724 +02:00 [INF] Executed endpoint 'ITPE3200FAM.Controllers.QuizController.Create (ITPE3200FAM)'
2025-10-19 13:17:43.725 +02:00 [INF] Request finished HTTP/1.1 POST http://localhost:5185/Quiz/Create - 200 null text/html; charset=utf-8 45.8979ms
2025-10-19 13:17:49.262 +02:00 [INF] Request starting HTTP/1.1 POST http://localhost:5185/Quiz/Create - application/x-www-form-urlencoded 1148
2025-10-19 13:17:49.262 +02:00 [INF] Executing endpoint 'ITPE3200FAM.Controllers.QuizController.Create (ITPE3200FAM)'
2025-10-19 13:17:49.263 +02:00 [INF] Route matched with {action = "Create", controller = "Quiz"}. Executing controller action with signature System.Threading.Tasks.Task`1[Microsoft.AspNetCore.Mvc.IActionResult] Create(ITPE3200FAM.Models.Quiz) on controller ITPE3200FAM.Controllers.QuizController (ITPE3200FAM).
2025-10-19 13:17:49.627 +02:00 [INF] Executing RedirectResult, redirecting to /Quiz.
2025-10-19 13:17:49.627 +02:00 [INF] Executed action ITPE3200FAM.Controllers.QuizController.Create (ITPE3200FAM) in 364.7521ms
2025-10-19 13:17:49.628 +02:00 [INF] Executed endpoint 'ITPE3200FAM.Controllers.QuizController.Create (ITPE3200FAM)'
2025-10-19 13:17:49.628 +02:00 [INF] Request finished HTTP/1.1 POST http://localhost:5185/Quiz/Create - 302 0 null 366.0079ms
2025-10-19 13:17:49.637 +02:00 [INF] Request starting HTTP/1.1 GET http://localhost:5185/Quiz - null null
2025-10-19 13:17:49.638 +02:00 [INF] Executing endpoint 'ITPE3200FAM.Controllers.QuizController.Index (ITPE3200FAM)'
2025-10-19 13:17:49.638 +02:00 [INF] Route matched with {action = "Index", controller = "Quiz"}. Executing controller action with signature System.Threading.Tasks.Task`1[Microsoft.AspNetCore.Mvc.IActionResult] Index() on controller ITPE3200FAM.Controllers.QuizController (ITPE3200FAM).
2025-10-19 13:17:49.647 +02:00 [INF] Executing ViewResult, running view Index.
2025-10-19 13:17:49.649 +02:00 [INF] Executed ViewResult - view Index executed in 2.1259ms.
2025-10-19 13:17:49.649 +02:00 [INF] Executed action ITPE3200FAM.Controllers.QuizController.Index (ITPE3200FAM) in 11.4065ms
2025-10-19 13:17:49.650 +02:00 [INF] Executed endpoint 'ITPE3200FAM.Controllers.QuizController.Index (ITPE3200FAM)'
2025-10-19 13:17:49.650 +02:00 [INF] Request finished HTTP/1.1 GET http://localhost:5185/Quiz - 200 null text/html; charset=utf-8 12.5ms
2025-10-19 13:17:51.229 +02:00 [INF] Request starting HTTP/1.1 GET http://localhost:5185/Quiz/Details/51 - null null
2025-10-19 13:17:51.230 +02:00 [INF] Executing endpoint 'ITPE3200FAM.Controllers.QuizController.Details (ITPE3200FAM)'
2025-10-19 13:17:51.230 +02:00 [INF] Route matched with {action = "Details", controller = "Quiz"}. Executing controller action with signature System.Threading.Tasks.Task`1[Microsoft.AspNetCore.Mvc.IActionResult] Details(Int32) on controller ITPE3200FAM.Controllers.QuizController (ITPE3200FAM).
2025-10-19 13:17:51.243 +02:00 [INF] Executing ViewResult, running view Details.
2025-10-19 13:17:51.244 +02:00 [INF] Executed ViewResult - view Details executed in 1.6295ms.
2025-10-19 13:17:51.245 +02:00 [INF] Executed action ITPE3200FAM.Controllers.QuizController.Details (ITPE3200FAM) in 14.3908ms
2025-10-19 13:17:51.246 +02:00 [INF] Executed endpoint 'ITPE3200FAM.Controllers.QuizController.Details (ITPE3200FAM)'
2025-10-19 13:17:51.246 +02:00 [INF] Request finished HTTP/1.1 GET http://localhost:5185/Quiz/Details/51 - 200 null text/html; charset=utf-8 17.128ms
2025-10-19 13:17:53.783 +02:00 [INF] Request starting HTTP/1.1 GET http://localhost:5185/Quiz - null null
2025-10-19 13:17:53.784 +02:00 [INF] Executing endpoint 'ITPE3200FAM.Controllers.QuizController.Index (ITPE3200FAM)'
2025-10-19 13:17:53.784 +02:00 [INF] Route matched with {action = "Index", controller = "Quiz"}. Executing controller action with signature System.Threading.Tasks.Task`1[Microsoft.AspNetCore.Mvc.IActionResult] Index() on controller ITPE3200FAM.Controllers.QuizController (ITPE3200FAM).
2025-10-19 13:17:53.807 +02:00 [INF] Executing ViewResult, running view Index.
2025-10-19 13:17:53.808 +02:00 [INF] Executed ViewResult - view Index executed in 1.1897ms.
2025-10-19 13:17:53.808 +02:00 [INF] Executed action ITPE3200FAM.Controllers.QuizController.Index (ITPE3200FAM) in 23.558ms
2025-10-19 13:17:53.808 +02:00 [INF] Executed endpoint 'ITPE3200FAM.Controllers.QuizController.Index (ITPE3200FAM)'
2025-10-19 13:17:53.808 +02:00 [INF] Request finished HTTP/1.1 GET http://localhost:5185/Quiz - 200 null text/html; charset=utf-8 25.1021ms
2025-10-19 13:17:55.153 +02:00 [INF] Request starting HTTP/1.1 GET http://localhost:5185/Quiz/Update/51 - null null
2025-10-19 13:17:55.154 +02:00 [INF] Executing endpoint 'ITPE3200FAM.Controllers.QuizController.Update (ITPE3200FAM)'
2025-10-19 13:17:55.160 +02:00 [INF] Route matched with {action = "Update", controller = "Quiz"}. Executing controller action with signature System.Threading.Tasks.Task`1[Microsoft.AspNetCore.Mvc.IActionResult] Update(Int32) on controller ITPE3200FAM.Controllers.QuizController (ITPE3200FAM).
2025-10-19 13:17:55.175 +02:00 [INF] Executing ViewResult, running view Update.
2025-10-19 13:17:55.212 +02:00 [INF] Executed ViewResult - view Update executed in 40.3934ms.
2025-10-19 13:17:55.212 +02:00 [INF] Executed action ITPE3200FAM.Controllers.QuizController.Update (ITPE3200FAM) in 51.9855ms
2025-10-19 13:17:55.212 +02:00 [INF] Executed endpoint 'ITPE3200FAM.Controllers.QuizController.Update (ITPE3200FAM)'
2025-10-19 13:17:55.212 +02:00 [INF] Request finished HTTP/1.1 GET http://localhost:5185/Quiz/Update/51 - 200 null text/html; charset=utf-8 59.6499ms
2025-10-19 13:17:57.992 +02:00 [INF] Request starting HTTP/1.1 POST http://localhost:5185/Quiz/Update/51 - application/x-www-form-urlencoded 1237
2025-10-19 13:17:57.992 +02:00 [INF] Executing endpoint 'ITPE3200FAM.Controllers.QuizController.Update (ITPE3200FAM)'
2025-10-19 13:17:57.996 +02:00 [INF] Route matched with {action = "Update", controller = "Quiz"}. Executing controller action with signature System.Threading.Tasks.Task`1[Microsoft.AspNetCore.Mvc.IActionResult] Update(ITPE3200FAM.Models.Quiz) on controller ITPE3200FAM.Controllers.QuizController (ITPE3200FAM).
2025-10-19 13:17:58.076 +02:00 [INF] Executing RedirectResult, redirecting to /Quiz.
2025-10-19 13:17:58.077 +02:00 [INF] Executed action ITPE3200FAM.Controllers.QuizController.Update (ITPE3200FAM) in 80.1062ms
2025-10-19 13:17:58.077 +02:00 [INF] Executed endpoint 'ITPE3200FAM.Controllers.QuizController.Update (ITPE3200FAM)'
2025-10-19 13:17:58.078 +02:00 [INF] Request finished HTTP/1.1 POST http://localhost:5185/Quiz/Update/51 - 302 0 null 85.8067ms
2025-10-19 13:17:58.083 +02:00 [INF] Request starting HTTP/1.1 GET http://localhost:5185/Quiz - null null
2025-10-19 13:17:58.085 +02:00 [INF] Executing endpoint 'ITPE3200FAM.Controllers.QuizController.Index (ITPE3200FAM)'
2025-10-19 13:17:58.085 +02:00 [INF] Route matched with {action = "Index", controller = "Quiz"}. Executing controller action with signature System.Threading.Tasks.Task`1[Microsoft.AspNetCore.Mvc.IActionResult] Index() on controller ITPE3200FAM.Controllers.QuizController (ITPE3200FAM).
2025-10-19 13:17:58.100 +02:00 [INF] Executing ViewResult, running view Index.
2025-10-19 13:17:58.105 +02:00 [INF] Executed ViewResult - view Index executed in 4.8884ms.
2025-10-19 13:17:58.106 +02:00 [INF] Executed action ITPE3200FAM.Controllers.QuizController.Index (ITPE3200FAM) in 20.7369ms
2025-10-19 13:17:58.106 +02:00 [INF] Executed endpoint 'ITPE3200FAM.Controllers.QuizController.Index (ITPE3200FAM)'
2025-10-19 13:17:58.106 +02:00 [INF] Request finished HTTP/1.1 GET http://localhost:5185/Quiz - 200 null text/html; charset=utf-8 23.16ms
2025-10-19 13:17:59.377 +02:00 [INF] Request starting HTTP/1.1 GET http://localhost:5185/Quiz/Update/51 - null null
2025-10-19 13:17:59.377 +02:00 [INF] Executing endpoint 'ITPE3200FAM.Controllers.QuizController.Update (ITPE3200FAM)'
2025-10-19 13:17:59.377 +02:00 [INF] Route matched with {action = "Update", controller = "Quiz"}. Executing controller action with signature System.Threading.Tasks.Task`1[Microsoft.AspNetCore.Mvc.IActionResult] Update(Int32) on controller ITPE3200FAM.Controllers.QuizController (ITPE3200FAM).
2025-10-19 13:17:59.390 +02:00 [INF] Executing ViewResult, running view Update.
2025-10-19 13:17:59.407 +02:00 [INF] Executed ViewResult - view Update executed in 17.4885ms.
2025-10-19 13:17:59.408 +02:00 [INF] Executed action ITPE3200FAM.Controllers.QuizController.Update (ITPE3200FAM) in 30.2475ms
2025-10-19 13:17:59.408 +02:00 [INF] Executed endpoint 'ITPE3200FAM.Controllers.QuizController.Update (ITPE3200FAM)'
2025-10-19 13:17:59.408 +02:00 [INF] Request finished HTTP/1.1 GET http://localhost:5185/Quiz/Update/51 - 200 null text/html; charset=utf-8 31.3054ms
2025-10-19 13:18:03.830 +02:00 [INF] Request starting HTTP/1.1 POST http://localhost:5185/Quiz/Update/51 - application/x-www-form-urlencoded 1456
2025-10-19 13:18:03.831 +02:00 [INF] Executing endpoint 'ITPE3200FAM.Controllers.QuizController.Update (ITPE3200FAM)'
2025-10-19 13:18:03.832 +02:00 [INF] Route matched with {action = "Update", controller = "Quiz"}. Executing controller action with signature System.Threading.Tasks.Task`1[Microsoft.AspNetCore.Mvc.IActionResult] Update(ITPE3200FAM.Models.Quiz) on controller ITPE3200FAM.Controllers.QuizController (ITPE3200FAM).
2025-10-19 13:18:03.835 +02:00 [INF] Executing ViewResult, running view Update.
2025-10-19 13:18:03.854 +02:00 [INF] Executed ViewResult - view Update executed in 18.9479ms.
2025-10-19 13:18:03.855 +02:00 [INF] Executed action ITPE3200FAM.Controllers.QuizController.Update (ITPE3200FAM) in 22.8081ms
2025-10-19 13:18:03.855 +02:00 [INF] Executed endpoint 'ITPE3200FAM.Controllers.QuizController.Update (ITPE3200FAM)'
2025-10-19 13:18:03.856 +02:00 [INF] Request finished HTTP/1.1 POST http://localhost:5185/Quiz/Update/51 - 200 null text/html; charset=utf-8 25.8902ms
2025-10-19 13:18:21.670 +02:00 [INF] Request starting HTTP/1.1 POST http://localhost:5185/Quiz/Update/51 - application/x-www-form-urlencoded 1772
2025-10-19 13:18:21.671 +02:00 [INF] Executing endpoint 'ITPE3200FAM.Controllers.QuizController.Update (ITPE3200FAM)'
2025-10-19 13:18:21.672 +02:00 [INF] Route matched with {action = "Update", controller = "Quiz"}. Executing controller action with signature System.Threading.Tasks.Task`1[Microsoft.AspNetCore.Mvc.IActionResult] Update(ITPE3200FAM.Models.Quiz) on controller ITPE3200FAM.Controllers.QuizController (ITPE3200FAM).
2025-10-19 13:18:21.814 +02:00 [INF] Executing RedirectResult, redirecting to /Quiz.
2025-10-19 13:18:21.814 +02:00 [INF] Executed action ITPE3200FAM.Controllers.QuizController.Update (ITPE3200FAM) in 142.1314ms
2025-10-19 13:18:21.814 +02:00 [INF] Executed endpoint 'ITPE3200FAM.Controllers.QuizController.Update (ITPE3200FAM)'
2025-10-19 13:18:21.815 +02:00 [INF] Request finished HTTP/1.1 POST http://localhost:5185/Quiz/Update/51 - 302 0 null 144.5423ms
2025-10-19 13:18:21.831 +02:00 [INF] Request starting HTTP/1.1 GET http://localhost:5185/Quiz - null null
2025-10-19 13:18:21.831 +02:00 [INF] Executing endpoint 'ITPE3200FAM.Controllers.QuizController.Index (ITPE3200FAM)'
2025-10-19 13:18:21.831 +02:00 [INF] Route matched with {action = "Index", controller = "Quiz"}. Executing controller action with signature System.Threading.Tasks.Task`1[Microsoft.AspNetCore.Mvc.IActionResult] Index() on controller ITPE3200FAM.Controllers.QuizController (ITPE3200FAM).
2025-10-19 13:18:21.842 +02:00 [INF] Executing ViewResult, running view Index.
2025-10-19 13:18:21.843 +02:00 [INF] Executed ViewResult - view Index executed in 0.9425ms.
2025-10-19 13:18:21.843 +02:00 [INF] Executed action ITPE3200FAM.Controllers.QuizController.Index (ITPE3200FAM) in 11.9179ms
2025-10-19 13:18:21.843 +02:00 [INF] Executed endpoint 'ITPE3200FAM.Controllers.QuizController.Index (ITPE3200FAM)'
2025-10-19 13:18:21.843 +02:00 [INF] Request finished HTTP/1.1 GET http://localhost:5185/Quiz - 200 null text/html; charset=utf-8 12.6301ms
2025-10-19 13:18:24.706 +02:00 [INF] Request starting HTTP/1.1 GET http://localhost:5185/TakeQuiz - null null
2025-10-19 13:18:24.707 +02:00 [INF] Executing endpoint 'ITPE3200FAM.Controllers.TakeQuizController.Index (ITPE3200FAM)'
2025-10-19 13:18:24.713 +02:00 [INF] Route matched with {action = "Index", controller = "TakeQuiz"}. Executing controller action with signature System.Threading.Tasks.Task`1[Microsoft.AspNetCore.Mvc.IActionResult] Index() on controller ITPE3200FAM.Controllers.TakeQuizController (ITPE3200FAM).
2025-10-19 13:18:24.738 +02:00 [INF] Executing ViewResult, running view Index.
2025-10-19 13:18:24.747 +02:00 [INF] Executed ViewResult - view Index executed in 13.988ms.
2025-10-19 13:18:24.747 +02:00 [INF] Executed action ITPE3200FAM.Controllers.TakeQuizController.Index (ITPE3200FAM) in 33.3161ms
2025-10-19 13:18:24.747 +02:00 [INF] Executed endpoint 'ITPE3200FAM.Controllers.TakeQuizController.Index (ITPE3200FAM)'
2025-10-19 13:18:24.747 +02:00 [INF] Request finished HTTP/1.1 GET http://localhost:5185/TakeQuiz - 200 null text/html; charset=utf-8 40.6886ms
2025-10-19 13:18:26.768 +02:00 [INF] Request starting HTTP/1.1 GET http://localhost:5185/TakeQuiz/Attempts/51 - null null
2025-10-19 13:18:26.769 +02:00 [INF] Executing endpoint 'ITPE3200FAM.Controllers.TakeQuizController.Attempts (ITPE3200FAM)'
2025-10-19 13:18:26.777 +02:00 [INF] Route matched with {action = "Attempts", controller = "TakeQuiz"}. Executing controller action with signature System.Threading.Tasks.Task`1[Microsoft.AspNetCore.Mvc.IActionResult] Attempts(Int32) on controller ITPE3200FAM.Controllers.TakeQuizController (ITPE3200FAM).
2025-10-19 13:18:26.845 +02:00 [WRN] Compiling a query which loads related collections for more than one collection navigation, either via 'Include' or through projection, but no 'QuerySplittingBehavior' has been configured. By default, Entity Framework will use 'QuerySplittingBehavior.SingleQuery', which can potentially result in slow query performance. See https://go.microsoft.com/fwlink/?linkid=2134277 for more information. To identify the query that's triggering this warning call 'ConfigureWarnings(w => w.Throw(RelationalEventId.MultipleCollectionIncludeWarning))'.
2025-10-19 13:18:26.865 +02:00 [INF] Executing ViewResult, running view Attempts.
2025-10-19 13:18:26.874 +02:00 [INF] Executed ViewResult - view Attempts executed in 11.3099ms.
2025-10-19 13:18:26.875 +02:00 [INF] Executed action ITPE3200FAM.Controllers.TakeQuizController.Attempts (ITPE3200FAM) in 97.4485ms
2025-10-19 13:18:26.875 +02:00 [INF] Executed endpoint 'ITPE3200FAM.Controllers.TakeQuizController.Attempts (ITPE3200FAM)'
2025-10-19 13:18:26.875 +02:00 [INF] Request finished HTTP/1.1 GET http://localhost:5185/TakeQuiz/Attempts/51 - 200 null text/html; charset=utf-8 106.7474ms
2025-10-19 13:18:28.736 +02:00 [INF] Request starting HTTP/1.1 GET http://localhost:5185/TakeQuiz - null null
2025-10-19 13:18:28.737 +02:00 [INF] Executing endpoint 'ITPE3200FAM.Controllers.TakeQuizController.Index (ITPE3200FAM)'
2025-10-19 13:18:28.737 +02:00 [INF] Route matched with {action = "Index", controller = "TakeQuiz"}. Executing controller action with signature System.Threading.Tasks.Task`1[Microsoft.AspNetCore.Mvc.IActionResult] Index() on controller ITPE3200FAM.Controllers.TakeQuizController (ITPE3200FAM).
2025-10-19 13:18:28.747 +02:00 [INF] Executing ViewResult, running view Index.
2025-10-19 13:18:28.752 +02:00 [INF] Executed ViewResult - view Index executed in 5.2964ms.
2025-10-19 13:18:28.752 +02:00 [INF] Executed action ITPE3200FAM.Controllers.TakeQuizController.Index (ITPE3200FAM) in 15.2352ms
2025-10-19 13:18:28.752 +02:00 [INF] Executed endpoint 'ITPE3200FAM.Controllers.TakeQuizController.Index (ITPE3200FAM)'
2025-10-19 13:18:28.753 +02:00 [INF] Request finished HTTP/1.1 GET http://localhost:5185/TakeQuiz - 200 null text/html; charset=utf-8 16.3578ms
2025-10-19 13:18:29.581 +02:00 [INF] Request starting HTTP/1.1 GET http://localhost:5185/TakeQuiz/Take/51 - null null
2025-10-19 13:18:29.587 +02:00 [INF] Executing endpoint 'ITPE3200FAM.Controllers.TakeQuizController.Take (ITPE3200FAM)'
2025-10-19 13:18:29.594 +02:00 [INF] Route matched with {action = "Take", controller = "TakeQuiz"}. Executing controller action with signature System.Threading.Tasks.Task`1[Microsoft.AspNetCore.Mvc.IActionResult] Take(Int32) on controller ITPE3200FAM.Controllers.TakeQuizController (ITPE3200FAM).
2025-10-19 13:18:29.608 +02:00 [INF] Executing ViewResult, running view Take.
2025-10-19 13:18:29.623 +02:00 [INF] Executed ViewResult - view Take executed in 16.4288ms.
2025-10-19 13:18:29.623 +02:00 [INF] Executed action ITPE3200FAM.Controllers.TakeQuizController.Take (ITPE3200FAM) in 29.3794ms
2025-10-19 13:18:29.624 +02:00 [INF] Executed endpoint 'ITPE3200FAM.Controllers.TakeQuizController.Take (ITPE3200FAM)'
2025-10-19 13:18:29.624 +02:00 [INF] Request finished HTTP/1.1 GET http://localhost:5185/TakeQuiz/Take/51 - 200 null text/html; charset=utf-8 42.4257ms
2025-10-19 13:18:38.669 +02:00 [INF] Request starting HTTP/1.1 POST http://localhost:5185/TakeQuiz/Submit - application/x-www-form-urlencoded 270
2025-10-19 13:18:38.670 +02:00 [INF] Executing endpoint 'ITPE3200FAM.Controllers.TakeQuizController.Submit (ITPE3200FAM)'
2025-10-19 13:18:38.677 +02:00 [INF] Route matched with {action = "Submit", controller = "TakeQuiz"}. Executing controller action with signature System.Threading.Tasks.Task`1[Microsoft.AspNetCore.Mvc.IActionResult] Submit(Int32, System.String, System.Collections.Generic.Dictionary`2[System.String,System.String]) on controller ITPE3200FAM.Controllers.TakeQuizController (ITPE3200FAM).
2025-10-19 13:18:38.713 +02:00 [INF] Executing ViewResult, running view Result.
2025-10-19 13:18:38.725 +02:00 [INF] Executed ViewResult - view Result executed in 12.9527ms.
2025-10-19 13:18:38.725 +02:00 [INF] Executed action ITPE3200FAM.Controllers.TakeQuizController.Submit (ITPE3200FAM) in 47.283ms
2025-10-19 13:18:38.725 +02:00 [INF] Executed endpoint 'ITPE3200FAM.Controllers.TakeQuizController.Submit (ITPE3200FAM)'
2025-10-19 13:18:38.725 +02:00 [INF] Request finished HTTP/1.1 POST http://localhost:5185/TakeQuiz/Submit - 200 null text/html; charset=utf-8 56.2711ms
2025-10-19 13:18:41.577 +02:00 [INF] Request starting HTTP/1.1 GET http://localhost:5185/TakeQuiz/Take/51 - null null
2025-10-19 13:18:41.577 +02:00 [INF] Executing endpoint 'ITPE3200FAM.Controllers.TakeQuizController.Take (ITPE3200FAM)'
2025-10-19 13:18:41.577 +02:00 [INF] Route matched with {action = "Take", controller = "TakeQuiz"}. Executing controller action with signature System.Threading.Tasks.Task`1[Microsoft.AspNetCore.Mvc.IActionResult] Take(Int32) on controller ITPE3200FAM.Controllers.TakeQuizController (ITPE3200FAM).
2025-10-19 13:18:41.595 +02:00 [INF] Executing ViewResult, running view Take.
2025-10-19 13:18:41.601 +02:00 [INF] Executed ViewResult - view Take executed in 5.7348ms.
2025-10-19 13:18:41.602 +02:00 [INF] Executed action ITPE3200FAM.Controllers.TakeQuizController.Take (ITPE3200FAM) in 24.3552ms
2025-10-19 13:18:41.602 +02:00 [INF] Executed endpoint 'ITPE3200FAM.Controllers.TakeQuizController.Take (ITPE3200FAM)'
2025-10-19 13:18:41.603 +02:00 [INF] Request finished HTTP/1.1 GET http://localhost:5185/TakeQuiz/Take/51 - 200 null text/html; charset=utf-8 25.3603ms
2025-10-19 13:18:50.672 +02:00 [INF] Request starting HTTP/1.1 POST http://localhost:5185/TakeQuiz/Submit - application/x-www-form-urlencoded 270
2025-10-19 13:18:50.672 +02:00 [INF] Executing endpoint 'ITPE3200FAM.Controllers.TakeQuizController.Submit (ITPE3200FAM)'
2025-10-19 13:18:50.672 +02:00 [INF] Route matched with {action = "Submit", controller = "TakeQuiz"}. Executing controller action with signature System.Threading.Tasks.Task`1[Microsoft.AspNetCore.Mvc.IActionResult] Submit(Int32, System.String, System.Collections.Generic.Dictionary`2[System.String,System.String]) on controller ITPE3200FAM.Controllers.TakeQuizController (ITPE3200FAM).
2025-10-19 13:18:50.686 +02:00 [INF] Executing ViewResult, running view Result.
2025-10-19 13:18:50.690 +02:00 [INF] Executed ViewResult - view Result executed in 4.3425ms.
2025-10-19 13:18:50.691 +02:00 [INF] Executed action ITPE3200FAM.Controllers.TakeQuizController.Submit (ITPE3200FAM) in 18.4768ms
2025-10-19 13:18:50.691 +02:00 [INF] Executed endpoint 'ITPE3200FAM.Controllers.TakeQuizController.Submit (ITPE3200FAM)'
2025-10-19 13:18:50.691 +02:00 [INF] Request finished HTTP/1.1 POST http://localhost:5185/TakeQuiz/Submit - 200 null text/html; charset=utf-8 19.5166ms
2025-10-19 13:18:52.596 +02:00 [INF] Request starting HTTP/1.1 POST http://localhost:5185/TakeQuiz/SaveAttempt - application/x-www-form-urlencoded 215
2025-10-19 13:18:52.596 +02:00 [INF] Executing endpoint 'ITPE3200FAM.Controllers.TakeQuizController.SaveAttempt (ITPE3200FAM)'
2025-10-19 13:18:52.607 +02:00 [INF] Route matched with {action = "SaveAttempt", controller = "TakeQuiz"}. Executing controller action with signature System.Threading.Tasks.Task`1[Microsoft.AspNetCore.Mvc.IActionResult] SaveAttempt(Int32, System.String, Int32) on controller ITPE3200FAM.Controllers.TakeQuizController (ITPE3200FAM).
2025-10-19 13:18:52.647 +02:00 [INF] Executing RedirectResult, redirecting to /TakeQuiz.
2025-10-19 13:18:52.647 +02:00 [INF] Executed action ITPE3200FAM.Controllers.TakeQuizController.SaveAttempt (ITPE3200FAM) in 39.5658ms
2025-10-19 13:18:52.647 +02:00 [INF] Executed endpoint 'ITPE3200FAM.Controllers.TakeQuizController.SaveAttempt (ITPE3200FAM)'
2025-10-19 13:18:52.648 +02:00 [INF] Request finished HTTP/1.1 POST http://localhost:5185/TakeQuiz/SaveAttempt - 302 0 null 52.1609ms
2025-10-19 13:18:52.654 +02:00 [INF] Request starting HTTP/1.1 GET http://localhost:5185/TakeQuiz - null null
2025-10-19 13:18:52.654 +02:00 [INF] Executing endpoint 'ITPE3200FAM.Controllers.TakeQuizController.Index (ITPE3200FAM)'
2025-10-19 13:18:52.655 +02:00 [INF] Route matched with {action = "Index", controller = "TakeQuiz"}. Executing controller action with signature System.Threading.Tasks.Task`1[Microsoft.AspNetCore.Mvc.IActionResult] Index() on controller ITPE3200FAM.Controllers.TakeQuizController (ITPE3200FAM).
2025-10-19 13:18:52.662 +02:00 [INF] Executing ViewResult, running view Index.
2025-10-19 13:18:52.663 +02:00 [INF] Executed ViewResult - view Index executed in 0.7802ms.
2025-10-19 13:18:52.663 +02:00 [INF] Executed action ITPE3200FAM.Controllers.TakeQuizController.Index (ITPE3200FAM) in 8.79ms
2025-10-19 13:18:52.663 +02:00 [INF] Executed endpoint 'ITPE3200FAM.Controllers.TakeQuizController.Index (ITPE3200FAM)'
2025-10-19 13:18:52.664 +02:00 [INF] Request finished HTTP/1.1 GET http://localhost:5185/TakeQuiz - 200 null text/html; charset=utf-8 9.8226ms
2025-10-19 13:18:53.805 +02:00 [INF] Request starting HTTP/1.1 GET http://localhost:5185/TakeQuiz/Attempts/51 - null null
2025-10-19 13:18:53.805 +02:00 [INF] Executing endpoint 'ITPE3200FAM.Controllers.TakeQuizController.Attempts (ITPE3200FAM)'
2025-10-19 13:18:53.806 +02:00 [INF] Route matched with {action = "Attempts", controller = "TakeQuiz"}. Executing controller action with signature System.Threading.Tasks.Task`1[Microsoft.AspNetCore.Mvc.IActionResult] Attempts(Int32) on controller ITPE3200FAM.Controllers.TakeQuizController (ITPE3200FAM).
2025-10-19 13:18:53.830 +02:00 [INF] Executing ViewResult, running view Attempts.
2025-10-19 13:18:53.836 +02:00 [INF] Executed ViewResult - view Attempts executed in 5.1358ms.
2025-10-19 13:18:53.836 +02:00 [INF] Executed action ITPE3200FAM.Controllers.TakeQuizController.Attempts (ITPE3200FAM) in 30.03ms
2025-10-19 13:18:53.836 +02:00 [INF] Executed endpoint 'ITPE3200FAM.Controllers.TakeQuizController.Attempts (ITPE3200FAM)'
2025-10-19 13:18:53.836 +02:00 [INF] Request finished HTTP/1.1 GET http://localhost:5185/TakeQuiz/Attempts/51 - 200 null text/html; charset=utf-8 31.185ms
2025-10-19 13:18:57.355 +02:00 [INF] Request starting HTTP/1.1 GET http://localhost:5185/TakeQuiz - null null
2025-10-19 13:18:57.356 +02:00 [INF] Executing endpoint 'ITPE3200FAM.Controllers.TakeQuizController.Index (ITPE3200FAM)'
2025-10-19 13:18:57.356 +02:00 [INF] Route matched with {action = "Index", controller = "TakeQuiz"}. Executing controller action with signature System.Threading.Tasks.Task`1[Microsoft.AspNetCore.Mvc.IActionResult] Index() on controller ITPE3200FAM.Controllers.TakeQuizController (ITPE3200FAM).
2025-10-19 13:18:57.374 +02:00 [INF] Executing ViewResult, running view Index.
2025-10-19 13:18:57.375 +02:00 [INF] Executed ViewResult - view Index executed in 1.6675ms.
2025-10-19 13:18:57.376 +02:00 [INF] Executed action ITPE3200FAM.Controllers.TakeQuizController.Index (ITPE3200FAM) in 20.1724ms
2025-10-19 13:18:57.376 +02:00 [INF] Executed endpoint 'ITPE3200FAM.Controllers.TakeQuizController.Index (ITPE3200FAM)'
2025-10-19 13:18:57.377 +02:00 [INF] Request finished HTTP/1.1 GET http://localhost:5185/TakeQuiz - 200 null text/html; charset=utf-8 21.2139ms
2025-10-19 13:19:00.294 +02:00 [INF] Request starting HTTP/1.1 GET http://localhost:5185/Quiz - null null
2025-10-19 13:19:00.295 +02:00 [INF] Executing endpoint 'ITPE3200FAM.Controllers.QuizController.Index (ITPE3200FAM)'
2025-10-19 13:19:00.295 +02:00 [INF] Route matched with {action = "Index", controller = "Quiz"}. Executing controller action with signature System.Threading.Tasks.Task`1[Microsoft.AspNetCore.Mvc.IActionResult] Index() on controller ITPE3200FAM.Controllers.QuizController (ITPE3200FAM).
2025-10-19 13:19:00.308 +02:00 [INF] Executing ViewResult, running view Index.
2025-10-19 13:19:00.309 +02:00 [INF] Executed ViewResult - view Index executed in 1.5046ms.
2025-10-19 13:19:00.309 +02:00 [INF] Executed action ITPE3200FAM.Controllers.QuizController.Index (ITPE3200FAM) in 14.3732ms
2025-10-19 13:19:00.309 +02:00 [INF] Executed endpoint 'ITPE3200FAM.Controllers.QuizController.Index (ITPE3200FAM)'
2025-10-19 13:19:00.310 +02:00 [INF] Request finished HTTP/1.1 GET http://localhost:5185/Quiz - 200 null text/html; charset=utf-8 15.0326ms
2025-10-19 13:19:01.385 +02:00 [INF] Request starting HTTP/1.1 GET http://localhost:5185/Quiz/Details/51 - null null
2025-10-19 13:19:01.386 +02:00 [INF] Executing endpoint 'ITPE3200FAM.Controllers.QuizController.Details (ITPE3200FAM)'
2025-10-19 13:19:01.386 +02:00 [INF] Route matched with {action = "Details", controller = "Quiz"}. Executing controller action with signature System.Threading.Tasks.Task`1[Microsoft.AspNetCore.Mvc.IActionResult] Details(Int32) on controller ITPE3200FAM.Controllers.QuizController (ITPE3200FAM).
2025-10-19 13:19:01.395 +02:00 [INF] Executing ViewResult, running view Details.
2025-10-19 13:19:01.396 +02:00 [INF] Executed ViewResult - view Details executed in 1.1218ms.
2025-10-19 13:19:01.397 +02:00 [INF] Executed action ITPE3200FAM.Controllers.QuizController.Details (ITPE3200FAM) in 10.1355ms
2025-10-19 13:19:01.397 +02:00 [INF] Executed endpoint 'ITPE3200FAM.Controllers.QuizController.Details (ITPE3200FAM)'
2025-10-19 13:19:01.397 +02:00 [INF] Request finished HTTP/1.1 GET http://localhost:5185/Quiz/Details/51 - 200 null text/html; charset=utf-8 11.4547ms
2025-10-19 13:19:03.462 +02:00 [INF] Request starting HTTP/1.1 GET http://localhost:5185/Quiz - null null
2025-10-19 13:19:03.462 +02:00 [INF] Executing endpoint 'ITPE3200FAM.Controllers.QuizController.Index (ITPE3200FAM)'
2025-10-19 13:19:03.463 +02:00 [INF] Route matched with {action = "Index", controller = "Quiz"}. Executing controller action with signature System.Threading.Tasks.Task`1[Microsoft.AspNetCore.Mvc.IActionResult] Index() on controller ITPE3200FAM.Controllers.QuizController (ITPE3200FAM).
2025-10-19 13:19:03.473 +02:00 [INF] Executing ViewResult, running view Index.
2025-10-19 13:19:03.475 +02:00 [INF] Executed ViewResult - view Index executed in 2.0756ms.
2025-10-19 13:19:03.475 +02:00 [INF] Executed action ITPE3200FAM.Controllers.QuizController.Index (ITPE3200FAM) in 12.5327ms
2025-10-19 13:19:03.475 +02:00 [INF] Executed endpoint 'ITPE3200FAM.Controllers.QuizController.Index (ITPE3200FAM)'
2025-10-19 13:19:03.477 +02:00 [INF] Request finished HTTP/1.1 GET http://localhost:5185/Quiz - 200 null text/html; charset=utf-8 14.752ms
2025-10-19 13:19:04.677 +02:00 [INF] Request starting HTTP/1.1 GET http://localhost:5185/TakeQuiz - null null
2025-10-19 13:19:04.677 +02:00 [INF] Executing endpoint 'ITPE3200FAM.Controllers.TakeQuizController.Index (ITPE3200FAM)'
2025-10-19 13:19:04.677 +02:00 [INF] Route matched with {action = "Index", controller = "TakeQuiz"}. Executing controller action with signature System.Threading.Tasks.Task`1[Microsoft.AspNetCore.Mvc.IActionResult] Index() on controller ITPE3200FAM.Controllers.TakeQuizController (ITPE3200FAM).
2025-10-19 13:19:04.692 +02:00 [INF] Executing ViewResult, running view Index.
2025-10-19 13:19:04.693 +02:00 [INF] Executed ViewResult - view Index executed in 0.802ms.
2025-10-19 13:19:04.693 +02:00 [INF] Executed action ITPE3200FAM.Controllers.TakeQuizController.Index (ITPE3200FAM) in 16.2685ms
2025-10-19 13:19:04.693 +02:00 [INF] Executed endpoint 'ITPE3200FAM.Controllers.TakeQuizController.Index (ITPE3200FAM)'
2025-10-19 13:19:04.693 +02:00 [INF] Request finished HTTP/1.1 GET http://localhost:5185/TakeQuiz - 200 null text/html; charset=utf-8 16.7385ms
2025-10-19 13:19:05.957 +02:00 [INF] Request starting HTTP/1.1 GET http://localhost:5185/TakeQuiz/Take/51 - null null
2025-10-19 13:19:05.957 +02:00 [INF] Executing endpoint 'ITPE3200FAM.Controllers.TakeQuizController.Take (ITPE3200FAM)'
2025-10-19 13:19:05.958 +02:00 [INF] Route matched with {action = "Take", controller = "TakeQuiz"}. Executing controller action with signature System.Threading.Tasks.Task`1[Microsoft.AspNetCore.Mvc.IActionResult] Take(Int32) on controller ITPE3200FAM.Controllers.TakeQuizController (ITPE3200FAM).
2025-10-19 13:19:05.977 +02:00 [INF] Executing ViewResult, running view Take.
2025-10-19 13:19:05.979 +02:00 [INF] Executed ViewResult - view Take executed in 2.2272ms.
2025-10-19 13:19:05.979 +02:00 [INF] Executed action ITPE3200FAM.Controllers.TakeQuizController.Take (ITPE3200FAM) in 21.6691ms
2025-10-19 13:19:05.979 +02:00 [INF] Executed endpoint 'ITPE3200FAM.Controllers.TakeQuizController.Take (ITPE3200FAM)'
2025-10-19 13:19:05.980 +02:00 [INF] Request finished HTTP/1.1 GET http://localhost:5185/TakeQuiz/Take/51 - 200 null text/html; charset=utf-8 22.4428ms
2025-10-19 13:19:23.386 +02:00 [INF] Request starting HTTP/1.1 POST http://localhost:5185/TakeQuiz/Submit - application/x-www-form-urlencoded 270
2025-10-19 13:19:23.386 +02:00 [INF] Executing endpoint 'ITPE3200FAM.Controllers.TakeQuizController.Submit (ITPE3200FAM)'
2025-10-19 13:19:23.387 +02:00 [INF] Route matched with {action = "Submit", controller = "TakeQuiz"}. Executing controller action with signature System.Threading.Tasks.Task`1[Microsoft.AspNetCore.Mvc.IActionResult] Submit(Int32, System.String, System.Collections.Generic.Dictionary`2[System.String,System.String]) on controller ITPE3200FAM.Controllers.TakeQuizController (ITPE3200FAM).
2025-10-19 13:19:23.396 +02:00 [INF] Executing ViewResult, running view Result.
2025-10-19 13:19:23.401 +02:00 [INF] Executed ViewResult - view Result executed in 4.7563ms.
2025-10-19 13:19:23.401 +02:00 [INF] Executed action ITPE3200FAM.Controllers.TakeQuizController.Submit (ITPE3200FAM) in 14.603ms
2025-10-19 13:19:23.401 +02:00 [INF] Executed endpoint 'ITPE3200FAM.Controllers.TakeQuizController.Submit (ITPE3200FAM)'
2025-10-19 13:19:23.401 +02:00 [INF] Request finished HTTP/1.1 POST http://localhost:5185/TakeQuiz/Submit - 200 null text/html; charset=utf-8 15.4134ms
2025-10-19 13:19:25.778 +02:00 [INF] Request starting HTTP/1.1 POST http://localhost:5185/TakeQuiz/SaveAttempt - application/x-www-form-urlencoded 215
2025-10-19 13:19:25.778 +02:00 [INF] Executing endpoint 'ITPE3200FAM.Controllers.TakeQuizController.SaveAttempt (ITPE3200FAM)'
2025-10-19 13:19:25.778 +02:00 [INF] Route matched with {action = "SaveAttempt", controller = "TakeQuiz"}. Executing controller action with signature System.Threading.Tasks.Task`1[Microsoft.AspNetCore.Mvc.IActionResult] SaveAttempt(Int32, System.String, Int32) on controller ITPE3200FAM.Controllers.TakeQuizController (ITPE3200FAM).
2025-10-19 13:19:25.803 +02:00 [INF] Executing RedirectResult, redirecting to /TakeQuiz.
2025-10-19 13:19:25.803 +02:00 [INF] Executed action ITPE3200FAM.Controllers.TakeQuizController.SaveAttempt (ITPE3200FAM) in 24.6822ms
2025-10-19 13:19:25.803 +02:00 [INF] Executed endpoint 'ITPE3200FAM.Controllers.TakeQuizController.SaveAttempt (ITPE3200FAM)'
2025-10-19 13:19:25.804 +02:00 [INF] Request finished HTTP/1.1 POST http://localhost:5185/TakeQuiz/SaveAttempt - 302 0 null 25.4122ms
2025-10-19 13:19:25.809 +02:00 [INF] Request starting HTTP/1.1 GET http://localhost:5185/TakeQuiz - null null
2025-10-19 13:19:25.810 +02:00 [INF] Executing endpoint 'ITPE3200FAM.Controllers.TakeQuizController.Index (ITPE3200FAM)'
2025-10-19 13:19:25.810 +02:00 [INF] Route matched with {action = "Index", controller = "TakeQuiz"}. Executing controller action with signature System.Threading.Tasks.Task`1[Microsoft.AspNetCore.Mvc.IActionResult] Index() on controller ITPE3200FAM.Controllers.TakeQuizController (ITPE3200FAM).
2025-10-19 13:19:25.819 +02:00 [INF] Executing ViewResult, running view Index.
2025-10-19 13:19:25.820 +02:00 [INF] Executed ViewResult - view Index executed in 1.7699ms.
2025-10-19 13:19:25.821 +02:00 [INF] Executed action ITPE3200FAM.Controllers.TakeQuizController.Index (ITPE3200FAM) in 10.8137ms
2025-10-19 13:19:25.821 +02:00 [INF] Executed endpoint 'ITPE3200FAM.Controllers.TakeQuizController.Index (ITPE3200FAM)'
2025-10-19 13:19:25.821 +02:00 [INF] Request finished HTTP/1.1 GET http://localhost:5185/TakeQuiz - 200 null text/html; charset=utf-8 11.2933ms
2025-10-19 13:19:26.877 +02:00 [INF] Request starting HTTP/1.1 GET http://localhost:5185/TakeQuiz/Attempts/51 - null null
2025-10-19 13:19:26.877 +02:00 [INF] Executing endpoint 'ITPE3200FAM.Controllers.TakeQuizController.Attempts (ITPE3200FAM)'
2025-10-19 13:19:26.877 +02:00 [INF] Route matched with {action = "Attempts", controller = "TakeQuiz"}. Executing controller action with signature System.Threading.Tasks.Task`1[Microsoft.AspNetCore.Mvc.IActionResult] Attempts(Int32) on controller ITPE3200FAM.Controllers.TakeQuizController (ITPE3200FAM).
2025-10-19 13:19:26.891 +02:00 [INF] Executing ViewResult, running view Attempts.
2025-10-19 13:19:26.894 +02:00 [INF] Executed ViewResult - view Attempts executed in 3.2236ms.
2025-10-19 13:19:26.894 +02:00 [INF] Executed action ITPE3200FAM.Controllers.TakeQuizController.Attempts (ITPE3200FAM) in 17.0984ms
2025-10-19 13:19:26.894 +02:00 [INF] Executed endpoint 'ITPE3200FAM.Controllers.TakeQuizController.Attempts (ITPE3200FAM)'
2025-10-19 13:19:26.894 +02:00 [INF] Request finished HTTP/1.1 GET http://localhost:5185/TakeQuiz/Attempts/51 - 200 null text/html; charset=utf-8 17.8051ms
2025-10-19 13:19:30.648 +02:00 [INF] Request starting HTTP/1.1 GET http://localhost:5185/TakeQuiz - null null
2025-10-19 13:19:30.649 +02:00 [INF] Executing endpoint 'ITPE3200FAM.Controllers.TakeQuizController.Index (ITPE3200FAM)'
2025-10-19 13:19:30.649 +02:00 [INF] Route matched with {action = "Index", controller = "TakeQuiz"}. Executing controller action with signature System.Threading.Tasks.Task`1[Microsoft.AspNetCore.Mvc.IActionResult] Index() on controller ITPE3200FAM.Controllers.TakeQuizController (ITPE3200FAM).
2025-10-19 13:19:30.660 +02:00 [INF] Executing ViewResult, running view Index.
2025-10-19 13:19:30.661 +02:00 [INF] Executed ViewResult - view Index executed in 1.4011ms.
2025-10-19 13:19:30.661 +02:00 [INF] Executed action ITPE3200FAM.Controllers.TakeQuizController.Index (ITPE3200FAM) in 11.8128ms
2025-10-19 13:19:30.661 +02:00 [INF] Executed endpoint 'ITPE3200FAM.Controllers.TakeQuizController.Index (ITPE3200FAM)'
2025-10-19 13:19:30.661 +02:00 [INF] Request finished HTTP/1.1 GET http://localhost:5185/TakeQuiz - 200 null text/html; charset=utf-8 12.9955ms
2025-10-19 13:19:31.726 +02:00 [INF] Request starting HTTP/1.1 GET http://localhost:5185/TakeQuiz/Take/51 - null null
2025-10-19 13:19:31.726 +02:00 [INF] Executing endpoint 'ITPE3200FAM.Controllers.TakeQuizController.Take (ITPE3200FAM)'
2025-10-19 13:19:31.726 +02:00 [INF] Route matched with {action = "Take", controller = "TakeQuiz"}. Executing controller action with signature System.Threading.Tasks.Task`1[Microsoft.AspNetCore.Mvc.IActionResult] Take(Int32) on controller ITPE3200FAM.Controllers.TakeQuizController (ITPE3200FAM).
2025-10-19 13:19:31.733 +02:00 [INF] Executing ViewResult, running view Take.
2025-10-19 13:19:31.734 +02:00 [INF] Executed ViewResult - view Take executed in 1.0855ms.
2025-10-19 13:19:31.735 +02:00 [INF] Executed action ITPE3200FAM.Controllers.TakeQuizController.Take (ITPE3200FAM) in 8.2574ms
2025-10-19 13:19:31.735 +02:00 [INF] Executed endpoint 'ITPE3200FAM.Controllers.TakeQuizController.Take (ITPE3200FAM)'
2025-10-19 13:19:31.735 +02:00 [INF] Request finished HTTP/1.1 GET http://localhost:5185/TakeQuiz/Take/51 - 200 null text/html; charset=utf-8 8.8114ms
2025-10-19 13:19:48.263 +02:00 [INF] Request starting HTTP/1.1 POST http://localhost:5185/TakeQuiz/Submit - application/x-www-form-urlencoded 270
2025-10-19 13:19:48.273 +02:00 [INF] Executing endpoint 'ITPE3200FAM.Controllers.TakeQuizController.Submit (ITPE3200FAM)'
2025-10-19 13:19:48.275 +02:00 [INF] Route matched with {action = "Submit", controller = "TakeQuiz"}. Executing controller action with signature System.Threading.Tasks.Task`1[Microsoft.AspNetCore.Mvc.IActionResult] Submit(Int32, System.String, System.Collections.Generic.Dictionary`2[System.String,System.String]) on controller ITPE3200FAM.Controllers.TakeQuizController (ITPE3200FAM).
2025-10-19 13:19:48.294 +02:00 [INF] Executing ViewResult, running view Result.
2025-10-19 13:19:48.296 +02:00 [INF] Executed ViewResult - view Result executed in 2.4215ms.
2025-10-19 13:19:48.296 +02:00 [INF] Executed action ITPE3200FAM.Controllers.TakeQuizController.Submit (ITPE3200FAM) in 21.0648ms
2025-10-19 13:19:48.297 +02:00 [INF] Executed endpoint 'ITPE3200FAM.Controllers.TakeQuizController.Submit (ITPE3200FAM)'
2025-10-19 13:19:48.297 +02:00 [INF] Request finished HTTP/1.1 POST http://localhost:5185/TakeQuiz/Submit - 200 null text/html; charset=utf-8 33.8828ms
2025-10-19 13:19:50.073 +02:00 [INF] Request starting HTTP/1.1 GET http://localhost:5185/TakeQuiz - null null
2025-10-19 13:19:50.073 +02:00 [INF] Executing endpoint 'ITPE3200FAM.Controllers.TakeQuizController.Index (ITPE3200FAM)'
2025-10-19 13:19:50.073 +02:00 [INF] Route matched with {action = "Index", controller = "TakeQuiz"}. Executing controller action with signature System.Threading.Tasks.Task`1[Microsoft.AspNetCore.Mvc.IActionResult] Index() on controller ITPE3200FAM.Controllers.TakeQuizController (ITPE3200FAM).
2025-10-19 13:19:50.090 +02:00 [INF] Executing ViewResult, running view Index.
2025-10-19 13:19:50.092 +02:00 [INF] Executed ViewResult - view Index executed in 1.422ms.
2025-10-19 13:19:50.092 +02:00 [INF] Executed action ITPE3200FAM.Controllers.TakeQuizController.Index (ITPE3200FAM) in 18.4927ms
2025-10-19 13:19:50.092 +02:00 [INF] Executed endpoint 'ITPE3200FAM.Controllers.TakeQuizController.Index (ITPE3200FAM)'
2025-10-19 13:19:50.092 +02:00 [INF] Request finished HTTP/1.1 GET http://localhost:5185/TakeQuiz - 200 null text/html; charset=utf-8 19.2859ms
2025-10-19 13:19:50.969 +02:00 [INF] Request starting HTTP/1.1 GET http://localhost:5185/TakeQuiz/Attempts/51 - null null
2025-10-19 13:19:50.969 +02:00 [INF] Executing endpoint 'ITPE3200FAM.Controllers.TakeQuizController.Attempts (ITPE3200FAM)'
2025-10-19 13:19:50.969 +02:00 [INF] Route matched with {action = "Attempts", controller = "TakeQuiz"}. Executing controller action with signature System.Threading.Tasks.Task`1[Microsoft.AspNetCore.Mvc.IActionResult] Attempts(Int32) on controller ITPE3200FAM.Controllers.TakeQuizController (ITPE3200FAM).
2025-10-19 13:19:50.978 +02:00 [INF] Executing ViewResult, running view Attempts.
2025-10-19 13:19:50.980 +02:00 [INF] Executed ViewResult - view Attempts executed in 1.7863ms.
2025-10-19 13:19:50.980 +02:00 [INF] Executed action ITPE3200FAM.Controllers.TakeQuizController.Attempts (ITPE3200FAM) in 10.9661ms
2025-10-19 13:19:50.980 +02:00 [INF] Executed endpoint 'ITPE3200FAM.Controllers.TakeQuizController.Attempts (ITPE3200FAM)'
2025-10-19 13:19:50.981 +02:00 [INF] Request finished HTTP/1.1 GET http://localhost:5185/TakeQuiz/Attempts/51 - 200 null text/html; charset=utf-8 12.2181ms
2025-10-19 13:19:52.537 +02:00 [INF] Request starting HTTP/1.1 GET http://localhost:5185/TakeQuiz - null null
2025-10-19 13:19:52.537 +02:00 [INF] Executing endpoint 'ITPE3200FAM.Controllers.TakeQuizController.Index (ITPE3200FAM)'
2025-10-19 13:19:52.537 +02:00 [INF] Route matched with {action = "Index", controller = "TakeQuiz"}. Executing controller action with signature System.Threading.Tasks.Task`1[Microsoft.AspNetCore.Mvc.IActionResult] Index() on controller ITPE3200FAM.Controllers.TakeQuizController (ITPE3200FAM).
2025-10-19 13:19:52.547 +02:00 [INF] Executing ViewResult, running view Index.
2025-10-19 13:19:52.548 +02:00 [INF] Executed ViewResult - view Index executed in 1.0988ms.
2025-10-19 13:19:52.548 +02:00 [INF] Executed action ITPE3200FAM.Controllers.TakeQuizController.Index (ITPE3200FAM) in 10.6971ms
2025-10-19 13:19:52.548 +02:00 [INF] Executed endpoint 'ITPE3200FAM.Controllers.TakeQuizController.Index (ITPE3200FAM)'
2025-10-19 13:19:52.551 +02:00 [INF] Request finished HTTP/1.1 GET http://localhost:5185/TakeQuiz - 200 null text/html; charset=utf-8 14.2255ms
2025-10-19 13:19:53.580 +02:00 [INF] Request starting HTTP/1.1 GET http://localhost:5185/Quiz - null null
2025-10-19 13:19:53.580 +02:00 [INF] Executing endpoint 'ITPE3200FAM.Controllers.QuizController.Index (ITPE3200FAM)'
2025-10-19 13:19:53.580 +02:00 [INF] Route matched with {action = "Index", controller = "Quiz"}. Executing controller action with signature System.Threading.Tasks.Task`1[Microsoft.AspNetCore.Mvc.IActionResult] Index() on controller ITPE3200FAM.Controllers.QuizController (ITPE3200FAM).
2025-10-19 13:19:53.595 +02:00 [INF] Executing ViewResult, running view Index.
2025-10-19 13:19:53.596 +02:00 [INF] Executed ViewResult - view Index executed in 0.8798ms.
2025-10-19 13:19:53.596 +02:00 [INF] Executed action ITPE3200FAM.Controllers.QuizController.Index (ITPE3200FAM) in 15.7896ms
2025-10-19 13:19:53.596 +02:00 [INF] Executed endpoint 'ITPE3200FAM.Controllers.QuizController.Index (ITPE3200FAM)'
2025-10-19 13:19:53.596 +02:00 [INF] Request finished HTTP/1.1 GET http://localhost:5185/Quiz - 200 null text/html; charset=utf-8 16.5496ms
2025-10-19 13:19:55.602 +02:00 [INF] Request starting HTTP/1.1 GET http://localhost:5185/ - null null
2025-10-19 13:19:55.602 +02:00 [INF] Executing endpoint 'ITPE3200FAM.Controllers.HomeController.Index (ITPE3200FAM)'
2025-10-19 13:19:55.602 +02:00 [INF] Route matched with {action = "Index", controller = "Home"}. Executing controller action with signature Microsoft.AspNetCore.Mvc.IActionResult Index() on controller ITPE3200FAM.Controllers.HomeController (ITPE3200FAM).
2025-10-19 13:19:55.603 +02:00 [INF] Executing ViewResult, running view Index.
2025-10-19 13:19:55.604 +02:00 [INF] Executed ViewResult - view Index executed in 1.2468ms.
2025-10-19 13:19:55.604 +02:00 [INF] Executed action ITPE3200FAM.Controllers.HomeController.Index (ITPE3200FAM) in 1.8465ms
2025-10-19 13:19:55.604 +02:00 [INF] Executed endpoint 'ITPE3200FAM.Controllers.HomeController.Index (ITPE3200FAM)'
2025-10-19 13:19:55.604 +02:00 [INF] Request finished HTTP/1.1 GET http://localhost:5185/ - 200 null text/html; charset=utf-8 2.3798ms
2025-10-19 13:19:56.681 +02:00 [INF] Request starting HTTP/1.1 GET http://localhost:5185/Quiz/Create - null null
2025-10-19 13:19:56.681 +02:00 [INF] Executing endpoint 'ITPE3200FAM.Controllers.QuizController.Create (ITPE3200FAM)'
2025-10-19 13:19:56.681 +02:00 [INF] Route matched with {action = "Create", controller = "Quiz"}. Executing controller action with signature Microsoft.AspNetCore.Mvc.IActionResult Create() on controller ITPE3200FAM.Controllers.QuizController (ITPE3200FAM).
2025-10-19 13:19:56.681 +02:00 [INF] Executing ViewResult, running view Create.
2025-10-19 13:19:56.697 +02:00 [INF] Executed ViewResult - view Create executed in 15.7626ms.
2025-10-19 13:19:56.697 +02:00 [INF] Executed action ITPE3200FAM.Controllers.QuizController.Create (ITPE3200FAM) in 16.1614ms
2025-10-19 13:19:56.697 +02:00 [INF] Executed endpoint 'ITPE3200FAM.Controllers.QuizController.Create (ITPE3200FAM)'
2025-10-19 13:19:56.697 +02:00 [INF] Request finished HTTP/1.1 GET http://localhost:5185/Quiz/Create - 200 null text/html; charset=utf-8 16.6617ms
2025-10-19 13:19:57.871 +02:00 [INF] Request starting HTTP/1.1 GET http://localhost:5185/Quiz - null null
2025-10-19 13:19:57.871 +02:00 [INF] Executing endpoint 'ITPE3200FAM.Controllers.QuizController.Index (ITPE3200FAM)'
2025-10-19 13:19:57.871 +02:00 [INF] Route matched with {action = "Index", controller = "Quiz"}. Executing controller action with signature System.Threading.Tasks.Task`1[Microsoft.AspNetCore.Mvc.IActionResult] Index() on controller ITPE3200FAM.Controllers.QuizController (ITPE3200FAM).
2025-10-19 13:19:57.892 +02:00 [INF] Executing ViewResult, running view Index.
2025-10-19 13:19:57.893 +02:00 [INF] Executed ViewResult - view Index executed in 1.4828ms.
2025-10-19 13:19:57.893 +02:00 [INF] Executed action ITPE3200FAM.Controllers.QuizController.Index (ITPE3200FAM) in 22.286ms
2025-10-19 13:19:57.893 +02:00 [INF] Executed endpoint 'ITPE3200FAM.Controllers.QuizController.Index (ITPE3200FAM)'
2025-10-19 13:19:57.893 +02:00 [INF] Request finished HTTP/1.1 GET http://localhost:5185/Quiz - 200 null text/html; charset=utf-8 22.857ms
2025-10-19 13:19:59.809 +02:00 [INF] Request starting HTTP/1.1 GET http://localhost:5185/ - null null
2025-10-19 13:19:59.809 +02:00 [INF] Executing endpoint 'ITPE3200FAM.Controllers.HomeController.Index (ITPE3200FAM)'
2025-10-19 13:19:59.809 +02:00 [INF] Route matched with {action = "Index", controller = "Home"}. Executing controller action with signature Microsoft.AspNetCore.Mvc.IActionResult Index() on controller ITPE3200FAM.Controllers.HomeController (ITPE3200FAM).
2025-10-19 13:19:59.809 +02:00 [INF] Executing ViewResult, running view Index.
2025-10-19 13:19:59.810 +02:00 [INF] Executed ViewResult - view Index executed in 0.3726ms.
2025-10-19 13:19:59.810 +02:00 [INF] Executed action ITPE3200FAM.Controllers.HomeController.Index (ITPE3200FAM) in 0.4846ms
2025-10-19 13:19:59.810 +02:00 [INF] Executed endpoint 'ITPE3200FAM.Controllers.HomeController.Index (ITPE3200FAM)'
2025-10-19 13:19:59.810 +02:00 [INF] Request finished HTTP/1.1 GET http://localhost:5185/ - 200 null text/html; charset=utf-8 0.8289ms
2025-10-19 13:20:01.848 +02:00 [INF] Request starting HTTP/1.1 GET http://localhost:5185/TakeQuiz - null null
2025-10-19 13:20:01.848 +02:00 [INF] Executing endpoint 'ITPE3200FAM.Controllers.TakeQuizController.Index (ITPE3200FAM)'
2025-10-19 13:20:01.848 +02:00 [INF] Route matched with {action = "Index", controller = "TakeQuiz"}. Executing controller action with signature System.Threading.Tasks.Task`1[Microsoft.AspNetCore.Mvc.IActionResult] Index() on controller ITPE3200FAM.Controllers.TakeQuizController (ITPE3200FAM).
2025-10-19 13:20:01.859 +02:00 [INF] Executing ViewResult, running view Index.
2025-10-19 13:20:01.860 +02:00 [INF] Executed ViewResult - view Index executed in 0.8377ms.
2025-10-19 13:20:01.860 +02:00 [INF] Executed action ITPE3200FAM.Controllers.TakeQuizController.Index (ITPE3200FAM) in 12.0362ms
2025-10-19 13:20:01.860 +02:00 [INF] Executed endpoint 'ITPE3200FAM.Controllers.TakeQuizController.Index (ITPE3200FAM)'
2025-10-19 13:20:01.861 +02:00 [INF] Request finished HTTP/1.1 GET http://localhost:5185/TakeQuiz - 200 null text/html; charset=utf-8 12.5405ms
2025-10-19 13:20:04.030 +02:00 [INF] Request starting HTTP/1.1 GET http://localhost:5185/ - null null
2025-10-19 13:20:04.031 +02:00 [INF] Executing endpoint 'ITPE3200FAM.Controllers.HomeController.Index (ITPE3200FAM)'
2025-10-19 13:20:04.031 +02:00 [INF] Route matched with {action = "Index", controller = "Home"}. Executing controller action with signature Microsoft.AspNetCore.Mvc.IActionResult Index() on controller ITPE3200FAM.Controllers.HomeController (ITPE3200FAM).
2025-10-19 13:20:04.031 +02:00 [INF] Executing ViewResult, running view Index.
2025-10-19 13:20:04.032 +02:00 [INF] Executed ViewResult - view Index executed in 0.5033ms.
2025-10-19 13:20:04.032 +02:00 [INF] Executed action ITPE3200FAM.Controllers.HomeController.Index (ITPE3200FAM) in 0.9456ms
2025-10-19 13:20:04.032 +02:00 [INF] Executed endpoint 'ITPE3200FAM.Controllers.HomeController.Index (ITPE3200FAM)'
2025-10-19 13:20:04.032 +02:00 [INF] Request finished HTTP/1.1 GET http://localhost:5185/ - 200 null text/html; charset=utf-8 1.4095ms
