2025-10-17 11:47:31.984 +02:00 [INF] User profile is available. Using 'C:\Users\Aliza Mudassar\AppData\Local\ASP.NET\DataProtection-Keys' as key repository and Windows DPAPI to encrypt keys at rest.
2025-10-17 11:47:32.113 +02:00 [INF] Now listening on: http://localhost:5185
2025-10-17 11:47:32.118 +02:00 [INF] Application started. Press Ctrl+C to shut down.
2025-10-17 11:47:32.119 +02:00 [INF] Hosting environment: Development
2025-10-17 11:47:32.120 +02:00 [INF] Content root path: C:\Users\Aliza Mudassar\OneDrive - OsloMet\webapplikasjoner\ITPE3200FAM
2025-10-17 11:47:34.765 +02:00 [INF] Request starting HTTP/1.1 GET http://localhost:5185/ - null null
2025-10-17 11:47:34.838 +02:00 [INF] Executing endpoint 'ITPE3200FAM.Controllers.HomeController.Index (ITPE3200FAM)'
2025-10-17 11:47:34.877 +02:00 [INF] Route matched with {action = "Index", controller = "Home"}. Executing controller action with signature Microsoft.AspNetCore.Mvc.IActionResult Index() on controller ITPE3200FAM.Controllers.HomeController (ITPE3200FAM).
2025-10-17 11:47:34.912 +02:00 [INF] Executing ViewResult, running view Index.
2025-10-17 11:47:35.040 +02:00 [INF] Executed ViewResult - view Index executed in 137.3063ms.
2025-10-17 11:47:35.047 +02:00 [INF] Executed action ITPE3200FAM.Controllers.HomeController.Index (ITPE3200FAM) in 169.7875ms
2025-10-17 11:47:35.048 +02:00 [INF] Executed endpoint 'ITPE3200FAM.Controllers.HomeController.Index (ITPE3200FAM)'
2025-10-17 11:47:35.052 +02:00 [INF] Request finished HTTP/1.1 GET http://localhost:5185/ - 200 null text/html; charset=utf-8 296.3598ms
2025-10-17 11:48:00.548 +02:00 [INF] Request starting HTTP/1.1 GET http://localhost:5185/ - null null
2025-10-17 11:48:00.552 +02:00 [INF] Executing endpoint 'ITPE3200FAM.Controllers.HomeController.Index (ITPE3200FAM)'
2025-10-17 11:48:00.553 +02:00 [INF] Route matched with {action = "Index", controller = "Home"}. Executing controller action with signature Microsoft.AspNetCore.Mvc.IActionResult Index() on controller ITPE3200FAM.Controllers.HomeController (ITPE3200FAM).
2025-10-17 11:48:00.554 +02:00 [INF] Executing ViewResult, running view Index.
2025-10-17 11:48:00.561 +02:00 [INF] Executed ViewResult - view Index executed in 6.773ms.
2025-10-17 11:48:00.561 +02:00 [INF] Executed action ITPE3200FAM.Controllers.HomeController.Index (ITPE3200FAM) in 7.8787ms
2025-10-17 11:48:00.561 +02:00 [INF] Executed endpoint 'ITPE3200FAM.Controllers.HomeController.Index (ITPE3200FAM)'
2025-10-17 11:48:00.561 +02:00 [INF] Request finished HTTP/1.1 GET http://localhost:5185/ - 200 null text/html; charset=utf-8 14.1272ms
