2025-10-14 19:25:06.623 +02:00 [INF] User profile is available. Using 'C:\Users\Aliza Mudassar\AppData\Local\ASP.NET\DataProtection-Keys' as key repository and Windows DPAPI to encrypt keys at rest.
2025-10-14 19:25:06.842 +02:00 [INF] Now listening on: http://localhost:5185
2025-10-14 19:25:06.847 +02:00 [INF] Application started. Press Ctrl+C to shut down.
2025-10-14 19:25:06.848 +02:00 [INF] Hosting environment: Development
2025-10-14 19:25:06.848 +02:00 [INF] Content root path: C:\Users\Aliza Mudassar\OneDrive - OsloMet\webapplikasjoner\ITPE3200FAM
2025-10-14 19:25:11.416 +02:00 [INF] Request starting HTTP/1.1 GET http://localhost:5185/ - null null
2025-10-14 19:25:11.487 +02:00 [INF] Executing endpoint 'ITPE3200FAM.Controllers.HomeController.Index (ITPE3200FAM)'
2025-10-14 19:25:11.553 +02:00 [INF] Route matched with {action = "Index", controller = "Home"}. Executing controller action with signature Microsoft.AspNetCore.Mvc.IActionResult Index() on controller ITPE3200FAM.Controllers.HomeController (ITPE3200FAM).
2025-10-14 19:25:11.576 +02:00 [INF] Executing ViewResult, running view Index.
2025-10-14 19:25:11.672 +02:00 [INF] Executed ViewResult - view Index executed in 98.9757ms.
2025-10-14 19:25:11.677 +02:00 [INF] Executed action ITPE3200FAM.Controllers.HomeController.Index (ITPE3200FAM) in 122.3799ms
2025-10-14 19:25:11.677 +02:00 [INF] Executed endpoint 'ITPE3200FAM.Controllers.HomeController.Index (ITPE3200FAM)'
2025-10-14 19:25:11.681 +02:00 [INF] Request finished HTTP/1.1 GET http://localhost:5185/ - 200 null text/html; charset=utf-8 271.2867ms
2025-10-14 19:25:20.581 +02:00 [INF] Request starting HTTP/1.1 GET http://localhost:5185/TakeQuiz - null null
2025-10-14 19:25:20.588 +02:00 [INF] Executing endpoint 'ITPE3200FAM.Controllers.TakeQuizController.Index (ITPE3200FAM)'
2025-10-14 19:25:20.597 +02:00 [INF] Route matched with {action = "Index", controller = "TakeQuiz"}. Executing controller action with signature System.Threading.Tasks.Task`1[Microsoft.AspNetCore.Mvc.IActionResult] Index() on controller ITPE3200FAM.Controllers.TakeQuizController (ITPE3200FAM).
2025-10-14 19:25:21.939 +02:00 [WRN] Compiling a query which loads related collections for more than one collection navigation, either via 'Include' or through projection, but no 'QuerySplittingBehavior' has been configured. By default, Entity Framework will use 'QuerySplittingBehavior.SingleQuery', which can potentially result in slow query performance. See https://go.microsoft.com/fwlink/?linkid=2134277 for more information. To identify the query that's triggering this warning call 'ConfigureWarnings(w => w.Throw(RelationalEventId.MultipleCollectionIncludeWarning))'.
2025-10-14 19:25:22.253 +02:00 [INF] Executing ViewResult, running view Index.
2025-10-14 19:25:22.263 +02:00 [INF] Executed ViewResult - view Index executed in 11.3455ms.
2025-10-14 19:25:22.263 +02:00 [INF] Executed action ITPE3200FAM.Controllers.TakeQuizController.Index (ITPE3200FAM) in 1665.7928ms
2025-10-14 19:25:22.263 +02:00 [INF] Executed endpoint 'ITPE3200FAM.Controllers.TakeQuizController.Index (ITPE3200FAM)'
2025-10-14 19:25:22.273 +02:00 [INF] Request finished HTTP/1.1 GET http://localhost:5185/TakeQuiz - 200 null text/html; charset=utf-8 1692.6766ms
2025-10-14 19:25:23.657 +02:00 [INF] Request starting HTTP/1.1 GET http://localhost:5185/TakeQuiz/Take/23 - null null
2025-10-14 19:25:23.659 +02:00 [INF] Executing endpoint 'ITPE3200FAM.Controllers.TakeQuizController.Take (ITPE3200FAM)'
2025-10-14 19:25:23.673 +02:00 [INF] Route matched with {action = "Take", controller = "TakeQuiz"}. Executing controller action with signature System.Threading.Tasks.Task`1[Microsoft.AspNetCore.Mvc.IActionResult] Take(Int32) on controller ITPE3200FAM.Controllers.TakeQuizController (ITPE3200FAM).
2025-10-14 19:25:23.732 +02:00 [WRN] Compiling a query which loads related collections for more than one collection navigation, either via 'Include' or through projection, but no 'QuerySplittingBehavior' has been configured. By default, Entity Framework will use 'QuerySplittingBehavior.SingleQuery', which can potentially result in slow query performance. See https://go.microsoft.com/fwlink/?linkid=2134277 for more information. To identify the query that's triggering this warning call 'ConfigureWarnings(w => w.Throw(RelationalEventId.MultipleCollectionIncludeWarning))'.
2025-10-14 19:25:23.758 +02:00 [INF] Executing ViewResult, running view Take.
2025-10-14 19:25:23.780 +02:00 [INF] Executed ViewResult - view Take executed in 22.8285ms.
2025-10-14 19:25:23.780 +02:00 [INF] Executed action ITPE3200FAM.Controllers.TakeQuizController.Take (ITPE3200FAM) in 107.5283ms
2025-10-14 19:25:23.780 +02:00 [INF] Executed endpoint 'ITPE3200FAM.Controllers.TakeQuizController.Take (ITPE3200FAM)'
2025-10-14 19:25:23.781 +02:00 [INF] Request finished HTTP/1.1 GET http://localhost:5185/TakeQuiz/Take/23 - 200 null text/html; charset=utf-8 123.9213ms
2025-10-14 19:25:26.170 +02:00 [INF] Request starting HTTP/1.1 POST http://localhost:5185/TakeQuiz/Submit - application/x-www-form-urlencoded 202
2025-10-14 19:25:26.173 +02:00 [INF] Executing endpoint 'ITPE3200FAM.Controllers.TakeQuizController.Submit (ITPE3200FAM)'
2025-10-14 19:25:26.186 +02:00 [INF] Route matched with {action = "Submit", controller = "TakeQuiz"}. Executing controller action with signature System.Threading.Tasks.Task`1[Microsoft.AspNetCore.Mvc.IActionResult] Submit(Int32, System.String, System.Collections.Generic.Dictionary`2[System.String,System.String]) on controller ITPE3200FAM.Controllers.TakeQuizController (ITPE3200FAM).
2025-10-14 19:25:26.294 +02:00 [INF] Executing ViewResult, running view Take.
2025-10-14 19:25:26.299 +02:00 [INF] Executed ViewResult - view Take executed in 5.3042ms.
2025-10-14 19:25:26.299 +02:00 [INF] Executed action ITPE3200FAM.Controllers.TakeQuizController.Submit (ITPE3200FAM) in 113.2884ms
2025-10-14 19:25:26.300 +02:00 [INF] Executed endpoint 'ITPE3200FAM.Controllers.TakeQuizController.Submit (ITPE3200FAM)'
2025-10-14 19:25:26.300 +02:00 [INF] Request finished HTTP/1.1 POST http://localhost:5185/TakeQuiz/Submit - 200 null text/html; charset=utf-8 129.6999ms
2025-10-14 19:25:38.290 +02:00 [INF] Request starting HTTP/1.1 POST http://localhost:5185/TakeQuiz/Submit - application/x-www-form-urlencoded 284
2025-10-14 19:25:38.292 +02:00 [INF] Executing endpoint 'ITPE3200FAM.Controllers.TakeQuizController.Submit (ITPE3200FAM)'
2025-10-14 19:25:38.292 +02:00 [INF] Route matched with {action = "Submit", controller = "TakeQuiz"}. Executing controller action with signature System.Threading.Tasks.Task`1[Microsoft.AspNetCore.Mvc.IActionResult] Submit(Int32, System.String, System.Collections.Generic.Dictionary`2[System.String,System.String]) on controller ITPE3200FAM.Controllers.TakeQuizController (ITPE3200FAM).
2025-10-14 19:25:38.300 +02:00 [INF] Executing ViewResult, running view Result.
2025-10-14 19:25:38.309 +02:00 [INF] Executed ViewResult - view Result executed in 10.6586ms.
2025-10-14 19:25:38.310 +02:00 [INF] Executed action ITPE3200FAM.Controllers.TakeQuizController.Submit (ITPE3200FAM) in 17.6686ms
2025-10-14 19:25:38.310 +02:00 [INF] Executed endpoint 'ITPE3200FAM.Controllers.TakeQuizController.Submit (ITPE3200FAM)'
2025-10-14 19:25:38.310 +02:00 [INF] Request finished HTTP/1.1 POST http://localhost:5185/TakeQuiz/Submit - 200 null text/html; charset=utf-8 20.1741ms
2025-10-14 19:25:40.923 +02:00 [INF] Request starting HTTP/1.1 GET http://localhost:5185/TakeQuiz/Take/23 - null null
2025-10-14 19:25:40.923 +02:00 [INF] Executing endpoint 'ITPE3200FAM.Controllers.TakeQuizController.Take (ITPE3200FAM)'
2025-10-14 19:25:40.924 +02:00 [INF] Route matched with {action = "Take", controller = "TakeQuiz"}. Executing controller action with signature System.Threading.Tasks.Task`1[Microsoft.AspNetCore.Mvc.IActionResult] Take(Int32) on controller ITPE3200FAM.Controllers.TakeQuizController (ITPE3200FAM).
2025-10-14 19:25:40.928 +02:00 [INF] Executing ViewResult, running view Take.
2025-10-14 19:25:40.930 +02:00 [INF] Executed ViewResult - view Take executed in 2.3779ms.
2025-10-14 19:25:40.930 +02:00 [INF] Executed action ITPE3200FAM.Controllers.TakeQuizController.Take (ITPE3200FAM) in 6.2813ms
2025-10-14 19:25:40.930 +02:00 [INF] Executed endpoint 'ITPE3200FAM.Controllers.TakeQuizController.Take (ITPE3200FAM)'
2025-10-14 19:25:40.932 +02:00 [INF] Request finished HTTP/1.1 GET http://localhost:5185/TakeQuiz/Take/23 - 200 null text/html; charset=utf-8 8.5249ms
2025-10-14 19:26:22.037 +02:00 [INF] Request starting HTTP/1.1 GET http://localhost:5185/ - null null
2025-10-14 19:26:22.037 +02:00 [INF] Executing endpoint 'ITPE3200FAM.Controllers.HomeController.Index (ITPE3200FAM)'
2025-10-14 19:26:22.037 +02:00 [INF] Route matched with {action = "Index", controller = "Home"}. Executing controller action with signature Microsoft.AspNetCore.Mvc.IActionResult Index() on controller ITPE3200FAM.Controllers.HomeController (ITPE3200FAM).
2025-10-14 19:26:22.037 +02:00 [INF] Executing ViewResult, running view Index.
2025-10-14 19:26:22.038 +02:00 [INF] Executed ViewResult - view Index executed in 0.9461ms.
2025-10-14 19:26:22.038 +02:00 [INF] Executed action ITPE3200FAM.Controllers.HomeController.Index (ITPE3200FAM) in 1.1714ms
2025-10-14 19:26:22.038 +02:00 [INF] Executed endpoint 'ITPE3200FAM.Controllers.HomeController.Index (ITPE3200FAM)'
2025-10-14 19:26:22.038 +02:00 [INF] Request finished HTTP/1.1 GET http://localhost:5185/ - 200 null text/html; charset=utf-8 1.7746ms
2025-10-14 19:28:56.071 +02:00 [INF] Application is shutting down...
