2025-10-14 20:03:14.853 +02:00 [INF] User profile is available. Using 'C:\Users\Admin\AppData\Local\ASP.NET\DataProtection-Keys' as key repository and Windows DPAPI to encrypt keys at rest.
2025-10-14 20:03:15.362 +02:00 [INF] Now listening on: https://localhost:7064
2025-10-14 20:03:15.367 +02:00 [INF] Now listening on: http://localhost:5185
2025-10-14 20:03:15.377 +02:00 [INF] Application started. Press Ctrl+C to shut down.
2025-10-14 20:03:15.383 +02:00 [INF] Hosting environment: Development
2025-10-14 20:03:15.387 +02:00 [INF] Content root path: C:\Users\Admin\OneDrive - OsloMet\FAMExam\ITPE3200FAM
2025-10-14 20:03:21.282 +02:00 [INF] Request starting HTTP/1.1 GET http://localhost:5185/home/index - null null
2025-10-14 20:03:21.347 +02:00 [INF] Executing endpoint 'ITPE3200FAM.Controllers.HomeController.Index (ITPE3200FAM)'
2025-10-14 20:03:21.422 +02:00 [INF] Route matched with {action = "Index", controller = "Home"}. Executing controller action with signature Microsoft.AspNetCore.Mvc.IActionResult Index() on controller ITPE3200FAM.Controllers.HomeController (ITPE3200FAM).
2025-10-14 20:03:21.450 +02:00 [INF] Executing ViewResult, running view Index.
2025-10-14 20:03:23.206 +02:00 [INF] Executed ViewResult - view Index executed in 1766.9054ms.
2025-10-14 20:03:23.212 +02:00 [INF] Executed action ITPE3200FAM.Controllers.HomeController.Index (ITPE3200FAM) in 1787.9208ms
2025-10-14 20:03:23.212 +02:00 [INF] Executed endpoint 'ITPE3200FAM.Controllers.HomeController.Index (ITPE3200FAM)'
2025-10-14 20:03:23.217 +02:00 [INF] Request finished HTTP/1.1 GET http://localhost:5185/home/index - 200 null text/html; charset=utf-8 1941.1562ms
2025-10-14 20:03:27.085 +02:00 [INF] Request starting HTTP/1.1 GET http://localhost:5185/Quiz - null null
2025-10-14 20:03:27.091 +02:00 [INF] Executing endpoint 'ITPE3200FAM.Controllers.QuizController.Index (ITPE3200FAM)'
2025-10-14 20:03:27.108 +02:00 [INF] Route matched with {action = "Index", controller = "Quiz"}. Executing controller action with signature System.Threading.Tasks.Task`1[Microsoft.AspNetCore.Mvc.IActionResult] Index() on controller ITPE3200FAM.Controllers.QuizController (ITPE3200FAM).
2025-10-14 20:03:28.784 +02:00 [WRN] Compiling a query which loads related collections for more than one collection navigation, either via 'Include' or through projection, but no 'QuerySplittingBehavior' has been configured. By default, Entity Framework will use 'QuerySplittingBehavior.SingleQuery', which can potentially result in slow query performance. See https://go.microsoft.com/fwlink/?linkid=2134277 for more information. To identify the query that's triggering this warning call 'ConfigureWarnings(w => w.Throw(RelationalEventId.MultipleCollectionIncludeWarning))'.
2025-10-14 20:03:29.159 +02:00 [INF] Executing ViewResult, running view Index.
2025-10-14 20:03:29.171 +02:00 [INF] Executed ViewResult - view Index executed in 13.4385ms.
2025-10-14 20:03:29.171 +02:00 [INF] Executed action ITPE3200FAM.Controllers.QuizController.Index (ITPE3200FAM) in 2063.096ms
2025-10-14 20:03:29.171 +02:00 [INF] Executed endpoint 'ITPE3200FAM.Controllers.QuizController.Index (ITPE3200FAM)'
2025-10-14 20:03:29.178 +02:00 [INF] Request finished HTTP/1.1 GET http://localhost:5185/Quiz - 200 null text/html; charset=utf-8 2092.6183ms
2025-10-14 20:03:31.212 +02:00 [INF] Request starting HTTP/1.1 GET http://localhost:5185/Quiz/Create - null null
2025-10-14 20:03:31.215 +02:00 [INF] Executing endpoint 'ITPE3200FAM.Controllers.QuizController.Create (ITPE3200FAM)'
2025-10-14 20:03:31.220 +02:00 [INF] Route matched with {action = "Create", controller = "Quiz"}. Executing controller action with signature Microsoft.AspNetCore.Mvc.IActionResult Create() on controller ITPE3200FAM.Controllers.QuizController (ITPE3200FAM).
2025-10-14 20:03:31.227 +02:00 [INF] Executing ViewResult, running view Create.
2025-10-14 20:03:31.350 +02:00 [INF] Executed ViewResult - view Create executed in 125.6934ms.
2025-10-14 20:03:31.350 +02:00 [INF] Executed action ITPE3200FAM.Controllers.QuizController.Create (ITPE3200FAM) in 129.9674ms
2025-10-14 20:03:31.351 +02:00 [INF] Executed endpoint 'ITPE3200FAM.Controllers.QuizController.Create (ITPE3200FAM)'
2025-10-14 20:03:31.351 +02:00 [INF] Request finished HTTP/1.1 GET http://localhost:5185/Quiz/Create - 200 null text/html; charset=utf-8 138.8043ms
2025-10-14 20:03:51.590 +02:00 [INF] Request starting HTTP/1.1 POST http://localhost:5185/Quiz/Create - application/x-www-form-urlencoded 888
2025-10-14 20:03:51.615 +02:00 [INF] Executing endpoint 'ITPE3200FAM.Controllers.QuizController.Create (ITPE3200FAM)'
2025-10-14 20:03:51.709 +02:00 [INF] Route matched with {action = "Create", controller = "Quiz"}. Executing controller action with signature System.Threading.Tasks.Task`1[Microsoft.AspNetCore.Mvc.IActionResult] Create(ITPE3200FAM.Models.Quiz) on controller ITPE3200FAM.Controllers.QuizController (ITPE3200FAM).
2025-10-14 20:03:51.846 +02:00 [INF] Executing ViewResult, running view Create.
2025-10-14 20:03:51.899 +02:00 [INF] Executed ViewResult - view Create executed in 54.6316ms.
2025-10-14 20:03:51.899 +02:00 [INF] Executed action ITPE3200FAM.Controllers.QuizController.Create (ITPE3200FAM) in 189.9992ms
2025-10-14 20:03:51.899 +02:00 [INF] Executed endpoint 'ITPE3200FAM.Controllers.QuizController.Create (ITPE3200FAM)'
2025-10-14 20:03:51.900 +02:00 [INF] Request finished HTTP/1.1 POST http://localhost:5185/Quiz/Create - 200 null text/html; charset=utf-8 311.7942ms
2025-10-14 20:03:56.885 +02:00 [INF] Request starting HTTP/1.1 POST http://localhost:5185/Quiz/Create - application/x-www-form-urlencoded 1103
2025-10-14 20:03:56.891 +02:00 [INF] Executing endpoint 'ITPE3200FAM.Controllers.QuizController.Create (ITPE3200FAM)'
2025-10-14 20:03:56.892 +02:00 [INF] Route matched with {action = "Create", controller = "Quiz"}. Executing controller action with signature System.Threading.Tasks.Task`1[Microsoft.AspNetCore.Mvc.IActionResult] Create(ITPE3200FAM.Models.Quiz) on controller ITPE3200FAM.Controllers.QuizController (ITPE3200FAM).
2025-10-14 20:03:56.897 +02:00 [INF] Executing ViewResult, running view Create.
2025-10-14 20:03:56.936 +02:00 [INF] Executed ViewResult - view Create executed in 39.4197ms.
2025-10-14 20:03:56.937 +02:00 [INF] Executed action ITPE3200FAM.Controllers.QuizController.Create (ITPE3200FAM) in 43.9623ms
2025-10-14 20:03:56.937 +02:00 [INF] Executed endpoint 'ITPE3200FAM.Controllers.QuizController.Create (ITPE3200FAM)'
2025-10-14 20:03:56.937 +02:00 [INF] Request finished HTTP/1.1 POST http://localhost:5185/Quiz/Create - 200 null text/html; charset=utf-8 51.85ms
2025-10-14 20:04:01.307 +02:00 [INF] Request starting HTTP/1.1 POST http://localhost:5185/Quiz/Create - application/x-www-form-urlencoded 1156
2025-10-14 20:04:01.309 +02:00 [INF] Executing endpoint 'ITPE3200FAM.Controllers.QuizController.Create (ITPE3200FAM)'
2025-10-14 20:04:01.309 +02:00 [INF] Route matched with {action = "Create", controller = "Quiz"}. Executing controller action with signature System.Threading.Tasks.Task`1[Microsoft.AspNetCore.Mvc.IActionResult] Create(ITPE3200FAM.Models.Quiz) on controller ITPE3200FAM.Controllers.QuizController (ITPE3200FAM).
2025-10-14 20:04:02.175 +02:00 [INF] Executing RedirectResult, redirecting to /Quiz.
2025-10-14 20:04:02.182 +02:00 [INF] Executed action ITPE3200FAM.Controllers.QuizController.Create (ITPE3200FAM) in 871.9929ms
2025-10-14 20:04:02.182 +02:00 [INF] Executed endpoint 'ITPE3200FAM.Controllers.QuizController.Create (ITPE3200FAM)'
2025-10-14 20:04:02.185 +02:00 [INF] Request finished HTTP/1.1 POST http://localhost:5185/Quiz/Create - 302 0 null 877.6996ms
2025-10-14 20:04:02.267 +02:00 [INF] Request starting HTTP/1.1 GET http://localhost:5185/Quiz - null null
2025-10-14 20:04:02.269 +02:00 [INF] Executing endpoint 'ITPE3200FAM.Controllers.QuizController.Index (ITPE3200FAM)'
2025-10-14 20:04:02.270 +02:00 [INF] Route matched with {action = "Index", controller = "Quiz"}. Executing controller action with signature System.Threading.Tasks.Task`1[Microsoft.AspNetCore.Mvc.IActionResult] Index() on controller ITPE3200FAM.Controllers.QuizController (ITPE3200FAM).
2025-10-14 20:04:02.440 +02:00 [INF] Executing ViewResult, running view Index.
2025-10-14 20:04:02.444 +02:00 [INF] Executed ViewResult - view Index executed in 4.2845ms.
2025-10-14 20:04:02.446 +02:00 [INF] Executed action ITPE3200FAM.Controllers.QuizController.Index (ITPE3200FAM) in 175.8661ms
2025-10-14 20:04:02.446 +02:00 [INF] Executed endpoint 'ITPE3200FAM.Controllers.QuizController.Index (ITPE3200FAM)'
2025-10-14 20:04:02.446 +02:00 [INF] Request finished HTTP/1.1 GET http://localhost:5185/Quiz - 200 null text/html; charset=utf-8 178.8113ms
2025-10-14 20:04:07.478 +02:00 [INF] Request starting HTTP/1.1 GET http://localhost:5185/Quiz/Details/48 - null null
2025-10-14 20:04:07.481 +02:00 [INF] Executing endpoint 'ITPE3200FAM.Controllers.QuizController.Details (ITPE3200FAM)'
2025-10-14 20:04:07.504 +02:00 [INF] Route matched with {action = "Details", controller = "Quiz"}. Executing controller action with signature System.Threading.Tasks.Task`1[Microsoft.AspNetCore.Mvc.IActionResult] Details(Int32) on controller ITPE3200FAM.Controllers.QuizController (ITPE3200FAM).
2025-10-14 20:04:07.699 +02:00 [WRN] Compiling a query which loads related collections for more than one collection navigation, either via 'Include' or through projection, but no 'QuerySplittingBehavior' has been configured. By default, Entity Framework will use 'QuerySplittingBehavior.SingleQuery', which can potentially result in slow query performance. See https://go.microsoft.com/fwlink/?linkid=2134277 for more information. To identify the query that's triggering this warning call 'ConfigureWarnings(w => w.Throw(RelationalEventId.MultipleCollectionIncludeWarning))'.
2025-10-14 20:04:07.736 +02:00 [INF] Executing ViewResult, running view Details.
2025-10-14 20:04:07.755 +02:00 [INF] Executed ViewResult - view Details executed in 23.7936ms.
2025-10-14 20:04:07.755 +02:00 [INF] Executed action ITPE3200FAM.Controllers.QuizController.Details (ITPE3200FAM) in 250.3313ms
2025-10-14 20:04:07.756 +02:00 [INF] Executed endpoint 'ITPE3200FAM.Controllers.QuizController.Details (ITPE3200FAM)'
2025-10-14 20:04:07.756 +02:00 [INF] Request finished HTTP/1.1 GET http://localhost:5185/Quiz/Details/48 - 200 null text/html; charset=utf-8 278.0164ms
2025-10-14 20:04:10.620 +02:00 [INF] Request starting HTTP/1.1 GET http://localhost:5185/Quiz - null null
2025-10-14 20:04:10.620 +02:00 [INF] Executing endpoint 'ITPE3200FAM.Controllers.QuizController.Index (ITPE3200FAM)'
2025-10-14 20:04:10.620 +02:00 [INF] Route matched with {action = "Index", controller = "Quiz"}. Executing controller action with signature System.Threading.Tasks.Task`1[Microsoft.AspNetCore.Mvc.IActionResult] Index() on controller ITPE3200FAM.Controllers.QuizController (ITPE3200FAM).
2025-10-14 20:04:10.670 +02:00 [INF] Executing ViewResult, running view Index.
2025-10-14 20:04:10.674 +02:00 [INF] Executed ViewResult - view Index executed in 3.1618ms.
2025-10-14 20:04:10.674 +02:00 [INF] Executed action ITPE3200FAM.Controllers.QuizController.Index (ITPE3200FAM) in 53.4093ms
2025-10-14 20:04:10.674 +02:00 [INF] Executed endpoint 'ITPE3200FAM.Controllers.QuizController.Index (ITPE3200FAM)'
2025-10-14 20:04:10.675 +02:00 [INF] Request finished HTTP/1.1 GET http://localhost:5185/Quiz - 200 null text/html; charset=utf-8 54.5009ms
2025-10-14 20:04:17.273 +02:00 [INF] Request starting HTTP/1.1 GET http://localhost:5185/Quiz/Delete/48 - null null
2025-10-14 20:04:17.276 +02:00 [INF] Executing endpoint 'ITPE3200FAM.Controllers.QuizController.Delete (ITPE3200FAM)'
2025-10-14 20:04:17.296 +02:00 [INF] Route matched with {action = "Delete", controller = "Quiz"}. Executing controller action with signature System.Threading.Tasks.Task`1[Microsoft.AspNetCore.Mvc.IActionResult] Delete(Int32) on controller ITPE3200FAM.Controllers.QuizController (ITPE3200FAM).
2025-10-14 20:04:17.317 +02:00 [INF] Executing ViewResult, running view Delete.
2025-10-14 20:04:17.350 +02:00 [INF] Executed ViewResult - view Delete executed in 37.6613ms.
2025-10-14 20:04:17.350 +02:00 [INF] Executed action ITPE3200FAM.Controllers.QuizController.Delete (ITPE3200FAM) in 53.7018ms
2025-10-14 20:04:17.350 +02:00 [INF] Executed endpoint 'ITPE3200FAM.Controllers.QuizController.Delete (ITPE3200FAM)'
2025-10-14 20:04:17.350 +02:00 [INF] Request finished HTTP/1.1 GET http://localhost:5185/Quiz/Delete/48 - 200 null text/html; charset=utf-8 77.4912ms
2025-10-14 20:04:18.902 +02:00 [INF] Request starting HTTP/1.1 POST http://localhost:5185/Quiz/DeleteConfirmed/48 - application/x-www-form-urlencoded 182
2025-10-14 20:04:18.903 +02:00 [INF] Executing endpoint 'ITPE3200FAM.Controllers.QuizController.DeleteConfirmed (ITPE3200FAM)'
2025-10-14 20:04:18.914 +02:00 [INF] Route matched with {action = "DeleteConfirmed", controller = "Quiz"}. Executing controller action with signature System.Threading.Tasks.Task`1[Microsoft.AspNetCore.Mvc.IActionResult] DeleteConfirmed(Int32) on controller ITPE3200FAM.Controllers.QuizController (ITPE3200FAM).
2025-10-14 20:04:19.046 +02:00 [INF] Executing RedirectResult, redirecting to /Quiz.
2025-10-14 20:04:19.048 +02:00 [INF] Executed action ITPE3200FAM.Controllers.QuizController.DeleteConfirmed (ITPE3200FAM) in 134.03ms
2025-10-14 20:04:19.048 +02:00 [INF] Executed endpoint 'ITPE3200FAM.Controllers.QuizController.DeleteConfirmed (ITPE3200FAM)'
2025-10-14 20:04:19.048 +02:00 [INF] Request finished HTTP/1.1 POST http://localhost:5185/Quiz/DeleteConfirmed/48 - 302 0 null 146.2927ms
2025-10-14 20:04:19.066 +02:00 [INF] Request starting HTTP/1.1 GET http://localhost:5185/Quiz - null null
2025-10-14 20:04:19.066 +02:00 [INF] Executing endpoint 'ITPE3200FAM.Controllers.QuizController.Index (ITPE3200FAM)'
2025-10-14 20:04:19.066 +02:00 [INF] Route matched with {action = "Index", controller = "Quiz"}. Executing controller action with signature System.Threading.Tasks.Task`1[Microsoft.AspNetCore.Mvc.IActionResult] Index() on controller ITPE3200FAM.Controllers.QuizController (ITPE3200FAM).
2025-10-14 20:04:19.076 +02:00 [INF] Executing ViewResult, running view Index.
2025-10-14 20:04:19.077 +02:00 [INF] Executed ViewResult - view Index executed in 0.9264ms.
2025-10-14 20:04:19.077 +02:00 [INF] Executed action ITPE3200FAM.Controllers.QuizController.Index (ITPE3200FAM) in 10.9407ms
2025-10-14 20:04:19.077 +02:00 [INF] Executed endpoint 'ITPE3200FAM.Controllers.QuizController.Index (ITPE3200FAM)'
2025-10-14 20:04:19.077 +02:00 [INF] Request finished HTTP/1.1 GET http://localhost:5185/Quiz - 200 null text/html; charset=utf-8 11.6899ms
2025-10-14 20:04:23.636 +02:00 [INF] Request starting HTTP/1.1 GET http://localhost:5185/Quiz/Create - null null
2025-10-14 20:04:23.637 +02:00 [INF] Executing endpoint 'ITPE3200FAM.Controllers.QuizController.Create (ITPE3200FAM)'
2025-10-14 20:04:23.638 +02:00 [INF] Route matched with {action = "Create", controller = "Quiz"}. Executing controller action with signature Microsoft.AspNetCore.Mvc.IActionResult Create() on controller ITPE3200FAM.Controllers.QuizController (ITPE3200FAM).
2025-10-14 20:04:23.638 +02:00 [INF] Executing ViewResult, running view Create.
2025-10-14 20:04:23.664 +02:00 [INF] Executed ViewResult - view Create executed in 25.9917ms.
2025-10-14 20:04:23.665 +02:00 [INF] Executed action ITPE3200FAM.Controllers.QuizController.Create (ITPE3200FAM) in 26.9402ms
2025-10-14 20:04:23.665 +02:00 [INF] Executed endpoint 'ITPE3200FAM.Controllers.QuizController.Create (ITPE3200FAM)'
2025-10-14 20:04:23.665 +02:00 [INF] Request finished HTTP/1.1 GET http://localhost:5185/Quiz/Create - 200 null text/html; charset=utf-8 28.6054ms
2025-10-14 20:04:32.013 +02:00 [INF] Request starting HTTP/1.1 POST http://localhost:5185/Quiz/Create - application/x-www-form-urlencoded 954
2025-10-14 20:04:32.015 +02:00 [INF] Executing endpoint 'ITPE3200FAM.Controllers.QuizController.Create (ITPE3200FAM)'
2025-10-14 20:04:32.016 +02:00 [INF] Route matched with {action = "Create", controller = "Quiz"}. Executing controller action with signature System.Threading.Tasks.Task`1[Microsoft.AspNetCore.Mvc.IActionResult] Create(ITPE3200FAM.Models.Quiz) on controller ITPE3200FAM.Controllers.QuizController (ITPE3200FAM).
2025-10-14 20:04:32.058 +02:00 [INF] Executing ViewResult, running view Create.
2025-10-14 20:04:32.153 +02:00 [INF] Executed ViewResult - view Create executed in 95.5671ms.
2025-10-14 20:04:32.153 +02:00 [INF] Executed action ITPE3200FAM.Controllers.QuizController.Create (ITPE3200FAM) in 137.281ms
2025-10-14 20:04:32.153 +02:00 [INF] Executed endpoint 'ITPE3200FAM.Controllers.QuizController.Create (ITPE3200FAM)'
2025-10-14 20:04:32.154 +02:00 [INF] Request finished HTTP/1.1 POST http://localhost:5185/Quiz/Create - 200 null text/html; charset=utf-8 141.4636ms
2025-10-14 20:05:11.734 +02:00 [INF] Request starting HTTP/1.1 POST http://localhost:5185/Quiz/Create - application/x-www-form-urlencoded 1364
2025-10-14 20:05:11.759 +02:00 [INF] Executing endpoint 'ITPE3200FAM.Controllers.QuizController.Create (ITPE3200FAM)'
2025-10-14 20:05:11.770 +02:00 [INF] Route matched with {action = "Create", controller = "Quiz"}. Executing controller action with signature System.Threading.Tasks.Task`1[Microsoft.AspNetCore.Mvc.IActionResult] Create(ITPE3200FAM.Models.Quiz) on controller ITPE3200FAM.Controllers.QuizController (ITPE3200FAM).
2025-10-14 20:05:11.885 +02:00 [INF] Executing ViewResult, running view Create.
2025-10-14 20:05:11.993 +02:00 [INF] Executed ViewResult - view Create executed in 111.1674ms.
2025-10-14 20:05:11.994 +02:00 [INF] Executed action ITPE3200FAM.Controllers.QuizController.Create (ITPE3200FAM) in 223.4154ms
2025-10-14 20:05:11.994 +02:00 [INF] Executed endpoint 'ITPE3200FAM.Controllers.QuizController.Create (ITPE3200FAM)'
2025-10-14 20:05:11.996 +02:00 [INF] Request finished HTTP/1.1 POST http://localhost:5185/Quiz/Create - 200 null text/html; charset=utf-8 264.3702ms
2025-10-14 20:05:18.071 +02:00 [INF] Request starting HTTP/1.1 POST http://localhost:5185/Quiz/Create - application/x-www-form-urlencoded 1417
2025-10-14 20:05:18.076 +02:00 [INF] Executing endpoint 'ITPE3200FAM.Controllers.QuizController.Create (ITPE3200FAM)'
2025-10-14 20:05:18.077 +02:00 [INF] Route matched with {action = "Create", controller = "Quiz"}. Executing controller action with signature System.Threading.Tasks.Task`1[Microsoft.AspNetCore.Mvc.IActionResult] Create(ITPE3200FAM.Models.Quiz) on controller ITPE3200FAM.Controllers.QuizController (ITPE3200FAM).
2025-10-14 20:05:18.265 +02:00 [INF] Executing RedirectResult, redirecting to /Quiz.
2025-10-14 20:05:18.265 +02:00 [INF] Executed action ITPE3200FAM.Controllers.QuizController.Create (ITPE3200FAM) in 188.081ms
2025-10-14 20:05:18.265 +02:00 [INF] Executed endpoint 'ITPE3200FAM.Controllers.QuizController.Create (ITPE3200FAM)'
2025-10-14 20:05:18.267 +02:00 [INF] Request finished HTTP/1.1 POST http://localhost:5185/Quiz/Create - 302 0 null 194.7524ms
2025-10-14 20:05:18.288 +02:00 [INF] Request starting HTTP/1.1 GET http://localhost:5185/Quiz - null null
2025-10-14 20:05:18.289 +02:00 [INF] Executing endpoint 'ITPE3200FAM.Controllers.QuizController.Index (ITPE3200FAM)'
2025-10-14 20:05:18.289 +02:00 [INF] Route matched with {action = "Index", controller = "Quiz"}. Executing controller action with signature System.Threading.Tasks.Task`1[Microsoft.AspNetCore.Mvc.IActionResult] Index() on controller ITPE3200FAM.Controllers.QuizController (ITPE3200FAM).
2025-10-14 20:05:18.314 +02:00 [INF] Executing ViewResult, running view Index.
2025-10-14 20:05:18.316 +02:00 [INF] Executed ViewResult - view Index executed in 1.5971ms.
2025-10-14 20:05:18.316 +02:00 [INF] Executed action ITPE3200FAM.Controllers.QuizController.Index (ITPE3200FAM) in 26.4247ms
2025-10-14 20:05:18.316 +02:00 [INF] Executed endpoint 'ITPE3200FAM.Controllers.QuizController.Index (ITPE3200FAM)'
2025-10-14 20:05:18.316 +02:00 [INF] Request finished HTTP/1.1 GET http://localhost:5185/Quiz - 200 null text/html; charset=utf-8 29.004ms
2025-10-14 20:05:19.920 +02:00 [INF] Request starting HTTP/1.1 GET http://localhost:5185/Quiz/Details/49 - null null
2025-10-14 20:05:19.921 +02:00 [INF] Executing endpoint 'ITPE3200FAM.Controllers.QuizController.Details (ITPE3200FAM)'
2025-10-14 20:05:19.922 +02:00 [INF] Route matched with {action = "Details", controller = "Quiz"}. Executing controller action with signature System.Threading.Tasks.Task`1[Microsoft.AspNetCore.Mvc.IActionResult] Details(Int32) on controller ITPE3200FAM.Controllers.QuizController (ITPE3200FAM).
2025-10-14 20:05:19.949 +02:00 [INF] Executing ViewResult, running view Details.
2025-10-14 20:05:19.953 +02:00 [INF] Executed ViewResult - view Details executed in 4.3952ms.
2025-10-14 20:05:19.953 +02:00 [INF] Executed action ITPE3200FAM.Controllers.QuizController.Details (ITPE3200FAM) in 30.7556ms
2025-10-14 20:05:19.953 +02:00 [INF] Executed endpoint 'ITPE3200FAM.Controllers.QuizController.Details (ITPE3200FAM)'
2025-10-14 20:05:19.953 +02:00 [INF] Request finished HTTP/1.1 GET http://localhost:5185/Quiz/Details/49 - 200 null text/html; charset=utf-8 32.7283ms
2025-10-14 20:05:22.151 +02:00 [INF] Request starting HTTP/1.1 GET http://localhost:5185/Quiz - null null
2025-10-14 20:05:22.151 +02:00 [INF] Executing endpoint 'ITPE3200FAM.Controllers.QuizController.Index (ITPE3200FAM)'
2025-10-14 20:05:22.152 +02:00 [INF] Route matched with {action = "Index", controller = "Quiz"}. Executing controller action with signature System.Threading.Tasks.Task`1[Microsoft.AspNetCore.Mvc.IActionResult] Index() on controller ITPE3200FAM.Controllers.QuizController (ITPE3200FAM).
2025-10-14 20:05:22.177 +02:00 [INF] Executing ViewResult, running view Index.
2025-10-14 20:05:22.197 +02:00 [INF] Executed ViewResult - view Index executed in 19.5696ms.
2025-10-14 20:05:22.197 +02:00 [INF] Executed action ITPE3200FAM.Controllers.QuizController.Index (ITPE3200FAM) in 45.0155ms
2025-10-14 20:05:22.197 +02:00 [INF] Executed endpoint 'ITPE3200FAM.Controllers.QuizController.Index (ITPE3200FAM)'
2025-10-14 20:05:22.197 +02:00 [INF] Request finished HTTP/1.1 GET http://localhost:5185/Quiz - 200 null text/html; charset=utf-8 45.7163ms
2025-10-14 20:05:23.855 +02:00 [INF] Request starting HTTP/1.1 GET http://localhost:5185/Quiz/Delete/49 - null null
2025-10-14 20:05:23.856 +02:00 [INF] Executing endpoint 'ITPE3200FAM.Controllers.QuizController.Delete (ITPE3200FAM)'
2025-10-14 20:05:23.856 +02:00 [INF] Route matched with {action = "Delete", controller = "Quiz"}. Executing controller action with signature System.Threading.Tasks.Task`1[Microsoft.AspNetCore.Mvc.IActionResult] Delete(Int32) on controller ITPE3200FAM.Controllers.QuizController (ITPE3200FAM).
2025-10-14 20:05:23.869 +02:00 [INF] Executing ViewResult, running view Delete.
2025-10-14 20:05:23.871 +02:00 [INF] Executed ViewResult - view Delete executed in 2.1414ms.
2025-10-14 20:05:23.872 +02:00 [INF] Executed action ITPE3200FAM.Controllers.QuizController.Delete (ITPE3200FAM) in 15.34ms
2025-10-14 20:05:23.872 +02:00 [INF] Executed endpoint 'ITPE3200FAM.Controllers.QuizController.Delete (ITPE3200FAM)'
2025-10-14 20:05:23.872 +02:00 [INF] Request finished HTTP/1.1 GET http://localhost:5185/Quiz/Delete/49 - 200 null text/html; charset=utf-8 16.6773ms
2025-10-14 20:05:25.382 +02:00 [INF] Request starting HTTP/1.1 POST http://localhost:5185/Quiz/DeleteConfirmed/49 - application/x-www-form-urlencoded 182
2025-10-14 20:05:25.382 +02:00 [INF] Executing endpoint 'ITPE3200FAM.Controllers.QuizController.DeleteConfirmed (ITPE3200FAM)'
2025-10-14 20:05:25.382 +02:00 [INF] Route matched with {action = "DeleteConfirmed", controller = "Quiz"}. Executing controller action with signature System.Threading.Tasks.Task`1[Microsoft.AspNetCore.Mvc.IActionResult] DeleteConfirmed(Int32) on controller ITPE3200FAM.Controllers.QuizController (ITPE3200FAM).
2025-10-14 20:05:25.418 +02:00 [INF] Executing RedirectResult, redirecting to /Quiz.
2025-10-14 20:05:25.419 +02:00 [INF] Executed action ITPE3200FAM.Controllers.QuizController.DeleteConfirmed (ITPE3200FAM) in 36.4759ms
2025-10-14 20:05:25.419 +02:00 [INF] Executed endpoint 'ITPE3200FAM.Controllers.QuizController.DeleteConfirmed (ITPE3200FAM)'
2025-10-14 20:05:25.419 +02:00 [INF] Request finished HTTP/1.1 POST http://localhost:5185/Quiz/DeleteConfirmed/49 - 302 0 null 37.1559ms
2025-10-14 20:05:25.424 +02:00 [INF] Request starting HTTP/1.1 GET http://localhost:5185/Quiz - null null
2025-10-14 20:05:25.425 +02:00 [INF] Executing endpoint 'ITPE3200FAM.Controllers.QuizController.Index (ITPE3200FAM)'
2025-10-14 20:05:25.425 +02:00 [INF] Route matched with {action = "Index", controller = "Quiz"}. Executing controller action with signature System.Threading.Tasks.Task`1[Microsoft.AspNetCore.Mvc.IActionResult] Index() on controller ITPE3200FAM.Controllers.QuizController (ITPE3200FAM).
2025-10-14 20:05:25.434 +02:00 [INF] Executing ViewResult, running view Index.
2025-10-14 20:05:25.435 +02:00 [INF] Executed ViewResult - view Index executed in 0.7275ms.
2025-10-14 20:05:25.435 +02:00 [INF] Executed action ITPE3200FAM.Controllers.QuizController.Index (ITPE3200FAM) in 9.9015ms
2025-10-14 20:05:25.435 +02:00 [INF] Executed endpoint 'ITPE3200FAM.Controllers.QuizController.Index (ITPE3200FAM)'
2025-10-14 20:05:25.435 +02:00 [INF] Request finished HTTP/1.1 GET http://localhost:5185/Quiz - 200 null text/html; charset=utf-8 10.867ms
