2025-10-14 19:20:42.141 +02:00 [INF] User profile is available. Using 'C:\Users\Admin\AppData\Local\ASP.NET\DataProtection-Keys' as key repository and Windows DPAPI to encrypt keys at rest.
2025-10-14 19:20:42.468 +02:00 [INF] Now listening on: https://localhost:7064
2025-10-14 19:20:42.473 +02:00 [INF] Now listening on: http://localhost:5185
2025-10-14 19:20:42.481 +02:00 [INF] Application started. Press Ctrl+C to shut down.
2025-10-14 19:20:42.487 +02:00 [INF] Hosting environment: Development
2025-10-14 19:20:42.489 +02:00 [INF] Content root path: C:\Users\Admin\OneDrive - OsloMet\FAMExam\ITPE3200FAM
2025-10-14 19:20:45.667 +02:00 [INF] Request starting HTTP/1.1 GET http://localhost:5185/home/index - null null
2025-10-14 19:20:45.784 +02:00 [INF] Executing endpoint 'ITPE3200FAM.Controllers.HomeController.Index (ITPE3200FAM)'
2025-10-14 19:20:45.931 +02:00 [INF] Route matched with {action = "Index", controller = "Home"}. Executing controller action with signature Microsoft.AspNetCore.Mvc.IActionResult Index() on controller ITPE3200FAM.Controllers.HomeController (ITPE3200FAM).
2025-10-14 19:20:45.968 +02:00 [INF] Executing ViewResult, running view Index.
2025-10-14 19:20:46.229 +02:00 [INF] Executed ViewResult - view Index executed in 273.4952ms.
2025-10-14 19:20:46.240 +02:00 [INF] Executed action ITPE3200FAM.Controllers.HomeController.Index (ITPE3200FAM) in 306.2991ms
2025-10-14 19:20:46.241 +02:00 [INF] Executed endpoint 'ITPE3200FAM.Controllers.HomeController.Index (ITPE3200FAM)'
2025-10-14 19:20:46.251 +02:00 [INF] Request finished HTTP/1.1 GET http://localhost:5185/home/index - 200 null text/html; charset=utf-8 591.6599ms
2025-10-14 19:20:54.153 +02:00 [INF] Request starting HTTP/1.1 GET http://localhost:5185/Quiz - null null
2025-10-14 19:20:54.158 +02:00 [INF] Executing endpoint 'ITPE3200FAM.Controllers.QuizController.Index (ITPE3200FAM)'
2025-10-14 19:20:54.180 +02:00 [INF] Route matched with {action = "Index", controller = "Quiz"}. Executing controller action with signature System.Threading.Tasks.Task`1[Microsoft.AspNetCore.Mvc.IActionResult] Index() on controller ITPE3200FAM.Controllers.QuizController (ITPE3200FAM).
2025-10-14 19:20:56.364 +02:00 [WRN] Compiling a query which loads related collections for more than one collection navigation, either via 'Include' or through projection, but no 'QuerySplittingBehavior' has been configured. By default, Entity Framework will use 'QuerySplittingBehavior.SingleQuery', which can potentially result in slow query performance. See https://go.microsoft.com/fwlink/?linkid=2134277 for more information. To identify the query that's triggering this warning call 'ConfigureWarnings(w => w.Throw(RelationalEventId.MultipleCollectionIncludeWarning))'.
2025-10-14 19:20:56.657 +02:00 [INF] Executing ViewResult, running view Index.
2025-10-14 19:20:56.685 +02:00 [INF] Executed ViewResult - view Index executed in 31.3458ms.
2025-10-14 19:20:56.685 +02:00 [INF] Executed action ITPE3200FAM.Controllers.QuizController.Index (ITPE3200FAM) in 2505.1658ms
2025-10-14 19:20:56.685 +02:00 [INF] Executed endpoint 'ITPE3200FAM.Controllers.QuizController.Index (ITPE3200FAM)'
2025-10-14 19:20:56.695 +02:00 [INF] Request finished HTTP/1.1 GET http://localhost:5185/Quiz - 200 null text/html; charset=utf-8 2541.3246ms
2025-10-14 19:20:59.591 +02:00 [INF] Request starting HTTP/1.1 GET http://localhost:5185/TakeQuiz - null null
2025-10-14 19:20:59.595 +02:00 [INF] Executing endpoint 'ITPE3200FAM.Controllers.TakeQuizController.Index (ITPE3200FAM)'
2025-10-14 19:20:59.602 +02:00 [INF] Route matched with {action = "Index", controller = "TakeQuiz"}. Executing controller action with signature System.Threading.Tasks.Task`1[Microsoft.AspNetCore.Mvc.IActionResult] Index() on controller ITPE3200FAM.Controllers.TakeQuizController (ITPE3200FAM).
2025-10-14 19:20:59.628 +02:00 [INF] Executing ViewResult, running view Index.
2025-10-14 19:20:59.635 +02:00 [INF] Executed ViewResult - view Index executed in 8.515ms.
2025-10-14 19:20:59.636 +02:00 [INF] Executed action ITPE3200FAM.Controllers.TakeQuizController.Index (ITPE3200FAM) in 33.4262ms
2025-10-14 19:20:59.636 +02:00 [INF] Executed endpoint 'ITPE3200FAM.Controllers.TakeQuizController.Index (ITPE3200FAM)'
2025-10-14 19:20:59.636 +02:00 [INF] Request finished HTTP/1.1 GET http://localhost:5185/TakeQuiz - 200 null text/html; charset=utf-8 45.0677ms
2025-10-14 19:21:57.008 +02:00 [INF] Request starting HTTP/1.1 GET http://localhost:5185/TakeQuiz/Attempts/43 - null null
2025-10-14 19:21:57.049 +02:00 [INF] Executing endpoint 'ITPE3200FAM.Controllers.TakeQuizController.Attempts (ITPE3200FAM)'
2025-10-14 19:21:57.189 +02:00 [INF] Route matched with {action = "Attempts", controller = "TakeQuiz"}. Executing controller action with signature System.Threading.Tasks.Task`1[Microsoft.AspNetCore.Mvc.IActionResult] Attempts(Int32) on controller ITPE3200FAM.Controllers.TakeQuizController (ITPE3200FAM).
2025-10-14 19:21:57.690 +02:00 [WRN] Compiling a query which loads related collections for more than one collection navigation, either via 'Include' or through projection, but no 'QuerySplittingBehavior' has been configured. By default, Entity Framework will use 'QuerySplittingBehavior.SingleQuery', which can potentially result in slow query performance. See https://go.microsoft.com/fwlink/?linkid=2134277 for more information. To identify the query that's triggering this warning call 'ConfigureWarnings(w => w.Throw(RelationalEventId.MultipleCollectionIncludeWarning))'.
2025-10-14 19:21:57.772 +02:00 [INF] Executing ViewResult, running view Attempts.
2025-10-14 19:21:57.826 +02:00 [INF] Executed ViewResult - view Attempts executed in 60.4905ms.
2025-10-14 19:21:57.826 +02:00 [INF] Executed action ITPE3200FAM.Controllers.TakeQuizController.Attempts (ITPE3200FAM) in 636.0333ms
2025-10-14 19:21:57.827 +02:00 [INF] Executed endpoint 'ITPE3200FAM.Controllers.TakeQuizController.Attempts (ITPE3200FAM)'
2025-10-14 19:21:57.829 +02:00 [INF] Request finished HTTP/1.1 GET http://localhost:5185/TakeQuiz/Attempts/43 - 200 null text/html; charset=utf-8 825.7151ms
2025-10-14 19:22:00.322 +02:00 [INF] Request starting HTTP/1.1 GET http://localhost:5185/TakeQuiz - null null
2025-10-14 19:22:00.323 +02:00 [INF] Executing endpoint 'ITPE3200FAM.Controllers.TakeQuizController.Index (ITPE3200FAM)'
2025-10-14 19:22:00.324 +02:00 [INF] Route matched with {action = "Index", controller = "TakeQuiz"}. Executing controller action with signature System.Threading.Tasks.Task`1[Microsoft.AspNetCore.Mvc.IActionResult] Index() on controller ITPE3200FAM.Controllers.TakeQuizController (ITPE3200FAM).
2025-10-14 19:22:00.339 +02:00 [INF] Executing ViewResult, running view Index.
2025-10-14 19:22:00.343 +02:00 [INF] Executed ViewResult - view Index executed in 4.137ms.
2025-10-14 19:22:00.343 +02:00 [INF] Executed action ITPE3200FAM.Controllers.TakeQuizController.Index (ITPE3200FAM) in 19.5389ms
2025-10-14 19:22:00.344 +02:00 [INF] Executed endpoint 'ITPE3200FAM.Controllers.TakeQuizController.Index (ITPE3200FAM)'
2025-10-14 19:22:00.344 +02:00 [INF] Request finished HTTP/1.1 GET http://localhost:5185/TakeQuiz - 200 null text/html; charset=utf-8 21.3757ms
2025-10-14 19:22:01.656 +02:00 [INF] Request starting HTTP/1.1 GET http://localhost:5185/TakeQuiz/Take/43 - null null
2025-10-14 19:22:01.660 +02:00 [INF] Executing endpoint 'ITPE3200FAM.Controllers.TakeQuizController.Take (ITPE3200FAM)'
2025-10-14 19:22:01.671 +02:00 [INF] Route matched with {action = "Take", controller = "TakeQuiz"}. Executing controller action with signature System.Threading.Tasks.Task`1[Microsoft.AspNetCore.Mvc.IActionResult] Take(Int32) on controller ITPE3200FAM.Controllers.TakeQuizController (ITPE3200FAM).
2025-10-14 19:22:01.728 +02:00 [WRN] Compiling a query which loads related collections for more than one collection navigation, either via 'Include' or through projection, but no 'QuerySplittingBehavior' has been configured. By default, Entity Framework will use 'QuerySplittingBehavior.SingleQuery', which can potentially result in slow query performance. See https://go.microsoft.com/fwlink/?linkid=2134277 for more information. To identify the query that's triggering this warning call 'ConfigureWarnings(w => w.Throw(RelationalEventId.MultipleCollectionIncludeWarning))'.
2025-10-14 19:22:01.760 +02:00 [INF] Executing ViewResult, running view Take.
2025-10-14 19:22:01.840 +02:00 [INF] Executed ViewResult - view Take executed in 82.8333ms.
2025-10-14 19:22:01.841 +02:00 [INF] Executed action ITPE3200FAM.Controllers.TakeQuizController.Take (ITPE3200FAM) in 169.1996ms
2025-10-14 19:22:01.841 +02:00 [INF] Executed endpoint 'ITPE3200FAM.Controllers.TakeQuizController.Take (ITPE3200FAM)'
2025-10-14 19:22:01.841 +02:00 [INF] Request finished HTTP/1.1 GET http://localhost:5185/TakeQuiz/Take/43 - 200 null text/html; charset=utf-8 184.5582ms
2025-10-14 19:22:03.770 +02:00 [INF] Request starting HTTP/1.1 POST http://localhost:5185/TakeQuiz/Submit - application/x-www-form-urlencoded 202
2025-10-14 19:22:03.773 +02:00 [INF] Executing endpoint 'ITPE3200FAM.Controllers.TakeQuizController.Submit (ITPE3200FAM)'
2025-10-14 19:22:03.786 +02:00 [INF] Route matched with {action = "Submit", controller = "TakeQuiz"}. Executing controller action with signature System.Threading.Tasks.Task`1[Microsoft.AspNetCore.Mvc.IActionResult] Submit(Int32, System.String, System.Collections.Generic.Dictionary`2[System.String,System.String]) on controller ITPE3200FAM.Controllers.TakeQuizController (ITPE3200FAM).
2025-10-14 19:22:03.862 +02:00 [INF] Executing ViewResult, running view Take.
2025-10-14 19:22:03.869 +02:00 [INF] Executed ViewResult - view Take executed in 6.9812ms.
2025-10-14 19:22:03.869 +02:00 [INF] Executed action ITPE3200FAM.Controllers.TakeQuizController.Submit (ITPE3200FAM) in 82.848ms
2025-10-14 19:22:03.869 +02:00 [INF] Executed endpoint 'ITPE3200FAM.Controllers.TakeQuizController.Submit (ITPE3200FAM)'
2025-10-14 19:22:03.869 +02:00 [INF] Request finished HTTP/1.1 POST http://localhost:5185/TakeQuiz/Submit - 200 null text/html; charset=utf-8 99.1504ms
2025-10-14 19:22:09.933 +02:00 [INF] Request starting HTTP/1.1 POST http://localhost:5185/TakeQuiz/Submit - application/x-www-form-urlencoded 207
2025-10-14 19:22:09.934 +02:00 [INF] Executing endpoint 'ITPE3200FAM.Controllers.TakeQuizController.Submit (ITPE3200FAM)'
2025-10-14 19:22:09.934 +02:00 [INF] Route matched with {action = "Submit", controller = "TakeQuiz"}. Executing controller action with signature System.Threading.Tasks.Task`1[Microsoft.AspNetCore.Mvc.IActionResult] Submit(Int32, System.String, System.Collections.Generic.Dictionary`2[System.String,System.String]) on controller ITPE3200FAM.Controllers.TakeQuizController (ITPE3200FAM).
2025-10-14 19:22:09.950 +02:00 [INF] Executing ViewResult, running view Take.
2025-10-14 19:22:09.953 +02:00 [INF] Executed ViewResult - view Take executed in 3.1174ms.
2025-10-14 19:22:09.953 +02:00 [INF] Executed action ITPE3200FAM.Controllers.TakeQuizController.Submit (ITPE3200FAM) in 18.5586ms
2025-10-14 19:22:09.954 +02:00 [INF] Executed endpoint 'ITPE3200FAM.Controllers.TakeQuizController.Submit (ITPE3200FAM)'
2025-10-14 19:22:09.954 +02:00 [INF] Request finished HTTP/1.1 POST http://localhost:5185/TakeQuiz/Submit - 200 null text/html; charset=utf-8 21.3985ms
2025-10-14 19:22:12.144 +02:00 [INF] Request starting HTTP/1.1 POST http://localhost:5185/TakeQuiz/Submit - application/x-www-form-urlencoded 227
2025-10-14 19:22:12.145 +02:00 [INF] Executing endpoint 'ITPE3200FAM.Controllers.TakeQuizController.Submit (ITPE3200FAM)'
2025-10-14 19:22:12.145 +02:00 [INF] Route matched with {action = "Submit", controller = "TakeQuiz"}. Executing controller action with signature System.Threading.Tasks.Task`1[Microsoft.AspNetCore.Mvc.IActionResult] Submit(Int32, System.String, System.Collections.Generic.Dictionary`2[System.String,System.String]) on controller ITPE3200FAM.Controllers.TakeQuizController (ITPE3200FAM).
2025-10-14 19:22:12.160 +02:00 [INF] Executing ViewResult, running view Result.
2025-10-14 19:22:12.175 +02:00 [INF] Executed ViewResult - view Result executed in 16.4485ms.
2025-10-14 19:22:12.175 +02:00 [INF] Executed action ITPE3200FAM.Controllers.TakeQuizController.Submit (ITPE3200FAM) in 30.1054ms
2025-10-14 19:22:12.176 +02:00 [INF] Executed endpoint 'ITPE3200FAM.Controllers.TakeQuizController.Submit (ITPE3200FAM)'
2025-10-14 19:22:12.176 +02:00 [INF] Request finished HTTP/1.1 POST http://localhost:5185/TakeQuiz/Submit - 200 null text/html; charset=utf-8 31.5505ms
2025-10-14 19:22:17.627 +02:00 [INF] Request starting HTTP/1.1 POST http://localhost:5185/TakeQuiz/SaveAttempt - application/x-www-form-urlencoded 215
2025-10-14 19:22:17.628 +02:00 [INF] Executing endpoint 'ITPE3200FAM.Controllers.TakeQuizController.SaveAttempt (ITPE3200FAM)'
2025-10-14 19:22:17.652 +02:00 [INF] Route matched with {action = "SaveAttempt", controller = "TakeQuiz"}. Executing controller action with signature System.Threading.Tasks.Task`1[Microsoft.AspNetCore.Mvc.IActionResult] SaveAttempt(Int32, System.String, Int32) on controller ITPE3200FAM.Controllers.TakeQuizController (ITPE3200FAM).
2025-10-14 19:22:18.028 +02:00 [INF] Executing RedirectResult, redirecting to /TakeQuiz.
2025-10-14 19:22:18.030 +02:00 [INF] Executed action ITPE3200FAM.Controllers.TakeQuizController.SaveAttempt (ITPE3200FAM) in 378.2348ms
2025-10-14 19:22:18.030 +02:00 [INF] Executed endpoint 'ITPE3200FAM.Controllers.TakeQuizController.SaveAttempt (ITPE3200FAM)'
2025-10-14 19:22:18.031 +02:00 [INF] Request finished HTTP/1.1 POST http://localhost:5185/TakeQuiz/SaveAttempt - 302 0 null 403.6792ms
2025-10-14 19:22:18.052 +02:00 [INF] Request starting HTTP/1.1 GET http://localhost:5185/TakeQuiz - null null
2025-10-14 19:22:18.052 +02:00 [INF] Executing endpoint 'ITPE3200FAM.Controllers.TakeQuizController.Index (ITPE3200FAM)'
2025-10-14 19:22:18.052 +02:00 [INF] Route matched with {action = "Index", controller = "TakeQuiz"}. Executing controller action with signature System.Threading.Tasks.Task`1[Microsoft.AspNetCore.Mvc.IActionResult] Index() on controller ITPE3200FAM.Controllers.TakeQuizController (ITPE3200FAM).
2025-10-14 19:22:18.063 +02:00 [INF] Executing ViewResult, running view Index.
2025-10-14 19:22:18.064 +02:00 [INF] Executed ViewResult - view Index executed in 1.0923ms.
2025-10-14 19:22:18.064 +02:00 [INF] Executed action ITPE3200FAM.Controllers.TakeQuizController.Index (ITPE3200FAM) in 11.7226ms
2025-10-14 19:22:18.064 +02:00 [INF] Executed endpoint 'ITPE3200FAM.Controllers.TakeQuizController.Index (ITPE3200FAM)'
2025-10-14 19:22:18.064 +02:00 [INF] Request finished HTTP/1.1 GET http://localhost:5185/TakeQuiz - 200 null text/html; charset=utf-8 12.791ms
2025-10-14 19:22:19.559 +02:00 [INF] Request starting HTTP/1.1 GET http://localhost:5185/TakeQuiz/Attempts/43 - null null
2025-10-14 19:22:19.560 +02:00 [INF] Executing endpoint 'ITPE3200FAM.Controllers.TakeQuizController.Attempts (ITPE3200FAM)'
2025-10-14 19:22:19.562 +02:00 [INF] Route matched with {action = "Attempts", controller = "TakeQuiz"}. Executing controller action with signature System.Threading.Tasks.Task`1[Microsoft.AspNetCore.Mvc.IActionResult] Attempts(Int32) on controller ITPE3200FAM.Controllers.TakeQuizController (ITPE3200FAM).
2025-10-14 19:22:19.596 +02:00 [INF] Executing ViewResult, running view Attempts.
2025-10-14 19:22:19.603 +02:00 [INF] Executed ViewResult - view Attempts executed in 6.5027ms.
2025-10-14 19:22:19.603 +02:00 [INF] Executed action ITPE3200FAM.Controllers.TakeQuizController.Attempts (ITPE3200FAM) in 40.8558ms
2025-10-14 19:22:19.603 +02:00 [INF] Executed endpoint 'ITPE3200FAM.Controllers.TakeQuizController.Attempts (ITPE3200FAM)'
2025-10-14 19:22:19.603 +02:00 [INF] Request finished HTTP/1.1 GET http://localhost:5185/TakeQuiz/Attempts/43 - 200 null text/html; charset=utf-8 44.2722ms
2025-10-14 19:22:22.443 +02:00 [INF] Request starting HTTP/1.1 GET http://localhost:5185/TakeQuiz - null null
2025-10-14 19:22:22.444 +02:00 [INF] Executing endpoint 'ITPE3200FAM.Controllers.TakeQuizController.Index (ITPE3200FAM)'
2025-10-14 19:22:22.444 +02:00 [INF] Route matched with {action = "Index", controller = "TakeQuiz"}. Executing controller action with signature System.Threading.Tasks.Task`1[Microsoft.AspNetCore.Mvc.IActionResult] Index() on controller ITPE3200FAM.Controllers.TakeQuizController (ITPE3200FAM).
2025-10-14 19:22:22.456 +02:00 [INF] Executing ViewResult, running view Index.
2025-10-14 19:22:22.457 +02:00 [INF] Executed ViewResult - view Index executed in 1.3716ms.
2025-10-14 19:22:22.457 +02:00 [INF] Executed action ITPE3200FAM.Controllers.TakeQuizController.Index (ITPE3200FAM) in 13.1545ms
2025-10-14 19:22:22.457 +02:00 [INF] Executed endpoint 'ITPE3200FAM.Controllers.TakeQuizController.Index (ITPE3200FAM)'
2025-10-14 19:22:22.457 +02:00 [INF] Request finished HTTP/1.1 GET http://localhost:5185/TakeQuiz - 200 null text/html; charset=utf-8 14.1147ms
2025-10-14 19:22:23.906 +02:00 [INF] Request starting HTTP/1.1 GET http://localhost:5185/TakeQuiz/Take/43 - null null
2025-10-14 19:22:23.907 +02:00 [INF] Executing endpoint 'ITPE3200FAM.Controllers.TakeQuizController.Take (ITPE3200FAM)'
2025-10-14 19:22:23.907 +02:00 [INF] Route matched with {action = "Take", controller = "TakeQuiz"}. Executing controller action with signature System.Threading.Tasks.Task`1[Microsoft.AspNetCore.Mvc.IActionResult] Take(Int32) on controller ITPE3200FAM.Controllers.TakeQuizController (ITPE3200FAM).
2025-10-14 19:22:23.917 +02:00 [INF] Executing ViewResult, running view Take.
2025-10-14 19:22:23.921 +02:00 [INF] Executed ViewResult - view Take executed in 4.1244ms.
2025-10-14 19:22:23.921 +02:00 [INF] Executed action ITPE3200FAM.Controllers.TakeQuizController.Take (ITPE3200FAM) in 14.4779ms
2025-10-14 19:22:23.921 +02:00 [INF] Executed endpoint 'ITPE3200FAM.Controllers.TakeQuizController.Take (ITPE3200FAM)'
2025-10-14 19:22:23.922 +02:00 [INF] Request finished HTTP/1.1 GET http://localhost:5185/TakeQuiz/Take/43 - 200 null text/html; charset=utf-8 15.1409ms
2025-10-14 19:22:28.570 +02:00 [INF] Request starting HTTP/1.1 POST http://localhost:5185/TakeQuiz/Submit - application/x-www-form-urlencoded 227
2025-10-14 19:22:28.570 +02:00 [INF] Executing endpoint 'ITPE3200FAM.Controllers.TakeQuizController.Submit (ITPE3200FAM)'
2025-10-14 19:22:28.570 +02:00 [INF] Route matched with {action = "Submit", controller = "TakeQuiz"}. Executing controller action with signature System.Threading.Tasks.Task`1[Microsoft.AspNetCore.Mvc.IActionResult] Submit(Int32, System.String, System.Collections.Generic.Dictionary`2[System.String,System.String]) on controller ITPE3200FAM.Controllers.TakeQuizController (ITPE3200FAM).
2025-10-14 19:22:28.580 +02:00 [INF] Executing ViewResult, running view Result.
2025-10-14 19:22:28.583 +02:00 [INF] Executed ViewResult - view Result executed in 3.1336ms.
2025-10-14 19:22:28.583 +02:00 [INF] Executed action ITPE3200FAM.Controllers.TakeQuizController.Submit (ITPE3200FAM) in 12.879ms
2025-10-14 19:22:28.583 +02:00 [INF] Executed endpoint 'ITPE3200FAM.Controllers.TakeQuizController.Submit (ITPE3200FAM)'
2025-10-14 19:22:28.583 +02:00 [INF] Request finished HTTP/1.1 POST http://localhost:5185/TakeQuiz/Submit - 200 null text/html; charset=utf-8 13.8865ms
2025-10-14 19:22:30.129 +02:00 [INF] Request starting HTTP/1.1 GET http://localhost:5185/TakeQuiz/Take/43 - null null
2025-10-14 19:22:30.130 +02:00 [INF] Executing endpoint 'ITPE3200FAM.Controllers.TakeQuizController.Take (ITPE3200FAM)'
2025-10-14 19:22:30.130 +02:00 [INF] Route matched with {action = "Take", controller = "TakeQuiz"}. Executing controller action with signature System.Threading.Tasks.Task`1[Microsoft.AspNetCore.Mvc.IActionResult] Take(Int32) on controller ITPE3200FAM.Controllers.TakeQuizController (ITPE3200FAM).
2025-10-14 19:22:30.137 +02:00 [INF] Executing ViewResult, running view Take.
2025-10-14 19:22:30.139 +02:00 [INF] Executed ViewResult - view Take executed in 1.6506ms.
2025-10-14 19:22:30.139 +02:00 [INF] Executed action ITPE3200FAM.Controllers.TakeQuizController.Take (ITPE3200FAM) in 9.2241ms
2025-10-14 19:22:30.139 +02:00 [INF] Executed endpoint 'ITPE3200FAM.Controllers.TakeQuizController.Take (ITPE3200FAM)'
2025-10-14 19:22:30.139 +02:00 [INF] Request finished HTTP/1.1 GET http://localhost:5185/TakeQuiz/Take/43 - 200 null text/html; charset=utf-8 9.7903ms
2025-10-14 19:22:35.013 +02:00 [INF] Request starting HTTP/1.1 POST http://localhost:5185/TakeQuiz/Submit - application/x-www-form-urlencoded 227
2025-10-14 19:22:35.014 +02:00 [INF] Executing endpoint 'ITPE3200FAM.Controllers.TakeQuizController.Submit (ITPE3200FAM)'
2025-10-14 19:22:35.015 +02:00 [INF] Route matched with {action = "Submit", controller = "TakeQuiz"}. Executing controller action with signature System.Threading.Tasks.Task`1[Microsoft.AspNetCore.Mvc.IActionResult] Submit(Int32, System.String, System.Collections.Generic.Dictionary`2[System.String,System.String]) on controller ITPE3200FAM.Controllers.TakeQuizController (ITPE3200FAM).
2025-10-14 19:22:35.031 +02:00 [INF] Executing ViewResult, running view Result.
2025-10-14 19:22:35.035 +02:00 [INF] Executed ViewResult - view Result executed in 3.5679ms.
2025-10-14 19:22:35.035 +02:00 [INF] Executed action ITPE3200FAM.Controllers.TakeQuizController.Submit (ITPE3200FAM) in 19.8602ms
2025-10-14 19:22:35.035 +02:00 [INF] Executed endpoint 'ITPE3200FAM.Controllers.TakeQuizController.Submit (ITPE3200FAM)'
2025-10-14 19:22:35.036 +02:00 [INF] Request finished HTTP/1.1 POST http://localhost:5185/TakeQuiz/Submit - 200 null text/html; charset=utf-8 22.3931ms
2025-10-14 19:22:36.112 +02:00 [INF] Request starting HTTP/1.1 GET http://localhost:5185/TakeQuiz - null null
2025-10-14 19:22:36.112 +02:00 [INF] Executing endpoint 'ITPE3200FAM.Controllers.TakeQuizController.Index (ITPE3200FAM)'
2025-10-14 19:22:36.112 +02:00 [INF] Route matched with {action = "Index", controller = "TakeQuiz"}. Executing controller action with signature System.Threading.Tasks.Task`1[Microsoft.AspNetCore.Mvc.IActionResult] Index() on controller ITPE3200FAM.Controllers.TakeQuizController (ITPE3200FAM).
2025-10-14 19:22:36.128 +02:00 [INF] Executing ViewResult, running view Index.
2025-10-14 19:22:36.129 +02:00 [INF] Executed ViewResult - view Index executed in 0.9283ms.
2025-10-14 19:22:36.129 +02:00 [INF] Executed action ITPE3200FAM.Controllers.TakeQuizController.Index (ITPE3200FAM) in 16.716ms
2025-10-14 19:22:36.129 +02:00 [INF] Executed endpoint 'ITPE3200FAM.Controllers.TakeQuizController.Index (ITPE3200FAM)'
2025-10-14 19:22:36.129 +02:00 [INF] Request finished HTTP/1.1 GET http://localhost:5185/TakeQuiz - 200 null text/html; charset=utf-8 17.258ms
2025-10-14 19:22:37.239 +02:00 [INF] Request starting HTTP/1.1 GET http://localhost:5185/TakeQuiz/Attempts/43 - null null
2025-10-14 19:22:37.240 +02:00 [INF] Executing endpoint 'ITPE3200FAM.Controllers.TakeQuizController.Attempts (ITPE3200FAM)'
2025-10-14 19:22:37.240 +02:00 [INF] Route matched with {action = "Attempts", controller = "TakeQuiz"}. Executing controller action with signature System.Threading.Tasks.Task`1[Microsoft.AspNetCore.Mvc.IActionResult] Attempts(Int32) on controller ITPE3200FAM.Controllers.TakeQuizController (ITPE3200FAM).
2025-10-14 19:22:37.251 +02:00 [INF] Executing ViewResult, running view Attempts.
2025-10-14 19:22:37.254 +02:00 [INF] Executed ViewResult - view Attempts executed in 2.9981ms.
2025-10-14 19:22:37.254 +02:00 [INF] Executed action ITPE3200FAM.Controllers.TakeQuizController.Attempts (ITPE3200FAM) in 13.9228ms
2025-10-14 19:22:37.254 +02:00 [INF] Executed endpoint 'ITPE3200FAM.Controllers.TakeQuizController.Attempts (ITPE3200FAM)'
2025-10-14 19:22:37.254 +02:00 [INF] Request finished HTTP/1.1 GET http://localhost:5185/TakeQuiz/Attempts/43 - 200 null text/html; charset=utf-8 14.4985ms
2025-10-14 19:22:38.849 +02:00 [INF] Request starting HTTP/1.1 GET http://localhost:5185/TakeQuiz - null null
2025-10-14 19:22:38.849 +02:00 [INF] Executing endpoint 'ITPE3200FAM.Controllers.TakeQuizController.Index (ITPE3200FAM)'
2025-10-14 19:22:38.850 +02:00 [INF] Route matched with {action = "Index", controller = "TakeQuiz"}. Executing controller action with signature System.Threading.Tasks.Task`1[Microsoft.AspNetCore.Mvc.IActionResult] Index() on controller ITPE3200FAM.Controllers.TakeQuizController (ITPE3200FAM).
2025-10-14 19:22:38.858 +02:00 [INF] Executing ViewResult, running view Index.
2025-10-14 19:22:38.859 +02:00 [INF] Executed ViewResult - view Index executed in 1.6407ms.
2025-10-14 19:22:38.860 +02:00 [INF] Executed action ITPE3200FAM.Controllers.TakeQuizController.Index (ITPE3200FAM) in 9.9794ms
2025-10-14 19:22:38.860 +02:00 [INF] Executed endpoint 'ITPE3200FAM.Controllers.TakeQuizController.Index (ITPE3200FAM)'
2025-10-14 19:22:38.860 +02:00 [INF] Request finished HTTP/1.1 GET http://localhost:5185/TakeQuiz - 200 null text/html; charset=utf-8 10.7553ms
2025-10-14 19:22:39.707 +02:00 [INF] Request starting HTTP/1.1 GET http://localhost:5185/TakeQuiz/Take/43 - null null
2025-10-14 19:22:39.707 +02:00 [INF] Executing endpoint 'ITPE3200FAM.Controllers.TakeQuizController.Take (ITPE3200FAM)'
2025-10-14 19:22:39.707 +02:00 [INF] Route matched with {action = "Take", controller = "TakeQuiz"}. Executing controller action with signature System.Threading.Tasks.Task`1[Microsoft.AspNetCore.Mvc.IActionResult] Take(Int32) on controller ITPE3200FAM.Controllers.TakeQuizController (ITPE3200FAM).
2025-10-14 19:22:39.715 +02:00 [INF] Executing ViewResult, running view Take.
2025-10-14 19:22:39.719 +02:00 [INF] Executed ViewResult - view Take executed in 4.3411ms.
2025-10-14 19:22:39.719 +02:00 [INF] Executed action ITPE3200FAM.Controllers.TakeQuizController.Take (ITPE3200FAM) in 12.0299ms
2025-10-14 19:22:39.720 +02:00 [INF] Executed endpoint 'ITPE3200FAM.Controllers.TakeQuizController.Take (ITPE3200FAM)'
2025-10-14 19:22:39.720 +02:00 [INF] Request finished HTTP/1.1 GET http://localhost:5185/TakeQuiz/Take/43 - 200 null text/html; charset=utf-8 12.8505ms
2025-10-14 19:22:45.452 +02:00 [INF] Request starting HTTP/1.1 POST http://localhost:5185/TakeQuiz/Submit - application/x-www-form-urlencoded 227
2025-10-14 19:22:45.453 +02:00 [INF] Executing endpoint 'ITPE3200FAM.Controllers.TakeQuizController.Submit (ITPE3200FAM)'
2025-10-14 19:22:45.453 +02:00 [INF] Route matched with {action = "Submit", controller = "TakeQuiz"}. Executing controller action with signature System.Threading.Tasks.Task`1[Microsoft.AspNetCore.Mvc.IActionResult] Submit(Int32, System.String, System.Collections.Generic.Dictionary`2[System.String,System.String]) on controller ITPE3200FAM.Controllers.TakeQuizController (ITPE3200FAM).
2025-10-14 19:22:45.462 +02:00 [INF] Executing ViewResult, running view Result.
2025-10-14 19:22:45.463 +02:00 [INF] Executed ViewResult - view Result executed in 1.2364ms.
2025-10-14 19:22:45.464 +02:00 [INF] Executed action ITPE3200FAM.Controllers.TakeQuizController.Submit (ITPE3200FAM) in 10.2325ms
2025-10-14 19:22:45.464 +02:00 [INF] Executed endpoint 'ITPE3200FAM.Controllers.TakeQuizController.Submit (ITPE3200FAM)'
2025-10-14 19:22:45.464 +02:00 [INF] Request finished HTTP/1.1 POST http://localhost:5185/TakeQuiz/Submit - 200 null text/html; charset=utf-8 12.0141ms
2025-10-14 19:22:47.181 +02:00 [INF] Request starting HTTP/1.1 GET http://localhost:5185/TakeQuiz/Take/43 - null null
2025-10-14 19:22:47.182 +02:00 [INF] Executing endpoint 'ITPE3200FAM.Controllers.TakeQuizController.Take (ITPE3200FAM)'
2025-10-14 19:22:47.182 +02:00 [INF] Route matched with {action = "Take", controller = "TakeQuiz"}. Executing controller action with signature System.Threading.Tasks.Task`1[Microsoft.AspNetCore.Mvc.IActionResult] Take(Int32) on controller ITPE3200FAM.Controllers.TakeQuizController (ITPE3200FAM).
2025-10-14 19:22:47.195 +02:00 [INF] Executing ViewResult, running view Take.
2025-10-14 19:22:47.197 +02:00 [INF] Executed ViewResult - view Take executed in 2.0918ms.
2025-10-14 19:22:47.197 +02:00 [INF] Executed action ITPE3200FAM.Controllers.TakeQuizController.Take (ITPE3200FAM) in 14.962ms
2025-10-14 19:22:47.197 +02:00 [INF] Executed endpoint 'ITPE3200FAM.Controllers.TakeQuizController.Take (ITPE3200FAM)'
2025-10-14 19:22:47.197 +02:00 [INF] Request finished HTTP/1.1 GET http://localhost:5185/TakeQuiz/Take/43 - 200 null text/html; charset=utf-8 15.8042ms
2025-10-14 19:22:49.867 +02:00 [INF] Request starting HTTP/1.1 POST http://localhost:5185/TakeQuiz/Submit - application/x-www-form-urlencoded 227
2025-10-14 19:22:49.867 +02:00 [INF] Executing endpoint 'ITPE3200FAM.Controllers.TakeQuizController.Submit (ITPE3200FAM)'
2025-10-14 19:22:49.867 +02:00 [INF] Route matched with {action = "Submit", controller = "TakeQuiz"}. Executing controller action with signature System.Threading.Tasks.Task`1[Microsoft.AspNetCore.Mvc.IActionResult] Submit(Int32, System.String, System.Collections.Generic.Dictionary`2[System.String,System.String]) on controller ITPE3200FAM.Controllers.TakeQuizController (ITPE3200FAM).
2025-10-14 19:22:49.879 +02:00 [INF] Executing ViewResult, running view Result.
2025-10-14 19:22:49.881 +02:00 [INF] Executed ViewResult - view Result executed in 1.6293ms.
2025-10-14 19:22:49.881 +02:00 [INF] Executed action ITPE3200FAM.Controllers.TakeQuizController.Submit (ITPE3200FAM) in 13.5412ms
2025-10-14 19:22:49.881 +02:00 [INF] Executed endpoint 'ITPE3200FAM.Controllers.TakeQuizController.Submit (ITPE3200FAM)'
2025-10-14 19:22:49.882 +02:00 [INF] Request finished HTTP/1.1 POST http://localhost:5185/TakeQuiz/Submit - 200 null text/html; charset=utf-8 15.0219ms
2025-10-14 19:22:50.823 +02:00 [INF] Request starting HTTP/1.1 POST http://localhost:5185/TakeQuiz/SaveAttempt - application/x-www-form-urlencoded 215
2025-10-14 19:22:50.823 +02:00 [INF] Executing endpoint 'ITPE3200FAM.Controllers.TakeQuizController.SaveAttempt (ITPE3200FAM)'
2025-10-14 19:22:50.823 +02:00 [INF] Route matched with {action = "SaveAttempt", controller = "TakeQuiz"}. Executing controller action with signature System.Threading.Tasks.Task`1[Microsoft.AspNetCore.Mvc.IActionResult] SaveAttempt(Int32, System.String, Int32) on controller ITPE3200FAM.Controllers.TakeQuizController (ITPE3200FAM).
2025-10-14 19:22:50.859 +02:00 [INF] Executing RedirectResult, redirecting to /TakeQuiz.
2025-10-14 19:22:50.860 +02:00 [INF] Executed action ITPE3200FAM.Controllers.TakeQuizController.SaveAttempt (ITPE3200FAM) in 37.1156ms
2025-10-14 19:22:50.860 +02:00 [INF] Executed endpoint 'ITPE3200FAM.Controllers.TakeQuizController.SaveAttempt (ITPE3200FAM)'
2025-10-14 19:22:50.861 +02:00 [INF] Request finished HTTP/1.1 POST http://localhost:5185/TakeQuiz/SaveAttempt - 302 0 null 37.8211ms
2025-10-14 19:22:50.868 +02:00 [INF] Request starting HTTP/1.1 GET http://localhost:5185/TakeQuiz - null null
2025-10-14 19:22:50.868 +02:00 [INF] Executing endpoint 'ITPE3200FAM.Controllers.TakeQuizController.Index (ITPE3200FAM)'
2025-10-14 19:22:50.868 +02:00 [INF] Route matched with {action = "Index", controller = "TakeQuiz"}. Executing controller action with signature System.Threading.Tasks.Task`1[Microsoft.AspNetCore.Mvc.IActionResult] Index() on controller ITPE3200FAM.Controllers.TakeQuizController (ITPE3200FAM).
2025-10-14 19:22:50.874 +02:00 [INF] Executing ViewResult, running view Index.
2025-10-14 19:22:50.874 +02:00 [INF] Executed ViewResult - view Index executed in 0.3746ms.
2025-10-14 19:22:50.874 +02:00 [INF] Executed action ITPE3200FAM.Controllers.TakeQuizController.Index (ITPE3200FAM) in 6.3786ms
2025-10-14 19:22:50.874 +02:00 [INF] Executed endpoint 'ITPE3200FAM.Controllers.TakeQuizController.Index (ITPE3200FAM)'
2025-10-14 19:22:50.874 +02:00 [INF] Request finished HTTP/1.1 GET http://localhost:5185/TakeQuiz - 200 null text/html; charset=utf-8 6.809ms
2025-10-14 19:22:51.754 +02:00 [INF] Request starting HTTP/1.1 GET http://localhost:5185/TakeQuiz/Attempts/43 - null null
2025-10-14 19:22:51.754 +02:00 [INF] Executing endpoint 'ITPE3200FAM.Controllers.TakeQuizController.Attempts (ITPE3200FAM)'
2025-10-14 19:22:51.755 +02:00 [INF] Route matched with {action = "Attempts", controller = "TakeQuiz"}. Executing controller action with signature System.Threading.Tasks.Task`1[Microsoft.AspNetCore.Mvc.IActionResult] Attempts(Int32) on controller ITPE3200FAM.Controllers.TakeQuizController (ITPE3200FAM).
2025-10-14 19:22:51.769 +02:00 [INF] Executing ViewResult, running view Attempts.
2025-10-14 19:22:51.774 +02:00 [INF] Executed ViewResult - view Attempts executed in 4.4846ms.
2025-10-14 19:22:51.774 +02:00 [INF] Executed action ITPE3200FAM.Controllers.TakeQuizController.Attempts (ITPE3200FAM) in 19.0863ms
2025-10-14 19:22:51.774 +02:00 [INF] Executed endpoint 'ITPE3200FAM.Controllers.TakeQuizController.Attempts (ITPE3200FAM)'
2025-10-14 19:22:51.775 +02:00 [INF] Request finished HTTP/1.1 GET http://localhost:5185/TakeQuiz/Attempts/43 - 200 null text/html; charset=utf-8 20.6897ms
2025-10-14 19:22:55.115 +02:00 [INF] Request starting HTTP/1.1 GET http://localhost:5185/TakeQuiz - null null
2025-10-14 19:22:55.115 +02:00 [INF] Executing endpoint 'ITPE3200FAM.Controllers.TakeQuizController.Index (ITPE3200FAM)'
2025-10-14 19:22:55.115 +02:00 [INF] Route matched with {action = "Index", controller = "TakeQuiz"}. Executing controller action with signature System.Threading.Tasks.Task`1[Microsoft.AspNetCore.Mvc.IActionResult] Index() on controller ITPE3200FAM.Controllers.TakeQuizController (ITPE3200FAM).
2025-10-14 19:22:55.124 +02:00 [INF] Executing ViewResult, running view Index.
2025-10-14 19:22:55.126 +02:00 [INF] Executed ViewResult - view Index executed in 1.9024ms.
2025-10-14 19:22:55.126 +02:00 [INF] Executed action ITPE3200FAM.Controllers.TakeQuizController.Index (ITPE3200FAM) in 10.5447ms
2025-10-14 19:22:55.126 +02:00 [INF] Executed endpoint 'ITPE3200FAM.Controllers.TakeQuizController.Index (ITPE3200FAM)'
2025-10-14 19:22:55.126 +02:00 [INF] Request finished HTTP/1.1 GET http://localhost:5185/TakeQuiz - 200 null text/html; charset=utf-8 11.3345ms
2025-10-14 19:23:36.319 +02:00 [INF] Request starting HTTP/1.1 GET http://localhost:5185/Quiz/Create - null null
2025-10-14 19:23:36.449 +02:00 [INF] Executing endpoint 'ITPE3200FAM.Controllers.QuizController.Create (ITPE3200FAM)'
2025-10-14 19:23:36.726 +02:00 [INF] Route matched with {action = "Create", controller = "Quiz"}. Executing controller action with signature Microsoft.AspNetCore.Mvc.IActionResult Create() on controller ITPE3200FAM.Controllers.QuizController (ITPE3200FAM).
2025-10-14 19:23:36.845 +02:00 [INF] Executing ViewResult, running view Create.
2025-10-14 19:23:37.275 +02:00 [INF] Executed ViewResult - view Create executed in 469.4766ms.
2025-10-14 19:23:37.275 +02:00 [INF] Executed action ITPE3200FAM.Controllers.QuizController.Create (ITPE3200FAM) in 548.8034ms
2025-10-14 19:23:37.275 +02:00 [INF] Executed endpoint 'ITPE3200FAM.Controllers.QuizController.Create (ITPE3200FAM)'
2025-10-14 19:23:37.276 +02:00 [INF] Request finished HTTP/1.1 GET http://localhost:5185/Quiz/Create - 200 null text/html; charset=utf-8 966.1038ms
2025-10-14 19:23:40.676 +02:00 [INF] Request starting HTTP/1.1 POST http://localhost:5185/Quiz/Create - application/x-www-form-urlencoded 408
2025-10-14 19:23:40.678 +02:00 [INF] Executing endpoint 'ITPE3200FAM.Controllers.QuizController.Create (ITPE3200FAM)'
2025-10-14 19:23:40.707 +02:00 [INF] Route matched with {action = "Create", controller = "Quiz"}. Executing controller action with signature System.Threading.Tasks.Task`1[Microsoft.AspNetCore.Mvc.IActionResult] Create(ITPE3200FAM.Models.Quiz) on controller ITPE3200FAM.Controllers.QuizController (ITPE3200FAM).
2025-10-14 19:23:40.754 +02:00 [INF] Executing ViewResult, running view Create.
2025-10-14 19:23:40.762 +02:00 [INF] Executed ViewResult - view Create executed in 7.8186ms.
2025-10-14 19:23:40.762 +02:00 [INF] Executed action ITPE3200FAM.Controllers.QuizController.Create (ITPE3200FAM) in 54.6604ms
2025-10-14 19:23:40.762 +02:00 [INF] Executed endpoint 'ITPE3200FAM.Controllers.QuizController.Create (ITPE3200FAM)'
2025-10-14 19:23:40.762 +02:00 [INF] Request finished HTTP/1.1 POST http://localhost:5185/Quiz/Create - 200 null text/html; charset=utf-8 85.7833ms
2025-10-14 19:23:54.002 +02:00 [INF] Request starting HTTP/1.1 POST http://localhost:5185/Quiz/Create - application/x-www-form-urlencoded 415
2025-10-14 19:23:54.004 +02:00 [INF] Executing endpoint 'ITPE3200FAM.Controllers.QuizController.Create (ITPE3200FAM)'
2025-10-14 19:23:54.005 +02:00 [INF] Route matched with {action = "Create", controller = "Quiz"}. Executing controller action with signature System.Threading.Tasks.Task`1[Microsoft.AspNetCore.Mvc.IActionResult] Create(ITPE3200FAM.Models.Quiz) on controller ITPE3200FAM.Controllers.QuizController (ITPE3200FAM).
2025-10-14 19:23:54.010 +02:00 [INF] Executing ViewResult, running view Create.
2025-10-14 19:23:54.017 +02:00 [INF] Executed ViewResult - view Create executed in 7.5446ms.
2025-10-14 19:23:54.017 +02:00 [INF] Executed action ITPE3200FAM.Controllers.QuizController.Create (ITPE3200FAM) in 12.7263ms
2025-10-14 19:23:54.018 +02:00 [INF] Executed endpoint 'ITPE3200FAM.Controllers.QuizController.Create (ITPE3200FAM)'
2025-10-14 19:23:54.018 +02:00 [INF] Request finished HTTP/1.1 POST http://localhost:5185/Quiz/Create - 200 null text/html; charset=utf-8 15.8557ms
2025-10-14 19:24:02.831 +02:00 [INF] Request starting HTTP/1.1 POST http://localhost:5185/Quiz/Create - application/x-www-form-urlencoded 474
2025-10-14 19:24:02.833 +02:00 [INF] Executing endpoint 'ITPE3200FAM.Controllers.QuizController.Create (ITPE3200FAM)'
2025-10-14 19:24:02.835 +02:00 [INF] Route matched with {action = "Create", controller = "Quiz"}. Executing controller action with signature System.Threading.Tasks.Task`1[Microsoft.AspNetCore.Mvc.IActionResult] Create(ITPE3200FAM.Models.Quiz) on controller ITPE3200FAM.Controllers.QuizController (ITPE3200FAM).
2025-10-14 19:24:03.016 +02:00 [INF] Executing RedirectResult, redirecting to /Quiz.
2025-10-14 19:24:03.016 +02:00 [INF] Executed action ITPE3200FAM.Controllers.QuizController.Create (ITPE3200FAM) in 179.0642ms
2025-10-14 19:24:03.016 +02:00 [INF] Executed endpoint 'ITPE3200FAM.Controllers.QuizController.Create (ITPE3200FAM)'
2025-10-14 19:24:03.017 +02:00 [INF] Request finished HTTP/1.1 POST http://localhost:5185/Quiz/Create - 302 0 null 185.9187ms
2025-10-14 19:24:03.026 +02:00 [INF] Request starting HTTP/1.1 GET http://localhost:5185/Quiz - null null
2025-10-14 19:24:03.026 +02:00 [INF] Executing endpoint 'ITPE3200FAM.Controllers.QuizController.Index (ITPE3200FAM)'
2025-10-14 19:24:03.026 +02:00 [INF] Route matched with {action = "Index", controller = "Quiz"}. Executing controller action with signature System.Threading.Tasks.Task`1[Microsoft.AspNetCore.Mvc.IActionResult] Index() on controller ITPE3200FAM.Controllers.QuizController (ITPE3200FAM).
2025-10-14 19:24:03.039 +02:00 [INF] Executing ViewResult, running view Index.
2025-10-14 19:24:03.042 +02:00 [INF] Executed ViewResult - view Index executed in 2.983ms.
2025-10-14 19:24:03.042 +02:00 [INF] Executed action ITPE3200FAM.Controllers.QuizController.Index (ITPE3200FAM) in 15.4428ms
2025-10-14 19:24:03.042 +02:00 [INF] Executed endpoint 'ITPE3200FAM.Controllers.QuizController.Index (ITPE3200FAM)'
2025-10-14 19:24:03.043 +02:00 [INF] Request finished HTTP/1.1 GET http://localhost:5185/Quiz - 200 null text/html; charset=utf-8 16.303ms
2025-10-14 19:24:04.964 +02:00 [INF] Request starting HTTP/1.1 GET http://localhost:5185/Quiz/Details/44 - null null
2025-10-14 19:24:04.964 +02:00 [INF] Executing endpoint 'ITPE3200FAM.Controllers.QuizController.Details (ITPE3200FAM)'
2025-10-14 19:24:04.977 +02:00 [INF] Route matched with {action = "Details", controller = "Quiz"}. Executing controller action with signature System.Threading.Tasks.Task`1[Microsoft.AspNetCore.Mvc.IActionResult] Details(Int32) on controller ITPE3200FAM.Controllers.QuizController (ITPE3200FAM).
2025-10-14 19:24:04.997 +02:00 [INF] Executing ViewResult, running view Details.
2025-10-14 19:24:05.003 +02:00 [INF] Executed ViewResult - view Details executed in 10.9276ms.
2025-10-14 19:24:05.003 +02:00 [INF] Executed action ITPE3200FAM.Controllers.QuizController.Details (ITPE3200FAM) in 25.6508ms
2025-10-14 19:24:05.003 +02:00 [INF] Executed endpoint 'ITPE3200FAM.Controllers.QuizController.Details (ITPE3200FAM)'
2025-10-14 19:24:05.003 +02:00 [INF] Request finished HTTP/1.1 GET http://localhost:5185/Quiz/Details/44 - 200 null text/html; charset=utf-8 39.6903ms
2025-10-14 19:24:06.830 +02:00 [INF] Request starting HTTP/1.1 GET http://localhost:5185/Quiz - null null
2025-10-14 19:24:06.830 +02:00 [INF] Executing endpoint 'ITPE3200FAM.Controllers.QuizController.Index (ITPE3200FAM)'
2025-10-14 19:24:06.830 +02:00 [INF] Route matched with {action = "Index", controller = "Quiz"}. Executing controller action with signature System.Threading.Tasks.Task`1[Microsoft.AspNetCore.Mvc.IActionResult] Index() on controller ITPE3200FAM.Controllers.QuizController (ITPE3200FAM).
2025-10-14 19:24:06.841 +02:00 [INF] Executing ViewResult, running view Index.
2025-10-14 19:24:06.844 +02:00 [INF] Executed ViewResult - view Index executed in 2.6795ms.
2025-10-14 19:24:06.844 +02:00 [INF] Executed action ITPE3200FAM.Controllers.QuizController.Index (ITPE3200FAM) in 13.5732ms
2025-10-14 19:24:06.844 +02:00 [INF] Executed endpoint 'ITPE3200FAM.Controllers.QuizController.Index (ITPE3200FAM)'
2025-10-14 19:24:06.844 +02:00 [INF] Request finished HTTP/1.1 GET http://localhost:5185/Quiz - 200 null text/html; charset=utf-8 14.1338ms
2025-10-14 19:24:08.775 +02:00 [INF] Request starting HTTP/1.1 GET http://localhost:5185/Quiz/Delete/44 - null null
2025-10-14 19:24:08.778 +02:00 [INF] Executing endpoint 'ITPE3200FAM.Controllers.QuizController.Delete (ITPE3200FAM)'
2025-10-14 19:24:08.792 +02:00 [INF] Route matched with {action = "Delete", controller = "Quiz"}. Executing controller action with signature System.Threading.Tasks.Task`1[Microsoft.AspNetCore.Mvc.IActionResult] Delete(Int32) on controller ITPE3200FAM.Controllers.QuizController (ITPE3200FAM).
2025-10-14 19:24:08.812 +02:00 [INF] Executing ViewResult, running view Delete.
2025-10-14 19:24:08.828 +02:00 [INF] Executed ViewResult - view Delete executed in 19.5709ms.
2025-10-14 19:24:08.828 +02:00 [INF] Executed action ITPE3200FAM.Controllers.QuizController.Delete (ITPE3200FAM) in 35.5591ms
2025-10-14 19:24:08.828 +02:00 [INF] Executed endpoint 'ITPE3200FAM.Controllers.QuizController.Delete (ITPE3200FAM)'
2025-10-14 19:24:08.828 +02:00 [INF] Request finished HTTP/1.1 GET http://localhost:5185/Quiz/Delete/44 - 200 null text/html; charset=utf-8 52.9183ms
2025-10-14 19:24:10.724 +02:00 [INF] Request starting HTTP/1.1 POST http://localhost:5185/Quiz/DeleteConfirmed/44 - application/x-www-form-urlencoded 182
2025-10-14 19:24:10.725 +02:00 [INF] Executing endpoint 'ITPE3200FAM.Controllers.QuizController.DeleteConfirmed (ITPE3200FAM)'
2025-10-14 19:24:10.728 +02:00 [INF] Route matched with {action = "DeleteConfirmed", controller = "Quiz"}. Executing controller action with signature System.Threading.Tasks.Task`1[Microsoft.AspNetCore.Mvc.IActionResult] DeleteConfirmed(Int32) on controller ITPE3200FAM.Controllers.QuizController (ITPE3200FAM).
2025-10-14 19:24:10.846 +02:00 [INF] Executing RedirectResult, redirecting to /Quiz.
2025-10-14 19:24:10.846 +02:00 [INF] Executed action ITPE3200FAM.Controllers.QuizController.DeleteConfirmed (ITPE3200FAM) in 117.8283ms
2025-10-14 19:24:10.846 +02:00 [INF] Executed endpoint 'ITPE3200FAM.Controllers.QuizController.DeleteConfirmed (ITPE3200FAM)'
2025-10-14 19:24:10.846 +02:00 [INF] Request finished HTTP/1.1 POST http://localhost:5185/Quiz/DeleteConfirmed/44 - 302 0 null 121.6542ms
2025-10-14 19:24:10.850 +02:00 [INF] Request starting HTTP/1.1 GET http://localhost:5185/Quiz - null null
2025-10-14 19:24:10.851 +02:00 [INF] Executing endpoint 'ITPE3200FAM.Controllers.QuizController.Index (ITPE3200FAM)'
2025-10-14 19:24:10.851 +02:00 [INF] Route matched with {action = "Index", controller = "Quiz"}. Executing controller action with signature System.Threading.Tasks.Task`1[Microsoft.AspNetCore.Mvc.IActionResult] Index() on controller ITPE3200FAM.Controllers.QuizController (ITPE3200FAM).
2025-10-14 19:24:10.857 +02:00 [INF] Executing ViewResult, running view Index.
2025-10-14 19:24:10.858 +02:00 [INF] Executed ViewResult - view Index executed in 1.3614ms.
2025-10-14 19:24:10.858 +02:00 [INF] Executed action ITPE3200FAM.Controllers.QuizController.Index (ITPE3200FAM) in 7.4517ms
2025-10-14 19:24:10.859 +02:00 [INF] Executed endpoint 'ITPE3200FAM.Controllers.QuizController.Index (ITPE3200FAM)'
2025-10-14 19:24:10.859 +02:00 [INF] Request finished HTTP/1.1 GET http://localhost:5185/Quiz - 200 null text/html; charset=utf-8 8.1582ms
2025-10-14 19:24:16.593 +02:00 [INF] Request starting HTTP/1.1 GET http://localhost:5185/Quiz/Delete/43 - null null
2025-10-14 19:24:16.593 +02:00 [INF] Executing endpoint 'ITPE3200FAM.Controllers.QuizController.Delete (ITPE3200FAM)'
2025-10-14 19:24:16.594 +02:00 [INF] Route matched with {action = "Delete", controller = "Quiz"}. Executing controller action with signature System.Threading.Tasks.Task`1[Microsoft.AspNetCore.Mvc.IActionResult] Delete(Int32) on controller ITPE3200FAM.Controllers.QuizController (ITPE3200FAM).
2025-10-14 19:24:16.602 +02:00 [INF] Executing ViewResult, running view Delete.
2025-10-14 19:24:16.607 +02:00 [INF] Executed ViewResult - view Delete executed in 4.3165ms.
2025-10-14 19:24:16.607 +02:00 [INF] Executed action ITPE3200FAM.Controllers.QuizController.Delete (ITPE3200FAM) in 13.1447ms
2025-10-14 19:24:16.607 +02:00 [INF] Executed endpoint 'ITPE3200FAM.Controllers.QuizController.Delete (ITPE3200FAM)'
2025-10-14 19:24:16.607 +02:00 [INF] Request finished HTTP/1.1 GET http://localhost:5185/Quiz/Delete/43 - 200 null text/html; charset=utf-8 13.7713ms
2025-10-14 19:24:17.804 +02:00 [INF] Request starting HTTP/1.1 POST http://localhost:5185/Quiz/DeleteConfirmed/43 - application/x-www-form-urlencoded 182
2025-10-14 19:24:17.804 +02:00 [INF] Executing endpoint 'ITPE3200FAM.Controllers.QuizController.DeleteConfirmed (ITPE3200FAM)'
2025-10-14 19:24:17.804 +02:00 [INF] Route matched with {action = "DeleteConfirmed", controller = "Quiz"}. Executing controller action with signature System.Threading.Tasks.Task`1[Microsoft.AspNetCore.Mvc.IActionResult] DeleteConfirmed(Int32) on controller ITPE3200FAM.Controllers.QuizController (ITPE3200FAM).
2025-10-14 19:24:17.824 +02:00 [INF] Executing RedirectResult, redirecting to /Quiz.
2025-10-14 19:24:17.824 +02:00 [INF] Executed action ITPE3200FAM.Controllers.QuizController.DeleteConfirmed (ITPE3200FAM) in 19.8643ms
2025-10-14 19:24:17.824 +02:00 [INF] Executed endpoint 'ITPE3200FAM.Controllers.QuizController.DeleteConfirmed (ITPE3200FAM)'
2025-10-14 19:24:17.824 +02:00 [INF] Request finished HTTP/1.1 POST http://localhost:5185/Quiz/DeleteConfirmed/43 - 302 0 null 20.403ms
2025-10-14 19:24:17.828 +02:00 [INF] Request starting HTTP/1.1 GET http://localhost:5185/Quiz - null null
2025-10-14 19:24:17.828 +02:00 [INF] Executing endpoint 'ITPE3200FAM.Controllers.QuizController.Index (ITPE3200FAM)'
2025-10-14 19:24:17.828 +02:00 [INF] Route matched with {action = "Index", controller = "Quiz"}. Executing controller action with signature System.Threading.Tasks.Task`1[Microsoft.AspNetCore.Mvc.IActionResult] Index() on controller ITPE3200FAM.Controllers.QuizController (ITPE3200FAM).
2025-10-14 19:24:17.836 +02:00 [INF] Executing ViewResult, running view Index.
2025-10-14 19:24:17.837 +02:00 [INF] Executed ViewResult - view Index executed in 0.9693ms.
2025-10-14 19:24:17.837 +02:00 [INF] Executed action ITPE3200FAM.Controllers.QuizController.Index (ITPE3200FAM) in 8.7555ms
2025-10-14 19:24:17.837 +02:00 [INF] Executed endpoint 'ITPE3200FAM.Controllers.QuizController.Index (ITPE3200FAM)'
2025-10-14 19:24:17.837 +02:00 [INF] Request finished HTTP/1.1 GET http://localhost:5185/Quiz - 200 null text/html; charset=utf-8 9.1173ms
2025-10-14 19:24:19.678 +02:00 [INF] Request starting HTTP/1.1 GET http://localhost:5185/Quiz/Create - null null
2025-10-14 19:24:19.679 +02:00 [INF] Executing endpoint 'ITPE3200FAM.Controllers.QuizController.Create (ITPE3200FAM)'
2025-10-14 19:24:19.679 +02:00 [INF] Route matched with {action = "Create", controller = "Quiz"}. Executing controller action with signature Microsoft.AspNetCore.Mvc.IActionResult Create() on controller ITPE3200FAM.Controllers.QuizController (ITPE3200FAM).
2025-10-14 19:24:19.680 +02:00 [INF] Executing ViewResult, running view Create.
2025-10-14 19:24:19.690 +02:00 [INF] Executed ViewResult - view Create executed in 10.6483ms.
2025-10-14 19:24:19.690 +02:00 [INF] Executed action ITPE3200FAM.Controllers.QuizController.Create (ITPE3200FAM) in 11.3357ms
2025-10-14 19:24:19.690 +02:00 [INF] Executed endpoint 'ITPE3200FAM.Controllers.QuizController.Create (ITPE3200FAM)'
2025-10-14 19:24:19.691 +02:00 [INF] Request finished HTTP/1.1 GET http://localhost:5185/Quiz/Create - 200 null text/html; charset=utf-8 12.3478ms
2025-10-14 19:24:43.918 +02:00 [INF] Request starting HTTP/1.1 POST http://localhost:5185/Quiz/Create - application/x-www-form-urlencoded 867
2025-10-14 19:24:43.920 +02:00 [INF] Executing endpoint 'ITPE3200FAM.Controllers.QuizController.Create (ITPE3200FAM)'
2025-10-14 19:24:43.924 +02:00 [INF] Route matched with {action = "Create", controller = "Quiz"}. Executing controller action with signature System.Threading.Tasks.Task`1[Microsoft.AspNetCore.Mvc.IActionResult] Create(ITPE3200FAM.Models.Quiz) on controller ITPE3200FAM.Controllers.QuizController (ITPE3200FAM).
2025-10-14 19:24:43.949 +02:00 [INF] Executing ViewResult, running view Create.
2025-10-14 19:24:43.975 +02:00 [INF] Executed ViewResult - view Create executed in 26.7228ms.
2025-10-14 19:24:43.975 +02:00 [INF] Executed action ITPE3200FAM.Controllers.QuizController.Create (ITPE3200FAM) in 51.2673ms
2025-10-14 19:24:43.975 +02:00 [INF] Executed endpoint 'ITPE3200FAM.Controllers.QuizController.Create (ITPE3200FAM)'
2025-10-14 19:24:43.975 +02:00 [INF] Request finished HTTP/1.1 POST http://localhost:5185/Quiz/Create - 200 null text/html; charset=utf-8 58.0157ms
2025-10-14 19:24:57.122 +02:00 [INF] Request starting HTTP/1.1 POST http://localhost:5185/Quiz/Create - application/x-www-form-urlencoded 820
2025-10-14 19:24:57.123 +02:00 [INF] Executing endpoint 'ITPE3200FAM.Controllers.QuizController.Create (ITPE3200FAM)'
2025-10-14 19:24:57.123 +02:00 [INF] Route matched with {action = "Create", controller = "Quiz"}. Executing controller action with signature System.Threading.Tasks.Task`1[Microsoft.AspNetCore.Mvc.IActionResult] Create(ITPE3200FAM.Models.Quiz) on controller ITPE3200FAM.Controllers.QuizController (ITPE3200FAM).
2025-10-14 19:24:57.128 +02:00 [INF] Executing ViewResult, running view Create.
2025-10-14 19:24:57.141 +02:00 [INF] Executed ViewResult - view Create executed in 12.9546ms.
2025-10-14 19:24:57.141 +02:00 [INF] Executed action ITPE3200FAM.Controllers.QuizController.Create (ITPE3200FAM) in 18.4108ms
2025-10-14 19:24:57.141 +02:00 [INF] Executed endpoint 'ITPE3200FAM.Controllers.QuizController.Create (ITPE3200FAM)'
2025-10-14 19:24:57.141 +02:00 [INF] Request finished HTTP/1.1 POST http://localhost:5185/Quiz/Create - 200 null text/html; charset=utf-8 19.7757ms
2025-10-14 19:25:10.146 +02:00 [INF] Request starting HTTP/1.1 POST http://localhost:5185/Quiz/Create - application/x-www-form-urlencoded 926
2025-10-14 19:25:10.147 +02:00 [INF] Executing endpoint 'ITPE3200FAM.Controllers.QuizController.Create (ITPE3200FAM)'
2025-10-14 19:25:10.148 +02:00 [INF] Route matched with {action = "Create", controller = "Quiz"}. Executing controller action with signature System.Threading.Tasks.Task`1[Microsoft.AspNetCore.Mvc.IActionResult] Create(ITPE3200FAM.Models.Quiz) on controller ITPE3200FAM.Controllers.QuizController (ITPE3200FAM).
2025-10-14 19:25:10.247 +02:00 [INF] Executing RedirectResult, redirecting to /Quiz.
2025-10-14 19:25:10.248 +02:00 [INF] Executed action ITPE3200FAM.Controllers.QuizController.Create (ITPE3200FAM) in 100.1308ms
2025-10-14 19:25:10.248 +02:00 [INF] Executed endpoint 'ITPE3200FAM.Controllers.QuizController.Create (ITPE3200FAM)'
2025-10-14 19:25:10.248 +02:00 [INF] Request finished HTTP/1.1 POST http://localhost:5185/Quiz/Create - 302 0 null 101.9781ms
2025-10-14 19:25:10.268 +02:00 [INF] Request starting HTTP/1.1 GET http://localhost:5185/Quiz - null null
2025-10-14 19:25:10.268 +02:00 [INF] Executing endpoint 'ITPE3200FAM.Controllers.QuizController.Index (ITPE3200FAM)'
2025-10-14 19:25:10.268 +02:00 [INF] Route matched with {action = "Index", controller = "Quiz"}. Executing controller action with signature System.Threading.Tasks.Task`1[Microsoft.AspNetCore.Mvc.IActionResult] Index() on controller ITPE3200FAM.Controllers.QuizController (ITPE3200FAM).
2025-10-14 19:25:10.281 +02:00 [INF] Executing ViewResult, running view Index.
2025-10-14 19:25:10.282 +02:00 [INF] Executed ViewResult - view Index executed in 1.5322ms.
2025-10-14 19:25:10.282 +02:00 [INF] Executed action ITPE3200FAM.Controllers.QuizController.Index (ITPE3200FAM) in 13.8341ms
2025-10-14 19:25:10.282 +02:00 [INF] Executed endpoint 'ITPE3200FAM.Controllers.QuizController.Index (ITPE3200FAM)'
2025-10-14 19:25:10.282 +02:00 [INF] Request finished HTTP/1.1 GET http://localhost:5185/Quiz - 200 null text/html; charset=utf-8 14.573ms
2025-10-14 19:25:12.032 +02:00 [INF] Request starting HTTP/1.1 GET http://localhost:5185/Quiz/Details/45 - null null
2025-10-14 19:25:12.032 +02:00 [INF] Executing endpoint 'ITPE3200FAM.Controllers.QuizController.Details (ITPE3200FAM)'
2025-10-14 19:25:12.033 +02:00 [INF] Route matched with {action = "Details", controller = "Quiz"}. Executing controller action with signature System.Threading.Tasks.Task`1[Microsoft.AspNetCore.Mvc.IActionResult] Details(Int32) on controller ITPE3200FAM.Controllers.QuizController (ITPE3200FAM).
2025-10-14 19:25:12.043 +02:00 [INF] Executing ViewResult, running view Details.
2025-10-14 19:25:12.044 +02:00 [INF] Executed ViewResult - view Details executed in 1.0734ms.
2025-10-14 19:25:12.044 +02:00 [INF] Executed action ITPE3200FAM.Controllers.QuizController.Details (ITPE3200FAM) in 11.2901ms
2025-10-14 19:25:12.044 +02:00 [INF] Executed endpoint 'ITPE3200FAM.Controllers.QuizController.Details (ITPE3200FAM)'
2025-10-14 19:25:12.044 +02:00 [INF] Request finished HTTP/1.1 GET http://localhost:5185/Quiz/Details/45 - 200 null text/html; charset=utf-8 12.0869ms
2025-10-14 19:25:14.654 +02:00 [INF] Request starting HTTP/1.1 GET http://localhost:5185/Quiz - null null
2025-10-14 19:25:14.655 +02:00 [INF] Executing endpoint 'ITPE3200FAM.Controllers.QuizController.Index (ITPE3200FAM)'
2025-10-14 19:25:14.655 +02:00 [INF] Route matched with {action = "Index", controller = "Quiz"}. Executing controller action with signature System.Threading.Tasks.Task`1[Microsoft.AspNetCore.Mvc.IActionResult] Index() on controller ITPE3200FAM.Controllers.QuizController (ITPE3200FAM).
2025-10-14 19:25:14.664 +02:00 [INF] Executing ViewResult, running view Index.
2025-10-14 19:25:14.665 +02:00 [INF] Executed ViewResult - view Index executed in 0.7242ms.
2025-10-14 19:25:14.665 +02:00 [INF] Executed action ITPE3200FAM.Controllers.QuizController.Index (ITPE3200FAM) in 9.8417ms
2025-10-14 19:25:14.665 +02:00 [INF] Executed endpoint 'ITPE3200FAM.Controllers.QuizController.Index (ITPE3200FAM)'
2025-10-14 19:25:14.665 +02:00 [INF] Request finished HTTP/1.1 GET http://localhost:5185/Quiz - 200 null text/html; charset=utf-8 10.5321ms
2025-10-14 19:25:15.763 +02:00 [INF] Request starting HTTP/1.1 GET http://localhost:5185/Quiz/Update/45 - null null
2025-10-14 19:25:15.763 +02:00 [INF] Executing endpoint 'ITPE3200FAM.Controllers.QuizController.Update (ITPE3200FAM)'
2025-10-14 19:25:15.782 +02:00 [INF] Route matched with {action = "Update", controller = "Quiz"}. Executing controller action with signature System.Threading.Tasks.Task`1[Microsoft.AspNetCore.Mvc.IActionResult] Update(Int32) on controller ITPE3200FAM.Controllers.QuizController (ITPE3200FAM).
2025-10-14 19:25:15.800 +02:00 [INF] Executing ViewResult, running view Update.
2025-10-14 19:25:15.844 +02:00 [INF] Executed ViewResult - view Update executed in 50.1039ms.
2025-10-14 19:25:15.844 +02:00 [INF] Executed action ITPE3200FAM.Controllers.QuizController.Update (ITPE3200FAM) in 62.0415ms
2025-10-14 19:25:15.844 +02:00 [INF] Executed endpoint 'ITPE3200FAM.Controllers.QuizController.Update (ITPE3200FAM)'
2025-10-14 19:25:15.844 +02:00 [INF] Request finished HTTP/1.1 GET http://localhost:5185/Quiz/Update/45 - 200 null text/html; charset=utf-8 81.4075ms
2025-10-14 19:25:18.513 +02:00 [INF] Request starting HTTP/1.1 POST http://localhost:5185/Quiz/Update/45 - application/x-www-form-urlencoded 1283
2025-10-14 19:25:18.513 +02:00 [INF] Executing endpoint 'ITPE3200FAM.Controllers.QuizController.Update (ITPE3200FAM)'
2025-10-14 19:25:18.524 +02:00 [INF] Route matched with {action = "Update", controller = "Quiz"}. Executing controller action with signature System.Threading.Tasks.Task`1[Microsoft.AspNetCore.Mvc.IActionResult] Update(ITPE3200FAM.Models.Quiz) on controller ITPE3200FAM.Controllers.QuizController (ITPE3200FAM).
2025-10-14 19:25:18.591 +02:00 [INF] Executing RedirectResult, redirecting to /Quiz.
2025-10-14 19:25:18.591 +02:00 [INF] Executed action ITPE3200FAM.Controllers.QuizController.Update (ITPE3200FAM) in 67.4624ms
2025-10-14 19:25:18.591 +02:00 [INF] Executed endpoint 'ITPE3200FAM.Controllers.QuizController.Update (ITPE3200FAM)'
2025-10-14 19:25:18.591 +02:00 [INF] Request finished HTTP/1.1 POST http://localhost:5185/Quiz/Update/45 - 302 0 null 78.7209ms
2025-10-14 19:25:18.595 +02:00 [INF] Request starting HTTP/1.1 GET http://localhost:5185/Quiz - null null
2025-10-14 19:25:18.595 +02:00 [INF] Executing endpoint 'ITPE3200FAM.Controllers.QuizController.Index (ITPE3200FAM)'
2025-10-14 19:25:18.595 +02:00 [INF] Route matched with {action = "Index", controller = "Quiz"}. Executing controller action with signature System.Threading.Tasks.Task`1[Microsoft.AspNetCore.Mvc.IActionResult] Index() on controller ITPE3200FAM.Controllers.QuizController (ITPE3200FAM).
2025-10-14 19:25:18.603 +02:00 [INF] Executing ViewResult, running view Index.
2025-10-14 19:25:18.605 +02:00 [INF] Executed ViewResult - view Index executed in 1.6777ms.
2025-10-14 19:25:18.605 +02:00 [INF] Executed action ITPE3200FAM.Controllers.QuizController.Index (ITPE3200FAM) in 9.495ms
2025-10-14 19:25:18.605 +02:00 [INF] Executed endpoint 'ITPE3200FAM.Controllers.QuizController.Index (ITPE3200FAM)'
2025-10-14 19:25:18.605 +02:00 [INF] Request finished HTTP/1.1 GET http://localhost:5185/Quiz - 200 null text/html; charset=utf-8 9.792ms
2025-10-14 19:25:19.535 +02:00 [INF] Request starting HTTP/1.1 GET http://localhost:5185/Quiz/Update/45 - null null
2025-10-14 19:25:19.536 +02:00 [INF] Executing endpoint 'ITPE3200FAM.Controllers.QuizController.Update (ITPE3200FAM)'
2025-10-14 19:25:19.536 +02:00 [INF] Route matched with {action = "Update", controller = "Quiz"}. Executing controller action with signature System.Threading.Tasks.Task`1[Microsoft.AspNetCore.Mvc.IActionResult] Update(Int32) on controller ITPE3200FAM.Controllers.QuizController (ITPE3200FAM).
2025-10-14 19:25:19.546 +02:00 [INF] Executing ViewResult, running view Update.
2025-10-14 19:25:19.561 +02:00 [INF] Executed ViewResult - view Update executed in 15.8595ms.
2025-10-14 19:25:19.562 +02:00 [INF] Executed action ITPE3200FAM.Controllers.QuizController.Update (ITPE3200FAM) in 25.7394ms
2025-10-14 19:25:19.562 +02:00 [INF] Executed endpoint 'ITPE3200FAM.Controllers.QuizController.Update (ITPE3200FAM)'
2025-10-14 19:25:19.562 +02:00 [INF] Request finished HTTP/1.1 GET http://localhost:5185/Quiz/Update/45 - 200 null text/html; charset=utf-8 26.3327ms
2025-10-14 19:25:32.494 +02:00 [INF] Request starting HTTP/1.1 POST http://localhost:5185/Quiz/Update/45 - application/x-www-form-urlencoded 1674
2025-10-14 19:25:32.495 +02:00 [INF] Executing endpoint 'ITPE3200FAM.Controllers.QuizController.Update (ITPE3200FAM)'
2025-10-14 19:25:32.496 +02:00 [INF] Route matched with {action = "Update", controller = "Quiz"}. Executing controller action with signature System.Threading.Tasks.Task`1[Microsoft.AspNetCore.Mvc.IActionResult] Update(ITPE3200FAM.Models.Quiz) on controller ITPE3200FAM.Controllers.QuizController (ITPE3200FAM).
2025-10-14 19:25:32.504 +02:00 [INF] Executing ViewResult, running view Update.
2025-10-14 19:25:32.538 +02:00 [INF] Executed ViewResult - view Update executed in 33.8116ms.
2025-10-14 19:25:32.538 +02:00 [INF] Executed action ITPE3200FAM.Controllers.QuizController.Update (ITPE3200FAM) in 41.9808ms
2025-10-14 19:25:32.538 +02:00 [INF] Executed endpoint 'ITPE3200FAM.Controllers.QuizController.Update (ITPE3200FAM)'
2025-10-14 19:25:32.538 +02:00 [INF] Request finished HTTP/1.1 POST http://localhost:5185/Quiz/Update/45 - 200 null text/html; charset=utf-8 43.7919ms
2025-10-14 19:25:40.493 +02:00 [INF] Request starting HTTP/1.1 POST http://localhost:5185/Quiz/Update/45 - application/x-www-form-urlencoded 1922
2025-10-14 19:25:40.494 +02:00 [INF] Executing endpoint 'ITPE3200FAM.Controllers.QuizController.Update (ITPE3200FAM)'
2025-10-14 19:25:40.495 +02:00 [INF] Route matched with {action = "Update", controller = "Quiz"}. Executing controller action with signature System.Threading.Tasks.Task`1[Microsoft.AspNetCore.Mvc.IActionResult] Update(ITPE3200FAM.Models.Quiz) on controller ITPE3200FAM.Controllers.QuizController (ITPE3200FAM).
2025-10-14 19:25:40.578 +02:00 [INF] Executing RedirectResult, redirecting to /Quiz.
2025-10-14 19:25:40.578 +02:00 [INF] Executed action ITPE3200FAM.Controllers.QuizController.Update (ITPE3200FAM) in 83.2226ms
2025-10-14 19:25:40.578 +02:00 [INF] Executed endpoint 'ITPE3200FAM.Controllers.QuizController.Update (ITPE3200FAM)'
2025-10-14 19:25:40.579 +02:00 [INF] Request finished HTTP/1.1 POST http://localhost:5185/Quiz/Update/45 - 302 0 null 85.6849ms
2025-10-14 19:25:40.586 +02:00 [INF] Request starting HTTP/1.1 GET http://localhost:5185/Quiz - null null
2025-10-14 19:25:40.586 +02:00 [INF] Executing endpoint 'ITPE3200FAM.Controllers.QuizController.Index (ITPE3200FAM)'
2025-10-14 19:25:40.586 +02:00 [INF] Route matched with {action = "Index", controller = "Quiz"}. Executing controller action with signature System.Threading.Tasks.Task`1[Microsoft.AspNetCore.Mvc.IActionResult] Index() on controller ITPE3200FAM.Controllers.QuizController (ITPE3200FAM).
2025-10-14 19:25:40.594 +02:00 [INF] Executing ViewResult, running view Index.
2025-10-14 19:25:40.595 +02:00 [INF] Executed ViewResult - view Index executed in 1.1866ms.
2025-10-14 19:25:40.595 +02:00 [INF] Executed action ITPE3200FAM.Controllers.QuizController.Index (ITPE3200FAM) in 8.5524ms
2025-10-14 19:25:40.595 +02:00 [INF] Executed endpoint 'ITPE3200FAM.Controllers.QuizController.Index (ITPE3200FAM)'
2025-10-14 19:25:40.595 +02:00 [INF] Request finished HTTP/1.1 GET http://localhost:5185/Quiz - 200 null text/html; charset=utf-8 8.9939ms
2025-10-14 19:25:44.788 +02:00 [INF] Request starting HTTP/1.1 GET http://localhost:5185/Quiz/Details/45 - null null
2025-10-14 19:25:44.789 +02:00 [INF] Executing endpoint 'ITPE3200FAM.Controllers.QuizController.Details (ITPE3200FAM)'
2025-10-14 19:25:44.789 +02:00 [INF] Route matched with {action = "Details", controller = "Quiz"}. Executing controller action with signature System.Threading.Tasks.Task`1[Microsoft.AspNetCore.Mvc.IActionResult] Details(Int32) on controller ITPE3200FAM.Controllers.QuizController (ITPE3200FAM).
2025-10-14 19:25:44.814 +02:00 [INF] Executing ViewResult, running view Details.
2025-10-14 19:25:44.816 +02:00 [INF] Executed ViewResult - view Details executed in 2.6719ms.
2025-10-14 19:25:44.817 +02:00 [INF] Executed action ITPE3200FAM.Controllers.QuizController.Details (ITPE3200FAM) in 27.3116ms
2025-10-14 19:25:44.817 +02:00 [INF] Executed endpoint 'ITPE3200FAM.Controllers.QuizController.Details (ITPE3200FAM)'
2025-10-14 19:25:44.819 +02:00 [INF] Request finished HTTP/1.1 GET http://localhost:5185/Quiz/Details/45 - 200 null text/html; charset=utf-8 31.2011ms
2025-10-14 19:25:46.583 +02:00 [INF] Request starting HTTP/1.1 GET http://localhost:5185/Quiz - null null
2025-10-14 19:25:46.584 +02:00 [INF] Executing endpoint 'ITPE3200FAM.Controllers.QuizController.Index (ITPE3200FAM)'
2025-10-14 19:25:46.584 +02:00 [INF] Route matched with {action = "Index", controller = "Quiz"}. Executing controller action with signature System.Threading.Tasks.Task`1[Microsoft.AspNetCore.Mvc.IActionResult] Index() on controller ITPE3200FAM.Controllers.QuizController (ITPE3200FAM).
2025-10-14 19:25:46.593 +02:00 [INF] Executing ViewResult, running view Index.
2025-10-14 19:25:46.594 +02:00 [INF] Executed ViewResult - view Index executed in 1.3907ms.
2025-10-14 19:25:46.594 +02:00 [INF] Executed action ITPE3200FAM.Controllers.QuizController.Index (ITPE3200FAM) in 10.6048ms
2025-10-14 19:25:46.594 +02:00 [INF] Executed endpoint 'ITPE3200FAM.Controllers.QuizController.Index (ITPE3200FAM)'
2025-10-14 19:25:46.595 +02:00 [INF] Request finished HTTP/1.1 GET http://localhost:5185/Quiz - 200 null text/html; charset=utf-8 11.9636ms
2025-10-14 19:25:47.548 +02:00 [INF] Request starting HTTP/1.1 GET http://localhost:5185/Quiz/Update/45 - null null
2025-10-14 19:25:47.548 +02:00 [INF] Executing endpoint 'ITPE3200FAM.Controllers.QuizController.Update (ITPE3200FAM)'
2025-10-14 19:25:47.548 +02:00 [INF] Route matched with {action = "Update", controller = "Quiz"}. Executing controller action with signature System.Threading.Tasks.Task`1[Microsoft.AspNetCore.Mvc.IActionResult] Update(Int32) on controller ITPE3200FAM.Controllers.QuizController (ITPE3200FAM).
2025-10-14 19:25:47.558 +02:00 [INF] Executing ViewResult, running view Update.
2025-10-14 19:25:47.567 +02:00 [INF] Executed ViewResult - view Update executed in 9.295ms.
2025-10-14 19:25:47.568 +02:00 [INF] Executed action ITPE3200FAM.Controllers.QuizController.Update (ITPE3200FAM) in 19.6616ms
2025-10-14 19:25:47.568 +02:00 [INF] Executed endpoint 'ITPE3200FAM.Controllers.QuizController.Update (ITPE3200FAM)'
2025-10-14 19:25:47.568 +02:00 [INF] Request finished HTTP/1.1 GET http://localhost:5185/Quiz/Update/45 - 200 null text/html; charset=utf-8 20.302ms
2025-10-14 19:26:06.770 +02:00 [INF] Request starting HTTP/1.1 POST http://localhost:5185/Quiz/Update/45 - application/x-www-form-urlencoded 2494
2025-10-14 19:26:06.774 +02:00 [INF] Executing endpoint 'ITPE3200FAM.Controllers.QuizController.Update (ITPE3200FAM)'
2025-10-14 19:26:06.775 +02:00 [INF] Route matched with {action = "Update", controller = "Quiz"}. Executing controller action with signature System.Threading.Tasks.Task`1[Microsoft.AspNetCore.Mvc.IActionResult] Update(ITPE3200FAM.Models.Quiz) on controller ITPE3200FAM.Controllers.QuizController (ITPE3200FAM).
2025-10-14 19:26:06.897 +02:00 [INF] Executing RedirectResult, redirecting to /Quiz.
2025-10-14 19:26:06.899 +02:00 [INF] Executed action ITPE3200FAM.Controllers.QuizController.Update (ITPE3200FAM) in 122.6381ms
2025-10-14 19:26:06.899 +02:00 [INF] Executed endpoint 'ITPE3200FAM.Controllers.QuizController.Update (ITPE3200FAM)'
2025-10-14 19:26:06.901 +02:00 [INF] Request finished HTTP/1.1 POST http://localhost:5185/Quiz/Update/45 - 302 0 null 131.3674ms
2025-10-14 19:26:06.912 +02:00 [INF] Request starting HTTP/1.1 GET http://localhost:5185/Quiz - null null
2025-10-14 19:26:06.912 +02:00 [INF] Executing endpoint 'ITPE3200FAM.Controllers.QuizController.Index (ITPE3200FAM)'
2025-10-14 19:26:06.913 +02:00 [INF] Route matched with {action = "Index", controller = "Quiz"}. Executing controller action with signature System.Threading.Tasks.Task`1[Microsoft.AspNetCore.Mvc.IActionResult] Index() on controller ITPE3200FAM.Controllers.QuizController (ITPE3200FAM).
2025-10-14 19:26:06.935 +02:00 [INF] Executing ViewResult, running view Index.
2025-10-14 19:26:06.943 +02:00 [INF] Executed ViewResult - view Index executed in 7.8331ms.
2025-10-14 19:26:06.943 +02:00 [INF] Executed action ITPE3200FAM.Controllers.QuizController.Index (ITPE3200FAM) in 30.2877ms
2025-10-14 19:26:06.943 +02:00 [INF] Executed endpoint 'ITPE3200FAM.Controllers.QuizController.Index (ITPE3200FAM)'
2025-10-14 19:26:06.943 +02:00 [INF] Request finished HTTP/1.1 GET http://localhost:5185/Quiz - 200 null text/html; charset=utf-8 31.505ms
2025-10-14 19:26:08.183 +02:00 [INF] Request starting HTTP/1.1 GET http://localhost:5185/Quiz/Details/45 - null null
2025-10-14 19:26:08.184 +02:00 [INF] Executing endpoint 'ITPE3200FAM.Controllers.QuizController.Details (ITPE3200FAM)'
2025-10-14 19:26:08.184 +02:00 [INF] Route matched with {action = "Details", controller = "Quiz"}. Executing controller action with signature System.Threading.Tasks.Task`1[Microsoft.AspNetCore.Mvc.IActionResult] Details(Int32) on controller ITPE3200FAM.Controllers.QuizController (ITPE3200FAM).
2025-10-14 19:26:08.194 +02:00 [INF] Executing ViewResult, running view Details.
2025-10-14 19:26:08.196 +02:00 [INF] Executed ViewResult - view Details executed in 2.5428ms.
2025-10-14 19:26:08.196 +02:00 [INF] Executed action ITPE3200FAM.Controllers.QuizController.Details (ITPE3200FAM) in 12.0797ms
2025-10-14 19:26:08.196 +02:00 [INF] Executed endpoint 'ITPE3200FAM.Controllers.QuizController.Details (ITPE3200FAM)'
2025-10-14 19:26:08.196 +02:00 [INF] Request finished HTTP/1.1 GET http://localhost:5185/Quiz/Details/45 - 200 null text/html; charset=utf-8 13.5522ms
2025-10-14 19:26:10.818 +02:00 [INF] Request starting HTTP/1.1 GET http://localhost:5185/Quiz - null null
2025-10-14 19:26:10.819 +02:00 [INF] Executing endpoint 'ITPE3200FAM.Controllers.QuizController.Index (ITPE3200FAM)'
2025-10-14 19:26:10.819 +02:00 [INF] Route matched with {action = "Index", controller = "Quiz"}. Executing controller action with signature System.Threading.Tasks.Task`1[Microsoft.AspNetCore.Mvc.IActionResult] Index() on controller ITPE3200FAM.Controllers.QuizController (ITPE3200FAM).
2025-10-14 19:26:10.828 +02:00 [INF] Executing ViewResult, running view Index.
2025-10-14 19:26:10.829 +02:00 [INF] Executed ViewResult - view Index executed in 1.7621ms.
2025-10-14 19:26:10.829 +02:00 [INF] Executed action ITPE3200FAM.Controllers.QuizController.Index (ITPE3200FAM) in 10.4953ms
2025-10-14 19:26:10.829 +02:00 [INF] Executed endpoint 'ITPE3200FAM.Controllers.QuizController.Index (ITPE3200FAM)'
2025-10-14 19:26:10.830 +02:00 [INF] Request finished HTTP/1.1 GET http://localhost:5185/Quiz - 200 null text/html; charset=utf-8 11.9434ms
2025-10-14 19:26:12.583 +02:00 [INF] Request starting HTTP/1.1 GET http://localhost:5185/Quiz/Delete/45 - null null
2025-10-14 19:26:12.583 +02:00 [INF] Executing endpoint 'ITPE3200FAM.Controllers.QuizController.Delete (ITPE3200FAM)'
2025-10-14 19:26:12.583 +02:00 [INF] Route matched with {action = "Delete", controller = "Quiz"}. Executing controller action with signature System.Threading.Tasks.Task`1[Microsoft.AspNetCore.Mvc.IActionResult] Delete(Int32) on controller ITPE3200FAM.Controllers.QuizController (ITPE3200FAM).
2025-10-14 19:26:12.594 +02:00 [INF] Executing ViewResult, running view Delete.
2025-10-14 19:26:12.598 +02:00 [INF] Executed ViewResult - view Delete executed in 3.8509ms.
2025-10-14 19:26:12.598 +02:00 [INF] Executed action ITPE3200FAM.Controllers.QuizController.Delete (ITPE3200FAM) in 14.6048ms
2025-10-14 19:26:12.598 +02:00 [INF] Executed endpoint 'ITPE3200FAM.Controllers.QuizController.Delete (ITPE3200FAM)'
2025-10-14 19:26:12.598 +02:00 [INF] Request finished HTTP/1.1 GET http://localhost:5185/Quiz/Delete/45 - 200 null text/html; charset=utf-8 15.43ms
2025-10-14 19:26:13.634 +02:00 [INF] Request starting HTTP/1.1 POST http://localhost:5185/Quiz/DeleteConfirmed/45 - application/x-www-form-urlencoded 182
2025-10-14 19:26:13.635 +02:00 [INF] Executing endpoint 'ITPE3200FAM.Controllers.QuizController.DeleteConfirmed (ITPE3200FAM)'
2025-10-14 19:26:13.635 +02:00 [INF] Route matched with {action = "DeleteConfirmed", controller = "Quiz"}. Executing controller action with signature System.Threading.Tasks.Task`1[Microsoft.AspNetCore.Mvc.IActionResult] DeleteConfirmed(Int32) on controller ITPE3200FAM.Controllers.QuizController (ITPE3200FAM).
2025-10-14 19:26:13.661 +02:00 [INF] Executing RedirectResult, redirecting to /Quiz.
2025-10-14 19:26:13.661 +02:00 [INF] Executed action ITPE3200FAM.Controllers.QuizController.DeleteConfirmed (ITPE3200FAM) in 25.677ms
2025-10-14 19:26:13.661 +02:00 [INF] Executed endpoint 'ITPE3200FAM.Controllers.QuizController.DeleteConfirmed (ITPE3200FAM)'
2025-10-14 19:26:13.661 +02:00 [INF] Request finished HTTP/1.1 POST http://localhost:5185/Quiz/DeleteConfirmed/45 - 302 0 null 27.1493ms
2025-10-14 19:26:13.664 +02:00 [INF] Request starting HTTP/1.1 GET http://localhost:5185/Quiz - null null
2025-10-14 19:26:13.665 +02:00 [INF] Executing endpoint 'ITPE3200FAM.Controllers.QuizController.Index (ITPE3200FAM)'
2025-10-14 19:26:13.665 +02:00 [INF] Route matched with {action = "Index", controller = "Quiz"}. Executing controller action with signature System.Threading.Tasks.Task`1[Microsoft.AspNetCore.Mvc.IActionResult] Index() on controller ITPE3200FAM.Controllers.QuizController (ITPE3200FAM).
2025-10-14 19:26:13.672 +02:00 [INF] Executing ViewResult, running view Index.
2025-10-14 19:26:13.673 +02:00 [INF] Executed ViewResult - view Index executed in 1.0079ms.
2025-10-14 19:26:13.673 +02:00 [INF] Executed action ITPE3200FAM.Controllers.QuizController.Index (ITPE3200FAM) in 8.6299ms
2025-10-14 19:26:13.673 +02:00 [INF] Executed endpoint 'ITPE3200FAM.Controllers.QuizController.Index (ITPE3200FAM)'
2025-10-14 19:26:13.673 +02:00 [INF] Request finished HTTP/1.1 GET http://localhost:5185/Quiz - 200 null text/html; charset=utf-8 8.9543ms
2025-10-14 19:26:15.665 +02:00 [INF] Request starting HTTP/1.1 GET http://localhost:5185/TakeQuiz - null null
2025-10-14 19:26:15.665 +02:00 [INF] Executing endpoint 'ITPE3200FAM.Controllers.TakeQuizController.Index (ITPE3200FAM)'
2025-10-14 19:26:15.666 +02:00 [INF] Route matched with {action = "Index", controller = "TakeQuiz"}. Executing controller action with signature System.Threading.Tasks.Task`1[Microsoft.AspNetCore.Mvc.IActionResult] Index() on controller ITPE3200FAM.Controllers.TakeQuizController (ITPE3200FAM).
2025-10-14 19:26:15.672 +02:00 [INF] Executing ViewResult, running view Index.
2025-10-14 19:26:15.673 +02:00 [INF] Executed ViewResult - view Index executed in 0.8347ms.
2025-10-14 19:26:15.673 +02:00 [INF] Executed action ITPE3200FAM.Controllers.TakeQuizController.Index (ITPE3200FAM) in 7.5626ms
2025-10-14 19:26:15.673 +02:00 [INF] Executed endpoint 'ITPE3200FAM.Controllers.TakeQuizController.Index (ITPE3200FAM)'
2025-10-14 19:26:15.673 +02:00 [INF] Request finished HTTP/1.1 GET http://localhost:5185/TakeQuiz - 200 null text/html; charset=utf-8 7.8491ms
2025-10-14 19:26:16.879 +02:00 [INF] Request starting HTTP/1.1 GET http://localhost:5185/Quiz - null null
2025-10-14 19:26:16.879 +02:00 [INF] Executing endpoint 'ITPE3200FAM.Controllers.QuizController.Index (ITPE3200FAM)'
2025-10-14 19:26:16.879 +02:00 [INF] Route matched with {action = "Index", controller = "Quiz"}. Executing controller action with signature System.Threading.Tasks.Task`1[Microsoft.AspNetCore.Mvc.IActionResult] Index() on controller ITPE3200FAM.Controllers.QuizController (ITPE3200FAM).
2025-10-14 19:26:16.888 +02:00 [INF] Executing ViewResult, running view Index.
2025-10-14 19:26:16.889 +02:00 [INF] Executed ViewResult - view Index executed in 0.6377ms.
2025-10-14 19:26:16.889 +02:00 [INF] Executed action ITPE3200FAM.Controllers.QuizController.Index (ITPE3200FAM) in 9.9936ms
2025-10-14 19:26:16.889 +02:00 [INF] Executed endpoint 'ITPE3200FAM.Controllers.QuizController.Index (ITPE3200FAM)'
2025-10-14 19:26:16.889 +02:00 [INF] Request finished HTTP/1.1 GET http://localhost:5185/Quiz - 200 null text/html; charset=utf-8 10.2929ms
2025-10-14 19:26:17.941 +02:00 [INF] Request starting HTTP/1.1 GET http://localhost:5185/Quiz/Details/42 - null null
2025-10-14 19:26:17.941 +02:00 [INF] Executing endpoint 'ITPE3200FAM.Controllers.QuizController.Details (ITPE3200FAM)'
2025-10-14 19:26:17.941 +02:00 [INF] Route matched with {action = "Details", controller = "Quiz"}. Executing controller action with signature System.Threading.Tasks.Task`1[Microsoft.AspNetCore.Mvc.IActionResult] Details(Int32) on controller ITPE3200FAM.Controllers.QuizController (ITPE3200FAM).
2025-10-14 19:26:17.948 +02:00 [INF] Executing ViewResult, running view Details.
2025-10-14 19:26:17.949 +02:00 [INF] Executed ViewResult - view Details executed in 0.8782ms.
2025-10-14 19:26:17.949 +02:00 [INF] Executed action ITPE3200FAM.Controllers.QuizController.Details (ITPE3200FAM) in 8.5442ms
2025-10-14 19:26:17.950 +02:00 [INF] Executed endpoint 'ITPE3200FAM.Controllers.QuizController.Details (ITPE3200FAM)'
2025-10-14 19:26:17.950 +02:00 [INF] Request finished HTTP/1.1 GET http://localhost:5185/Quiz/Details/42 - 200 null text/html; charset=utf-8 9.2407ms
2025-10-14 19:26:19.682 +02:00 [INF] Request starting HTTP/1.1 GET http://localhost:5185/Quiz - null null
2025-10-14 19:26:19.683 +02:00 [INF] Executing endpoint 'ITPE3200FAM.Controllers.QuizController.Index (ITPE3200FAM)'
2025-10-14 19:26:19.683 +02:00 [INF] Route matched with {action = "Index", controller = "Quiz"}. Executing controller action with signature System.Threading.Tasks.Task`1[Microsoft.AspNetCore.Mvc.IActionResult] Index() on controller ITPE3200FAM.Controllers.QuizController (ITPE3200FAM).
2025-10-14 19:26:19.691 +02:00 [INF] Executing ViewResult, running view Index.
2025-10-14 19:26:19.692 +02:00 [INF] Executed ViewResult - view Index executed in 1.2122ms.
2025-10-14 19:26:19.692 +02:00 [INF] Executed action ITPE3200FAM.Controllers.QuizController.Index (ITPE3200FAM) in 9.3738ms
2025-10-14 19:26:19.692 +02:00 [INF] Executed endpoint 'ITPE3200FAM.Controllers.QuizController.Index (ITPE3200FAM)'
2025-10-14 19:26:19.692 +02:00 [INF] Request finished HTTP/1.1 GET http://localhost:5185/Quiz - 200 null text/html; charset=utf-8 9.7127ms
2025-10-14 19:26:26.688 +02:00 [INF] Request starting HTTP/1.1 GET http://localhost:5185/Quiz/Create - null null
2025-10-14 19:26:26.688 +02:00 [INF] Executing endpoint 'ITPE3200FAM.Controllers.QuizController.Create (ITPE3200FAM)'
2025-10-14 19:26:26.688 +02:00 [INF] Route matched with {action = "Create", controller = "Quiz"}. Executing controller action with signature Microsoft.AspNetCore.Mvc.IActionResult Create() on controller ITPE3200FAM.Controllers.QuizController (ITPE3200FAM).
2025-10-14 19:26:26.689 +02:00 [INF] Executing ViewResult, running view Create.
2025-10-14 19:26:26.708 +02:00 [INF] Executed ViewResult - view Create executed in 19.1393ms.
2025-10-14 19:26:26.708 +02:00 [INF] Executed action ITPE3200FAM.Controllers.QuizController.Create (ITPE3200FAM) in 19.9554ms
2025-10-14 19:26:26.708 +02:00 [INF] Executed endpoint 'ITPE3200FAM.Controllers.QuizController.Create (ITPE3200FAM)'
2025-10-14 19:26:26.708 +02:00 [INF] Request finished HTTP/1.1 GET http://localhost:5185/Quiz/Create - 200 null text/html; charset=utf-8 20.4718ms
2025-10-14 19:26:35.791 +02:00 [INF] Request starting HTTP/1.1 POST http://localhost:5185/Quiz/Create - application/x-www-form-urlencoded 430
2025-10-14 19:26:35.791 +02:00 [INF] Executing endpoint 'ITPE3200FAM.Controllers.QuizController.Create (ITPE3200FAM)'
2025-10-14 19:26:35.791 +02:00 [INF] Route matched with {action = "Create", controller = "Quiz"}. Executing controller action with signature System.Threading.Tasks.Task`1[Microsoft.AspNetCore.Mvc.IActionResult] Create(ITPE3200FAM.Models.Quiz) on controller ITPE3200FAM.Controllers.QuizController (ITPE3200FAM).
2025-10-14 19:26:35.813 +02:00 [INF] Executing ViewResult, running view Create.
2025-10-14 19:26:35.828 +02:00 [INF] Executed ViewResult - view Create executed in 15.5282ms.
2025-10-14 19:26:35.828 +02:00 [INF] Executed action ITPE3200FAM.Controllers.QuizController.Create (ITPE3200FAM) in 36.4606ms
2025-10-14 19:26:35.828 +02:00 [INF] Executed endpoint 'ITPE3200FAM.Controllers.QuizController.Create (ITPE3200FAM)'
2025-10-14 19:26:35.828 +02:00 [INF] Request finished HTTP/1.1 POST http://localhost:5185/Quiz/Create - 200 null text/html; charset=utf-8 37.0782ms
2025-10-14 19:26:46.799 +02:00 [INF] Request starting HTTP/1.1 POST http://localhost:5185/Quiz/Create - application/x-www-form-urlencoded 722
2025-10-14 19:26:46.799 +02:00 [INF] Executing endpoint 'ITPE3200FAM.Controllers.QuizController.Create (ITPE3200FAM)'
2025-10-14 19:26:46.799 +02:00 [INF] Route matched with {action = "Create", controller = "Quiz"}. Executing controller action with signature System.Threading.Tasks.Task`1[Microsoft.AspNetCore.Mvc.IActionResult] Create(ITPE3200FAM.Models.Quiz) on controller ITPE3200FAM.Controllers.QuizController (ITPE3200FAM).
2025-10-14 19:26:46.802 +02:00 [INF] Executing ViewResult, running view Create.
2025-10-14 19:26:46.818 +02:00 [INF] Executed ViewResult - view Create executed in 16.3585ms.
2025-10-14 19:26:46.818 +02:00 [INF] Executed action ITPE3200FAM.Controllers.QuizController.Create (ITPE3200FAM) in 18.678ms
2025-10-14 19:26:46.818 +02:00 [INF] Executed endpoint 'ITPE3200FAM.Controllers.QuizController.Create (ITPE3200FAM)'
2025-10-14 19:26:46.818 +02:00 [INF] Request finished HTTP/1.1 POST http://localhost:5185/Quiz/Create - 200 null text/html; charset=utf-8 19.202ms
2025-10-14 19:26:52.177 +02:00 [INF] Request starting HTTP/1.1 POST http://localhost:5185/Quiz/Create - application/x-www-form-urlencoded 775
2025-10-14 19:26:52.177 +02:00 [INF] Executing endpoint 'ITPE3200FAM.Controllers.QuizController.Create (ITPE3200FAM)'
2025-10-14 19:26:52.177 +02:00 [INF] Route matched with {action = "Create", controller = "Quiz"}. Executing controller action with signature System.Threading.Tasks.Task`1[Microsoft.AspNetCore.Mvc.IActionResult] Create(ITPE3200FAM.Models.Quiz) on controller ITPE3200FAM.Controllers.QuizController (ITPE3200FAM).
2025-10-14 19:26:52.255 +02:00 [INF] Executing RedirectResult, redirecting to /Quiz.
2025-10-14 19:26:52.256 +02:00 [INF] Executed action ITPE3200FAM.Controllers.QuizController.Create (ITPE3200FAM) in 79.0727ms
2025-10-14 19:26:52.256 +02:00 [INF] Executed endpoint 'ITPE3200FAM.Controllers.QuizController.Create (ITPE3200FAM)'
2025-10-14 19:26:52.257 +02:00 [INF] Request finished HTTP/1.1 POST http://localhost:5185/Quiz/Create - 302 0 null 79.8815ms
2025-10-14 19:26:52.266 +02:00 [INF] Request starting HTTP/1.1 GET http://localhost:5185/Quiz - null null
2025-10-14 19:26:52.267 +02:00 [INF] Executing endpoint 'ITPE3200FAM.Controllers.QuizController.Index (ITPE3200FAM)'
2025-10-14 19:26:52.267 +02:00 [INF] Route matched with {action = "Index", controller = "Quiz"}. Executing controller action with signature System.Threading.Tasks.Task`1[Microsoft.AspNetCore.Mvc.IActionResult] Index() on controller ITPE3200FAM.Controllers.QuizController (ITPE3200FAM).
2025-10-14 19:26:52.276 +02:00 [INF] Executing ViewResult, running view Index.
2025-10-14 19:26:52.277 +02:00 [INF] Executed ViewResult - view Index executed in 1.197ms.
2025-10-14 19:26:52.277 +02:00 [INF] Executed action ITPE3200FAM.Controllers.QuizController.Index (ITPE3200FAM) in 10.1596ms
2025-10-14 19:26:52.277 +02:00 [INF] Executed endpoint 'ITPE3200FAM.Controllers.QuizController.Index (ITPE3200FAM)'
2025-10-14 19:26:52.277 +02:00 [INF] Request finished HTTP/1.1 GET http://localhost:5185/Quiz - 200 null text/html; charset=utf-8 10.6158ms
2025-10-14 19:26:53.598 +02:00 [INF] Request starting HTTP/1.1 GET http://localhost:5185/Quiz/Details/46 - null null
2025-10-14 19:26:53.599 +02:00 [INF] Executing endpoint 'ITPE3200FAM.Controllers.QuizController.Details (ITPE3200FAM)'
2025-10-14 19:26:53.599 +02:00 [INF] Route matched with {action = "Details", controller = "Quiz"}. Executing controller action with signature System.Threading.Tasks.Task`1[Microsoft.AspNetCore.Mvc.IActionResult] Details(Int32) on controller ITPE3200FAM.Controllers.QuizController (ITPE3200FAM).
2025-10-14 19:26:53.610 +02:00 [INF] Executing ViewResult, running view Details.
2025-10-14 19:26:53.612 +02:00 [INF] Executed ViewResult - view Details executed in 1.4609ms.
2025-10-14 19:26:53.612 +02:00 [INF] Executed action ITPE3200FAM.Controllers.QuizController.Details (ITPE3200FAM) in 12.9808ms
2025-10-14 19:26:53.612 +02:00 [INF] Executed endpoint 'ITPE3200FAM.Controllers.QuizController.Details (ITPE3200FAM)'
2025-10-14 19:26:53.612 +02:00 [INF] Request finished HTTP/1.1 GET http://localhost:5185/Quiz/Details/46 - 200 null text/html; charset=utf-8 13.6648ms
2025-10-14 19:26:55.164 +02:00 [INF] Request starting HTTP/1.1 GET http://localhost:5185/Quiz - null null
2025-10-14 19:26:55.164 +02:00 [INF] Executing endpoint 'ITPE3200FAM.Controllers.QuizController.Index (ITPE3200FAM)'
2025-10-14 19:26:55.164 +02:00 [INF] Route matched with {action = "Index", controller = "Quiz"}. Executing controller action with signature System.Threading.Tasks.Task`1[Microsoft.AspNetCore.Mvc.IActionResult] Index() on controller ITPE3200FAM.Controllers.QuizController (ITPE3200FAM).
2025-10-14 19:26:55.175 +02:00 [INF] Executing ViewResult, running view Index.
2025-10-14 19:26:55.176 +02:00 [INF] Executed ViewResult - view Index executed in 0.8778ms.
2025-10-14 19:26:55.176 +02:00 [INF] Executed action ITPE3200FAM.Controllers.QuizController.Index (ITPE3200FAM) in 11.758ms
2025-10-14 19:26:55.176 +02:00 [INF] Executed endpoint 'ITPE3200FAM.Controllers.QuizController.Index (ITPE3200FAM)'
2025-10-14 19:26:55.176 +02:00 [INF] Request finished HTTP/1.1 GET http://localhost:5185/Quiz - 200 null text/html; charset=utf-8 12.1858ms
2025-10-14 19:26:56.343 +02:00 [INF] Request starting HTTP/1.1 GET http://localhost:5185/Quiz/Delete/46 - null null
2025-10-14 19:26:56.343 +02:00 [INF] Executing endpoint 'ITPE3200FAM.Controllers.QuizController.Delete (ITPE3200FAM)'
2025-10-14 19:26:56.343 +02:00 [INF] Route matched with {action = "Delete", controller = "Quiz"}. Executing controller action with signature System.Threading.Tasks.Task`1[Microsoft.AspNetCore.Mvc.IActionResult] Delete(Int32) on controller ITPE3200FAM.Controllers.QuizController (ITPE3200FAM).
2025-10-14 19:26:56.352 +02:00 [INF] Executing ViewResult, running view Delete.
2025-10-14 19:26:56.355 +02:00 [INF] Executed ViewResult - view Delete executed in 3.2815ms.
2025-10-14 19:26:56.355 +02:00 [INF] Executed action ITPE3200FAM.Controllers.QuizController.Delete (ITPE3200FAM) in 12.4236ms
2025-10-14 19:26:56.355 +02:00 [INF] Executed endpoint 'ITPE3200FAM.Controllers.QuizController.Delete (ITPE3200FAM)'
2025-10-14 19:26:56.356 +02:00 [INF] Request finished HTTP/1.1 GET http://localhost:5185/Quiz/Delete/46 - 200 null text/html; charset=utf-8 12.8616ms
2025-10-14 19:26:58.585 +02:00 [INF] Request starting HTTP/1.1 POST http://localhost:5185/Quiz/DeleteConfirmed/46 - application/x-www-form-urlencoded 182
2025-10-14 19:26:58.585 +02:00 [INF] Executing endpoint 'ITPE3200FAM.Controllers.QuizController.DeleteConfirmed (ITPE3200FAM)'
2025-10-14 19:26:58.585 +02:00 [INF] Route matched with {action = "DeleteConfirmed", controller = "Quiz"}. Executing controller action with signature System.Threading.Tasks.Task`1[Microsoft.AspNetCore.Mvc.IActionResult] DeleteConfirmed(Int32) on controller ITPE3200FAM.Controllers.QuizController (ITPE3200FAM).
2025-10-14 19:26:58.616 +02:00 [INF] Executing RedirectResult, redirecting to /Quiz.
2025-10-14 19:26:58.616 +02:00 [INF] Executed action ITPE3200FAM.Controllers.QuizController.DeleteConfirmed (ITPE3200FAM) in 30.8774ms
2025-10-14 19:26:58.616 +02:00 [INF] Executed endpoint 'ITPE3200FAM.Controllers.QuizController.DeleteConfirmed (ITPE3200FAM)'
2025-10-14 19:26:58.616 +02:00 [INF] Request finished HTTP/1.1 POST http://localhost:5185/Quiz/DeleteConfirmed/46 - 302 0 null 31.7073ms
2025-10-14 19:26:58.625 +02:00 [INF] Request starting HTTP/1.1 GET http://localhost:5185/Quiz - null null
2025-10-14 19:26:58.625 +02:00 [INF] Executing endpoint 'ITPE3200FAM.Controllers.QuizController.Index (ITPE3200FAM)'
2025-10-14 19:26:58.625 +02:00 [INF] Route matched with {action = "Index", controller = "Quiz"}. Executing controller action with signature System.Threading.Tasks.Task`1[Microsoft.AspNetCore.Mvc.IActionResult] Index() on controller ITPE3200FAM.Controllers.QuizController (ITPE3200FAM).
2025-10-14 19:26:58.630 +02:00 [INF] Executing ViewResult, running view Index.
2025-10-14 19:26:58.631 +02:00 [INF] Executed ViewResult - view Index executed in 0.5639ms.
2025-10-14 19:26:58.631 +02:00 [INF] Executed action ITPE3200FAM.Controllers.QuizController.Index (ITPE3200FAM) in 6.2913ms
2025-10-14 19:26:58.631 +02:00 [INF] Executed endpoint 'ITPE3200FAM.Controllers.QuizController.Index (ITPE3200FAM)'
2025-10-14 19:26:58.631 +02:00 [INF] Request finished HTTP/1.1 GET http://localhost:5185/Quiz - 200 null text/html; charset=utf-8 6.6252ms
2025-10-14 19:27:01.110 +02:00 [INF] Request starting HTTP/1.1 GET http://localhost:5185/TakeQuiz - null null
2025-10-14 19:27:01.111 +02:00 [INF] Executing endpoint 'ITPE3200FAM.Controllers.TakeQuizController.Index (ITPE3200FAM)'
2025-10-14 19:27:01.111 +02:00 [INF] Route matched with {action = "Index", controller = "TakeQuiz"}. Executing controller action with signature System.Threading.Tasks.Task`1[Microsoft.AspNetCore.Mvc.IActionResult] Index() on controller ITPE3200FAM.Controllers.TakeQuizController (ITPE3200FAM).
2025-10-14 19:27:01.119 +02:00 [INF] Executing ViewResult, running view Index.
2025-10-14 19:27:01.120 +02:00 [INF] Executed ViewResult - view Index executed in 1.3287ms.
2025-10-14 19:27:01.121 +02:00 [INF] Executed action ITPE3200FAM.Controllers.TakeQuizController.Index (ITPE3200FAM) in 9.6693ms
2025-10-14 19:27:01.121 +02:00 [INF] Executed endpoint 'ITPE3200FAM.Controllers.TakeQuizController.Index (ITPE3200FAM)'
2025-10-14 19:27:01.121 +02:00 [INF] Request finished HTTP/1.1 GET http://localhost:5185/TakeQuiz - 200 null text/html; charset=utf-8 10.3666ms
