2025-10-14 19:29:31.182 +02:00 [INF] User profile is available. Using 'C:\Users\Aliza Mudassar\AppData\Local\ASP.NET\DataProtection-Keys' as key repository and Windows DPAPI to encrypt keys at rest.
2025-10-14 19:29:31.290 +02:00 [INF] Now listening on: http://localhost:5185
2025-10-14 19:29:31.296 +02:00 [INF] Application started. Press Ctrl+C to shut down.
2025-10-14 19:29:31.297 +02:00 [INF] Hosting environment: Development
2025-10-14 19:29:31.297 +02:00 [INF] Content root path: C:\Users\Aliza Mudassar\OneDrive - OsloMet\webapplikasjoner\ITPE3200FAM
2025-10-14 19:29:44.354 +02:00 [INF] Request starting HTTP/1.1 GET http://localhost:5185/ - null null
2025-10-14 19:29:44.424 +02:00 [INF] Executing endpoint 'ITPE3200FAM.Controllers.HomeController.Index (ITPE3200FAM)'
2025-10-14 19:29:44.481 +02:00 [INF] Route matched with {action = "Index", controller = "Home"}. Executing controller action with signature Microsoft.AspNetCore.Mvc.IActionResult Index() on controller ITPE3200FAM.Controllers.HomeController (ITPE3200FAM).
2025-10-14 19:29:44.502 +02:00 [INF] Executing ViewResult, running view Index.
2025-10-14 19:29:44.599 +02:00 [INF] Executed ViewResult - view Index executed in 99.6889ms.
2025-10-14 19:29:44.603 +02:00 [INF] Executed action ITPE3200FAM.Controllers.HomeController.Index (ITPE3200FAM) in 122.1048ms
2025-10-14 19:29:44.604 +02:00 [INF] Executed endpoint 'ITPE3200FAM.Controllers.HomeController.Index (ITPE3200FAM)'
2025-10-14 19:29:44.615 +02:00 [INF] Request finished HTTP/1.1 GET http://localhost:5185/ - 200 null text/html; charset=utf-8 266.9326ms
2025-10-16 10:05:48.552 +02:00 [INF] Request starting HTTP/1.1 GET http://localhost:5185/ - null null
2025-10-16 10:05:48.579 +02:00 [INF] Executing endpoint 'ITPE3200FAM.Controllers.HomeController.Index (ITPE3200FAM)'
2025-10-16 10:05:48.589 +02:00 [INF] Route matched with {action = "Index", controller = "Home"}. Executing controller action with signature Microsoft.AspNetCore.Mvc.IActionResult Index() on controller ITPE3200FAM.Controllers.HomeController (ITPE3200FAM).
2025-10-16 10:05:48.621 +02:00 [INF] Executing ViewResult, running view Index.
2025-10-16 10:05:48.647 +02:00 [INF] Executed ViewResult - view Index executed in 52.4279ms.
2025-10-16 10:05:48.648 +02:00 [INF] Executed action ITPE3200FAM.Controllers.HomeController.Index (ITPE3200FAM) in 58.97ms
2025-10-16 10:05:48.648 +02:00 [INF] Executed endpoint 'ITPE3200FAM.Controllers.HomeController.Index (ITPE3200FAM)'
2025-10-16 10:05:48.649 +02:00 [INF] Request finished HTTP/1.1 GET http://localhost:5185/ - 200 null text/html; charset=utf-8 108.8525ms
2025-10-16 10:05:48.784 +02:00 [INF] Request starting HTTP/1.1 GET http://localhost:5185/js/bootstrap.js - null null
2025-10-16 10:05:48.785 +02:00 [INF] Request starting HTTP/1.1 GET http://localhost:5185/js/jquery.min.js - null null
2025-10-16 10:05:48.812 +02:00 [INF] The file /js/jquery.min.js was not modified
2025-10-16 10:05:48.812 +02:00 [INF] The file /js/bootstrap.js was not modified
2025-10-16 10:05:48.813 +02:00 [INF] Request finished HTTP/1.1 GET http://localhost:5185/js/jquery.min.js - 304 null text/javascript 28.3209ms
2025-10-16 10:05:48.813 +02:00 [INF] Request finished HTTP/1.1 GET http://localhost:5185/js/bootstrap.js - 304 null text/javascript 29.4025ms
2025-10-16 10:05:49.870 +02:00 [INF] Request starting HTTP/1.1 GET http://localhost:5185/Quiz - null null
2025-10-16 10:05:49.872 +02:00 [INF] Executing endpoint 'ITPE3200FAM.Controllers.QuizController.Index (ITPE3200FAM)'
2025-10-16 10:05:49.894 +02:00 [INF] Route matched with {action = "Index", controller = "Quiz"}. Executing controller action with signature System.Threading.Tasks.Task`1[Microsoft.AspNetCore.Mvc.IActionResult] Index() on controller ITPE3200FAM.Controllers.QuizController (ITPE3200FAM).
2025-10-16 10:05:51.384 +02:00 [WRN] Compiling a query which loads related collections for more than one collection navigation, either via 'Include' or through projection, but no 'QuerySplittingBehavior' has been configured. By default, Entity Framework will use 'QuerySplittingBehavior.SingleQuery', which can potentially result in slow query performance. See https://go.microsoft.com/fwlink/?linkid=2134277 for more information. To identify the query that's triggering this warning call 'ConfigureWarnings(w => w.Throw(RelationalEventId.MultipleCollectionIncludeWarning))'.
2025-10-16 10:05:51.554 +02:00 [INF] Executing ViewResult, running view Index.
2025-10-16 10:05:51.561 +02:00 [INF] Executed ViewResult - view Index executed in 8.2625ms.
2025-10-16 10:05:51.562 +02:00 [INF] Executed action ITPE3200FAM.Controllers.QuizController.Index (ITPE3200FAM) in 1667.4602ms
2025-10-16 10:05:51.562 +02:00 [INF] Executed endpoint 'ITPE3200FAM.Controllers.QuizController.Index (ITPE3200FAM)'
2025-10-16 10:05:51.570 +02:00 [INF] Request finished HTTP/1.1 GET http://localhost:5185/Quiz - 200 null text/html; charset=utf-8 1699.5378ms
2025-10-16 10:06:08.038 +02:00 [INF] Request starting HTTP/1.1 GET http://localhost:5185/TakeQuiz - null null
2025-10-16 10:06:08.040 +02:00 [INF] Executing endpoint 'ITPE3200FAM.Controllers.TakeQuizController.Index (ITPE3200FAM)'
2025-10-16 10:06:08.051 +02:00 [INF] Route matched with {action = "Index", controller = "TakeQuiz"}. Executing controller action with signature System.Threading.Tasks.Task`1[Microsoft.AspNetCore.Mvc.IActionResult] Index() on controller ITPE3200FAM.Controllers.TakeQuizController (ITPE3200FAM).
2025-10-16 10:06:08.074 +02:00 [INF] Executing ViewResult, running view Index.
2025-10-16 10:06:08.079 +02:00 [INF] Executed ViewResult - view Index executed in 5.8464ms.
2025-10-16 10:06:08.081 +02:00 [INF] Executed action ITPE3200FAM.Controllers.TakeQuizController.Index (ITPE3200FAM) in 29.9486ms
2025-10-16 10:06:08.081 +02:00 [INF] Executed endpoint 'ITPE3200FAM.Controllers.TakeQuizController.Index (ITPE3200FAM)'
2025-10-16 10:06:08.082 +02:00 [INF] Request finished HTTP/1.1 GET http://localhost:5185/TakeQuiz - 200 null text/html; charset=utf-8 43.6048ms
2025-10-16 10:06:10.199 +02:00 [INF] Request starting HTTP/1.1 GET http://localhost:5185/TakeQuiz/Attempts/43 - null null
2025-10-16 10:06:10.199 +02:00 [INF] Executing endpoint 'ITPE3200FAM.Controllers.TakeQuizController.Attempts (ITPE3200FAM)'
2025-10-16 10:06:10.218 +02:00 [INF] Route matched with {action = "Attempts", controller = "TakeQuiz"}. Executing controller action with signature System.Threading.Tasks.Task`1[Microsoft.AspNetCore.Mvc.IActionResult] Attempts(Int32) on controller ITPE3200FAM.Controllers.TakeQuizController (ITPE3200FAM).
2025-10-16 10:06:10.333 +02:00 [WRN] Compiling a query which loads related collections for more than one collection navigation, either via 'Include' or through projection, but no 'QuerySplittingBehavior' has been configured. By default, Entity Framework will use 'QuerySplittingBehavior.SingleQuery', which can potentially result in slow query performance. See https://go.microsoft.com/fwlink/?linkid=2134277 for more information. To identify the query that's triggering this warning call 'ConfigureWarnings(w => w.Throw(RelationalEventId.MultipleCollectionIncludeWarning))'.
2025-10-16 10:06:10.344 +02:00 [INF] Executing ViewResult, running view Attempts.
2025-10-16 10:06:10.349 +02:00 [INF] Executed ViewResult - view Attempts executed in 6.1733ms.
2025-10-16 10:06:10.349 +02:00 [INF] Executed action ITPE3200FAM.Controllers.TakeQuizController.Attempts (ITPE3200FAM) in 131.4483ms
2025-10-16 10:06:10.349 +02:00 [INF] Executed endpoint 'ITPE3200FAM.Controllers.TakeQuizController.Attempts (ITPE3200FAM)'
2025-10-16 10:06:10.349 +02:00 [INF] Request finished HTTP/1.1 GET http://localhost:5185/TakeQuiz/Attempts/43 - 200 null text/html; charset=utf-8 151.3638ms
2025-10-16 10:06:12.504 +02:00 [INF] Request starting HTTP/1.1 GET http://localhost:5185/TakeQuiz - null null
2025-10-16 10:06:12.506 +02:00 [INF] Executing endpoint 'ITPE3200FAM.Controllers.TakeQuizController.Index (ITPE3200FAM)'
2025-10-16 10:06:12.506 +02:00 [INF] Route matched with {action = "Index", controller = "TakeQuiz"}. Executing controller action with signature System.Threading.Tasks.Task`1[Microsoft.AspNetCore.Mvc.IActionResult] Index() on controller ITPE3200FAM.Controllers.TakeQuizController (ITPE3200FAM).
2025-10-16 10:06:12.521 +02:00 [INF] Executing ViewResult, running view Index.
2025-10-16 10:06:12.523 +02:00 [INF] Executed ViewResult - view Index executed in 1.5331ms.
2025-10-16 10:06:12.523 +02:00 [INF] Executed action ITPE3200FAM.Controllers.TakeQuizController.Index (ITPE3200FAM) in 16.5092ms
2025-10-16 10:06:12.523 +02:00 [INF] Executed endpoint 'ITPE3200FAM.Controllers.TakeQuizController.Index (ITPE3200FAM)'
2025-10-16 10:06:12.523 +02:00 [INF] Request finished HTTP/1.1 GET http://localhost:5185/TakeQuiz - 200 null text/html; charset=utf-8 18.8356ms
2025-10-16 10:06:14.184 +02:00 [INF] Request starting HTTP/1.1 GET http://localhost:5185/TakeQuiz/Take/43 - null null
2025-10-16 10:06:14.186 +02:00 [INF] Executing endpoint 'ITPE3200FAM.Controllers.TakeQuizController.Take (ITPE3200FAM)'
2025-10-16 10:06:14.197 +02:00 [INF] Route matched with {action = "Take", controller = "TakeQuiz"}. Executing controller action with signature System.Threading.Tasks.Task`1[Microsoft.AspNetCore.Mvc.IActionResult] Take(Int32) on controller ITPE3200FAM.Controllers.TakeQuizController (ITPE3200FAM).
2025-10-16 10:06:14.212 +02:00 [WRN] Compiling a query which loads related collections for more than one collection navigation, either via 'Include' or through projection, but no 'QuerySplittingBehavior' has been configured. By default, Entity Framework will use 'QuerySplittingBehavior.SingleQuery', which can potentially result in slow query performance. See https://go.microsoft.com/fwlink/?linkid=2134277 for more information. To identify the query that's triggering this warning call 'ConfigureWarnings(w => w.Throw(RelationalEventId.MultipleCollectionIncludeWarning))'.
2025-10-16 10:06:14.218 +02:00 [INF] Executing ViewResult, running view Take.
2025-10-16 10:06:14.261 +02:00 [INF] Executed ViewResult - view Take executed in 43.1875ms.
2025-10-16 10:06:14.261 +02:00 [INF] Executed action ITPE3200FAM.Controllers.TakeQuizController.Take (ITPE3200FAM) in 64.3638ms
2025-10-16 10:06:14.261 +02:00 [INF] Executed endpoint 'ITPE3200FAM.Controllers.TakeQuizController.Take (ITPE3200FAM)'
2025-10-16 10:06:14.261 +02:00 [INF] Request finished HTTP/1.1 GET http://localhost:5185/TakeQuiz/Take/43 - 200 null text/html; charset=utf-8 76.8247ms
2025-10-16 10:06:21.203 +02:00 [INF] Request starting HTTP/1.1 POST http://localhost:5185/TakeQuiz/Submit - application/x-www-form-urlencoded 222
2025-10-16 10:06:21.205 +02:00 [INF] Executing endpoint 'ITPE3200FAM.Controllers.TakeQuizController.Submit (ITPE3200FAM)'
2025-10-16 10:06:21.216 +02:00 [INF] Route matched with {action = "Submit", controller = "TakeQuiz"}. Executing controller action with signature System.Threading.Tasks.Task`1[Microsoft.AspNetCore.Mvc.IActionResult] Submit(Int32, System.String, System.Collections.Generic.Dictionary`2[System.String,System.String]) on controller ITPE3200FAM.Controllers.TakeQuizController (ITPE3200FAM).
2025-10-16 10:06:21.271 +02:00 [INF] Executing ViewResult, running view Take.
2025-10-16 10:06:21.276 +02:00 [INF] Executed ViewResult - view Take executed in 4.8657ms.
2025-10-16 10:06:21.276 +02:00 [INF] Executed action ITPE3200FAM.Controllers.TakeQuizController.Submit (ITPE3200FAM) in 59.7299ms
2025-10-16 10:06:21.276 +02:00 [INF] Executed endpoint 'ITPE3200FAM.Controllers.TakeQuizController.Submit (ITPE3200FAM)'
2025-10-16 10:06:21.276 +02:00 [INF] Request finished HTTP/1.1 POST http://localhost:5185/TakeQuiz/Submit - 200 null text/html; charset=utf-8 73.1868ms
2025-10-16 10:06:29.621 +02:00 [INF] Request starting HTTP/1.1 POST http://localhost:5185/TakeQuiz/Submit - application/x-www-form-urlencoded 227
2025-10-16 10:06:29.621 +02:00 [INF] Executing endpoint 'ITPE3200FAM.Controllers.TakeQuizController.Submit (ITPE3200FAM)'
2025-10-16 10:06:29.622 +02:00 [INF] Route matched with {action = "Submit", controller = "TakeQuiz"}. Executing controller action with signature System.Threading.Tasks.Task`1[Microsoft.AspNetCore.Mvc.IActionResult] Submit(Int32, System.String, System.Collections.Generic.Dictionary`2[System.String,System.String]) on controller ITPE3200FAM.Controllers.TakeQuizController (ITPE3200FAM).
2025-10-16 10:06:29.632 +02:00 [INF] Executing ViewResult, running view Result.
2025-10-16 10:06:29.644 +02:00 [INF] Executed ViewResult - view Result executed in 13.6253ms.
2025-10-16 10:06:29.644 +02:00 [INF] Executed action ITPE3200FAM.Controllers.TakeQuizController.Submit (ITPE3200FAM) in 22.746ms
2025-10-16 10:06:29.644 +02:00 [INF] Executed endpoint 'ITPE3200FAM.Controllers.TakeQuizController.Submit (ITPE3200FAM)'
2025-10-16 10:06:29.645 +02:00 [INF] Request finished HTTP/1.1 POST http://localhost:5185/TakeQuiz/Submit - 200 null text/html; charset=utf-8 23.5384ms
2025-10-16 10:06:33.217 +02:00 [INF] Request starting HTTP/1.1 POST http://localhost:5185/TakeQuiz/SaveAttempt - application/x-www-form-urlencoded 215
2025-10-16 10:06:33.217 +02:00 [INF] Executing endpoint 'ITPE3200FAM.Controllers.TakeQuizController.SaveAttempt (ITPE3200FAM)'
2025-10-16 10:06:33.222 +02:00 [INF] Route matched with {action = "SaveAttempt", controller = "TakeQuiz"}. Executing controller action with signature System.Threading.Tasks.Task`1[Microsoft.AspNetCore.Mvc.IActionResult] SaveAttempt(Int32, System.String, Int32) on controller ITPE3200FAM.Controllers.TakeQuizController (ITPE3200FAM).
2025-10-16 10:06:33.420 +02:00 [INF] Executing RedirectResult, redirecting to /TakeQuiz.
2025-10-16 10:06:33.421 +02:00 [INF] Executed action ITPE3200FAM.Controllers.TakeQuizController.SaveAttempt (ITPE3200FAM) in 196.3967ms
2025-10-16 10:06:33.421 +02:00 [INF] Executed endpoint 'ITPE3200FAM.Controllers.TakeQuizController.SaveAttempt (ITPE3200FAM)'
2025-10-16 10:06:33.421 +02:00 [INF] Request finished HTTP/1.1 POST http://localhost:5185/TakeQuiz/SaveAttempt - 302 0 null 204.0959ms
2025-10-16 10:06:33.430 +02:00 [INF] Request starting HTTP/1.1 GET http://localhost:5185/TakeQuiz - null null
2025-10-16 10:06:33.431 +02:00 [INF] Executing endpoint 'ITPE3200FAM.Controllers.TakeQuizController.Index (ITPE3200FAM)'
2025-10-16 10:06:33.431 +02:00 [INF] Route matched with {action = "Index", controller = "TakeQuiz"}. Executing controller action with signature System.Threading.Tasks.Task`1[Microsoft.AspNetCore.Mvc.IActionResult] Index() on controller ITPE3200FAM.Controllers.TakeQuizController (ITPE3200FAM).
2025-10-16 10:06:33.433 +02:00 [INF] Executing ViewResult, running view Index.
2025-10-16 10:06:33.434 +02:00 [INF] Executed ViewResult - view Index executed in 1.3321ms.
2025-10-16 10:06:33.434 +02:00 [INF] Executed action ITPE3200FAM.Controllers.TakeQuizController.Index (ITPE3200FAM) in 3.4494ms
2025-10-16 10:06:33.434 +02:00 [INF] Executed endpoint 'ITPE3200FAM.Controllers.TakeQuizController.Index (ITPE3200FAM)'
2025-10-16 10:06:33.434 +02:00 [INF] Request finished HTTP/1.1 GET http://localhost:5185/TakeQuiz - 200 null text/html; charset=utf-8 4.0058ms
2025-10-16 10:06:35.045 +02:00 [INF] Request starting HTTP/1.1 GET http://localhost:5185/TakeQuiz/Attempts/43 - null null
2025-10-16 10:06:35.046 +02:00 [INF] Executing endpoint 'ITPE3200FAM.Controllers.TakeQuizController.Attempts (ITPE3200FAM)'
2025-10-16 10:06:35.046 +02:00 [INF] Route matched with {action = "Attempts", controller = "TakeQuiz"}. Executing controller action with signature System.Threading.Tasks.Task`1[Microsoft.AspNetCore.Mvc.IActionResult] Attempts(Int32) on controller ITPE3200FAM.Controllers.TakeQuizController (ITPE3200FAM).
2025-10-16 10:06:35.058 +02:00 [INF] Executing ViewResult, running view Attempts.
2025-10-16 10:06:35.059 +02:00 [INF] Executed ViewResult - view Attempts executed in 1.8601ms.
2025-10-16 10:06:35.059 +02:00 [INF] Executed action ITPE3200FAM.Controllers.TakeQuizController.Attempts (ITPE3200FAM) in 13.7836ms
2025-10-16 10:06:35.060 +02:00 [INF] Executed endpoint 'ITPE3200FAM.Controllers.TakeQuizController.Attempts (ITPE3200FAM)'
2025-10-16 10:06:35.060 +02:00 [INF] Request finished HTTP/1.1 GET http://localhost:5185/TakeQuiz/Attempts/43 - 200 null text/html; charset=utf-8 14.4067ms
2025-10-16 10:06:43.791 +02:00 [INF] Request starting HTTP/1.1 GET http://localhost:5185/TakeQuiz - null null
2025-10-16 10:06:43.791 +02:00 [INF] Executing endpoint 'ITPE3200FAM.Controllers.TakeQuizController.Index (ITPE3200FAM)'
2025-10-16 10:06:43.792 +02:00 [INF] Route matched with {action = "Index", controller = "TakeQuiz"}. Executing controller action with signature System.Threading.Tasks.Task`1[Microsoft.AspNetCore.Mvc.IActionResult] Index() on controller ITPE3200FAM.Controllers.TakeQuizController (ITPE3200FAM).
2025-10-16 10:06:43.799 +02:00 [INF] Executing ViewResult, running view Index.
2025-10-16 10:06:43.799 +02:00 [INF] Executed ViewResult - view Index executed in 0.8984ms.
2025-10-16 10:06:43.800 +02:00 [INF] Executed action ITPE3200FAM.Controllers.TakeQuizController.Index (ITPE3200FAM) in 7.9645ms
2025-10-16 10:06:43.800 +02:00 [INF] Executed endpoint 'ITPE3200FAM.Controllers.TakeQuizController.Index (ITPE3200FAM)'
2025-10-16 10:06:43.800 +02:00 [INF] Request finished HTTP/1.1 GET http://localhost:5185/TakeQuiz - 200 null text/html; charset=utf-8 9.0219ms
2025-10-16 10:06:47.685 +02:00 [INF] Request starting HTTP/1.1 GET http://localhost:5185/TakeQuiz/Attempts/22 - null null
2025-10-16 10:06:47.686 +02:00 [INF] Executing endpoint 'ITPE3200FAM.Controllers.TakeQuizController.Attempts (ITPE3200FAM)'
2025-10-16 10:06:47.688 +02:00 [INF] Route matched with {action = "Attempts", controller = "TakeQuiz"}. Executing controller action with signature System.Threading.Tasks.Task`1[Microsoft.AspNetCore.Mvc.IActionResult] Attempts(Int32) on controller ITPE3200FAM.Controllers.TakeQuizController (ITPE3200FAM).
2025-10-16 10:06:47.696 +02:00 [INF] Executing ViewResult, running view Attempts.
2025-10-16 10:06:47.698 +02:00 [INF] Executed ViewResult - view Attempts executed in 2.1032ms.
2025-10-16 10:06:47.698 +02:00 [INF] Executed action ITPE3200FAM.Controllers.TakeQuizController.Attempts (ITPE3200FAM) in 10.1516ms
2025-10-16 10:06:47.699 +02:00 [INF] Executed endpoint 'ITPE3200FAM.Controllers.TakeQuizController.Attempts (ITPE3200FAM)'
2025-10-16 10:06:47.699 +02:00 [INF] Request finished HTTP/1.1 GET http://localhost:5185/TakeQuiz/Attempts/22 - 200 null text/html; charset=utf-8 13.3238ms
2025-10-16 10:06:53.563 +02:00 [INF] Request starting HTTP/1.1 GET http://localhost:5185/TakeQuiz - null null
2025-10-16 10:06:53.564 +02:00 [INF] Executing endpoint 'ITPE3200FAM.Controllers.TakeQuizController.Index (ITPE3200FAM)'
2025-10-16 10:06:53.564 +02:00 [INF] Route matched with {action = "Index", controller = "TakeQuiz"}. Executing controller action with signature System.Threading.Tasks.Task`1[Microsoft.AspNetCore.Mvc.IActionResult] Index() on controller ITPE3200FAM.Controllers.TakeQuizController (ITPE3200FAM).
2025-10-16 10:06:53.566 +02:00 [INF] Executing ViewResult, running view Index.
2025-10-16 10:06:53.568 +02:00 [INF] Executed ViewResult - view Index executed in 1.831ms.
2025-10-16 10:06:53.568 +02:00 [INF] Executed action ITPE3200FAM.Controllers.TakeQuizController.Index (ITPE3200FAM) in 4.3754ms
2025-10-16 10:06:53.568 +02:00 [INF] Executed endpoint 'ITPE3200FAM.Controllers.TakeQuizController.Index (ITPE3200FAM)'
2025-10-16 10:06:53.568 +02:00 [INF] Request finished HTTP/1.1 GET http://localhost:5185/TakeQuiz - 200 null text/html; charset=utf-8 4.8557ms
2025-10-16 10:06:58.660 +02:00 [INF] Request starting HTTP/1.1 GET http://localhost:5185/ - null null
2025-10-16 10:06:58.660 +02:00 [INF] Executing endpoint 'ITPE3200FAM.Controllers.HomeController.Index (ITPE3200FAM)'
2025-10-16 10:06:58.660 +02:00 [INF] Route matched with {action = "Index", controller = "Home"}. Executing controller action with signature Microsoft.AspNetCore.Mvc.IActionResult Index() on controller ITPE3200FAM.Controllers.HomeController (ITPE3200FAM).
2025-10-16 10:06:58.660 +02:00 [INF] Executing ViewResult, running view Index.
2025-10-16 10:06:58.661 +02:00 [INF] Executed ViewResult - view Index executed in 0.7038ms.
2025-10-16 10:06:58.661 +02:00 [INF] Executed action ITPE3200FAM.Controllers.HomeController.Index (ITPE3200FAM) in 0.9075ms
2025-10-16 10:06:58.661 +02:00 [INF] Executed endpoint 'ITPE3200FAM.Controllers.HomeController.Index (ITPE3200FAM)'
2025-10-16 10:06:58.661 +02:00 [INF] Request finished HTTP/1.1 GET http://localhost:5185/ - 200 null text/html; charset=utf-8 1.6078ms
2025-10-17 11:43:17.970 +02:00 [INF] Application is shutting down...
